Running from: /Users/somiljain/Downloads/jenkins/war/target/jenkins.war
webroot: /Users/somiljain/.jenkins/war
2026-01-14 19:38:46.797+0000 [id=1]	INFO	winstone.Logger#logInternal: Beginning extraction from war file
2026-01-14 19:38:47.276+0000 [id=1]	WARNING	o.e.j.ee9.nested.ContextHandler#setContextPath: Empty contextPath
2026-01-14 19:38:47.301+0000 [id=1]	INFO	org.eclipse.jetty.server.Server#doStart: jetty-12.1.5; built: 2025-12-03T22:18:24.732Z; git: 4905d09d7b6801e792d7b73946cf7b66e4be25d6; jvm 21.0.2+13-LTS
2026-01-14 19:38:47.478+0000 [id=1]	INFO	o.e.j.e.w.StandardDescriptorProcessor#visitServlet: NO JSP Support for /, did not find org.eclipse.jetty.ee9.jsp.JettyJspServlet
2026-01-14 19:38:47.502+0000 [id=1]	INFO	o.e.j.s.DefaultSessionIdManager#doStart: Session workerName=node0
2026-01-14 19:38:47.654+0000 [id=1]	INFO	hudson.WebAppMain#contextInitialized: Jenkins home directory: /Users/somiljain/.jenkins found at: $user.home/.jenkins
2026-01-14 19:38:47.950+0000 [id=1]	INFO	o.e.j.s.handler.ContextHandler#doStart: Started oeje9n.ContextHandler$CoreContextHandler@1c758545{Jenkins v2.547-SNAPSHOT,/,b=file:///Users/somiljain/.jenkins/war/,a=AVAILABLE,h=oeje9n.ContextHandler$CoreContextHandler$CoreToNestedHandler@117bcfdc{STARTED}}
2026-01-14 19:38:47.959+0000 [id=1]	INFO	o.e.j.server.AbstractConnector#doStart: Started oejs.ServerConnector@61e7bf2f{HTTP/1.1, (http/1.1)}{0.0.0.0:9090}
2026-01-14 19:38:47.959+0000 [id=1]	INFO	org.eclipse.jetty.server.Server#doStart: Started oejs.Server@25e49cb2{STARTING}[12.1.5,sto=0] @659ms
2026-01-14 19:38:47.959+0000 [id=42]	INFO	winstone.Logger#logInternal: Winstone Servlet Engine running: controlPort=disabled
2026-01-14 19:38:47.996+0000 [id=41]	INFO	jenkins.model.Jenkins#<init>: Starting version 2.547-SNAPSHOT
2026-01-14 19:38:48.023+0000 [id=47]	INFO	hudson.PluginManager#loadDetachedPlugins: Upgrading Jenkins. The last running version was 2.546-SNAPSHOT. This Jenkins is version 2.547-SNAPSHOT.
2026-01-14 19:38:48.025+0000 [id=48]	INFO	jenkins.InitReactorRunner$1#onAttained: Started initialization
2026-01-14 19:38:48.038+0000 [id=47]	INFO	hudson.PluginManager#loadDetachedPlugins: Upgraded Jenkins from version 2.546-SNAPSHOT to version 2.547-SNAPSHOT. Loaded detached plugins (and dependencies): []
2026-01-14 19:38:48.104+0000 [id=58]	INFO	jenkins.InitReactorRunner$1#onAttained: Listed all plugins
2026-01-14 19:38:49.154+0000 [id=64]	INFO	jenkins.InitReactorRunner$1#onAttained: Prepared all plugins
2026-01-14 19:38:49.159+0000 [id=49]	INFO	jenkins.InitReactorRunner$1#onAttained: Started all plugins
2026-01-14 19:38:49.159+0000 [id=56]	INFO	jenkins.InitReactorRunner$1#onAttained: Augmented all extensions
2026-01-14 19:38:49.244+0000 [id=54]	INFO	h.p.b.g.GlobalTimeOutConfiguration#load: global timeout not set
2026-01-14 19:38:49.543+0000 [id=60]	INFO	jenkins.InitReactorRunner$1#onAttained: System config loaded
2026-01-14 19:38:49.543+0000 [id=52]	INFO	jenkins.InitReactorRunner$1#onAttained: System config adapted
2026-01-14 19:38:49.568+0000 [id=57]	INFO	jenkins.InitReactorRunner$1#onAttained: Loaded all jobs
2026-01-14 19:38:49.571+0000 [id=53]	INFO	jenkins.InitReactorRunner$1#onAttained: Configuration for all jobs updated
2026-01-14 19:38:49.575+0000 [id=80]	INFO	hudson.util.Retrier#start: Attempt #1 to do the action check updates server
2026-01-14 19:38:49.586+0000 [id=53]	INFO	jenkins.InitReactorRunner$1#onAttained: Completed initialization
2026-01-14 19:38:49.606+0000 [id=41]	INFO	hudson.lifecycle.Lifecycle#onReady: Jenkins is fully up and running
2026-01-14 19:38:50.587+0000 [id=69]	WARNING	hudson.model.UpdateCenter#updateAllSitesNow: Failed to update the update site 'default'. Plugin upgrades may fail.
sun.security.provider.certpath.SunCertPathBuilderException: unable to find valid certification path to requested target
	at java.base/sun.security.provider.certpath.SunCertPathBuilder.build(SunCertPathBuilder.java:148)
	at java.base/sun.security.provider.certpath.SunCertPathBuilder.engineBuild(SunCertPathBuilder.java:129)
	at java.base/java.security.cert.CertPathBuilder.build(CertPathBuilder.java:297)
	at java.base/sun.security.validator.PKIXValidator.doBuild(PKIXValidator.java:383)
Caused: sun.security.validator.ValidatorException: PKIX path building failed
	at java.base/sun.security.validator.PKIXValidator.doBuild(PKIXValidator.java:388)
	at java.base/sun.security.validator.PKIXValidator.engineValidate(PKIXValidator.java:271)
	at java.base/sun.security.validator.Validator.validate(Validator.java:256)
	at java.base/sun.security.ssl.X509TrustManagerImpl.checkTrusted(X509TrustManagerImpl.java:230)
	at java.base/sun.security.ssl.X509TrustManagerImpl.checkServerTrusted(X509TrustManagerImpl.java:132)
	at java.base/sun.security.ssl.CertificateMessage$T13CertificateConsumer.checkServerCerts(CertificateMessage.java:1302)
Caused: javax.net.ssl.SSLHandshakeException: PKIX path building failed: sun.security.provider.certpath.SunCertPathBuilderException: unable to find valid certification path to requested target
	at java.base/sun.security.ssl.Alert.createSSLException(Alert.java:130)
	at java.base/sun.security.ssl.TransportContext.fatal(TransportContext.java:378)
	at java.base/sun.security.ssl.TransportContext.fatal(TransportContext.java:321)
	at java.base/sun.security.ssl.TransportContext.fatal(TransportContext.java:316)
	at java.base/sun.security.ssl.CertificateMessage$T13CertificateConsumer.checkServerCerts(CertificateMessage.java:1318)
	at java.base/sun.security.ssl.CertificateMessage$T13CertificateConsumer.onConsumeCertificate(CertificateMessage.java:1195)
	at java.base/sun.security.ssl.CertificateMessage$T13CertificateConsumer.consume(CertificateMessage.java:1138)
	at java.base/sun.security.ssl.SSLHandshake.consume(SSLHandshake.java:393)
	at java.base/sun.security.ssl.HandshakeContext.dispatch(HandshakeContext.java:476)
	at java.base/sun.security.ssl.HandshakeContext.dispatch(HandshakeContext.java:447)
	at java.base/sun.security.ssl.TransportContext.dispatch(TransportContext.java:201)
	at java.base/sun.security.ssl.SSLTransport.decode(SSLTransport.java:172)
	at java.base/sun.security.ssl.SSLSocketImpl.decode(SSLSocketImpl.java:1506)
	at java.base/sun.security.ssl.SSLSocketImpl.readHandshakeRecord(SSLSocketImpl.java:1421)
	at java.base/sun.security.ssl.SSLSocketImpl.startHandshake(SSLSocketImpl.java:455)
	at java.base/sun.security.ssl.SSLSocketImpl.startHandshake(SSLSocketImpl.java:426)
	at java.base/sun.net.www.protocol.https.HttpsClient.afterConnect(HttpsClient.java:586)
	at java.base/sun.net.www.protocol.https.AbstractDelegateHttpsURLConnection.connect(AbstractDelegateHttpsURLConnection.java:187)
	at java.base/sun.net.www.protocol.http.HttpURLConnection.getInputStream0(HttpURLConnection.java:1675)
	at java.base/sun.net.www.protocol.http.HttpURLConnection.getInputStream(HttpURLConnection.java:1599)
	at java.base/sun.net.www.protocol.https.HttpsURLConnectionImpl.getInputStream(HttpsURLConnectionImpl.java:223)
	at hudson.model.DownloadService.loadJSON(DownloadService.java:122)
	at hudson.model.UpdateSite.updateDirectlyNow(UpdateSite.java:240)
	at hudson.model.UpdateSite.updateDirectlyNow(UpdateSite.java:235)
	at hudson.model.UpdateCenter.updateAllSitesNow(UpdateCenter.java:2887)
	at jenkins.security.ImpersonatingScheduledExecutorService$1.run(ImpersonatingScheduledExecutorService.java:67)
	at java.base/java.util.concurrent.Executors$RunnableAdapter.call(Executors.java:572)
	at java.base/java.util.concurrent.FutureTask.run(FutureTask.java:317)
	at java.base/java.util.concurrent.ScheduledThreadPoolExecutor$ScheduledFutureTask.run(ScheduledThreadPoolExecutor.java:304)
	at java.base/java.util.concurrent.ThreadPoolExecutor.runWorker(ThreadPoolExecutor.java:1144)
	at java.base/java.util.concurrent.ThreadPoolExecutor$Worker.run(ThreadPoolExecutor.java:642)
	at java.base/java.lang.Thread.run(Thread.java:1583)
2026-01-14 19:38:50.587+0000 [id=80]	INFO	hudson.util.Retrier#start: The attempt #1 to do the action check updates server failed with an allowed exception:
sun.security.provider.certpath.SunCertPathBuilderException: unable to find valid certification path to requested target
	at java.base/sun.security.provider.certpath.SunCertPathBuilder.build(SunCertPathBuilder.java:148)
	at java.base/sun.security.provider.certpath.SunCertPathBuilder.engineBuild(SunCertPathBuilder.java:129)
	at java.base/java.security.cert.CertPathBuilder.build(CertPathBuilder.java:297)
	at java.base/sun.security.validator.PKIXValidator.doBuild(PKIXValidator.java:383)
Caused: sun.security.validator.ValidatorException: PKIX path building failed
	at java.base/sun.security.validator.PKIXValidator.doBuild(PKIXValidator.java:388)
	at java.base/sun.security.validator.PKIXValidator.engineValidate(PKIXValidator.java:271)
	at java.base/sun.security.validator.Validator.validate(Validator.java:256)
	at java.base/sun.security.ssl.X509TrustManagerImpl.checkTrusted(X509TrustManagerImpl.java:230)
	at java.base/sun.security.ssl.X509TrustManagerImpl.checkServerTrusted(X509TrustManagerImpl.java:132)
	at java.base/sun.security.ssl.CertificateMessage$T13CertificateConsumer.checkServerCerts(CertificateMessage.java:1302)
Caused: javax.net.ssl.SSLHandshakeException: PKIX path building failed: sun.security.provider.certpath.SunCertPathBuilderException: unable to find valid certification path to requested target
	at java.base/sun.security.ssl.Alert.createSSLException(Alert.java:130)
	at java.base/sun.security.ssl.TransportContext.fatal(TransportContext.java:378)
	at java.base/sun.security.ssl.TransportContext.fatal(TransportContext.java:321)
	at java.base/sun.security.ssl.TransportContext.fatal(TransportContext.java:316)
	at java.base/sun.security.ssl.CertificateMessage$T13CertificateConsumer.checkServerCerts(CertificateMessage.java:1318)
	at java.base/sun.security.ssl.CertificateMessage$T13CertificateConsumer.onConsumeCertificate(CertificateMessage.java:1195)
	at java.base/sun.security.ssl.CertificateMessage$T13CertificateConsumer.consume(CertificateMessage.java:1138)
	at java.base/sun.security.ssl.SSLHandshake.consume(SSLHandshake.java:393)
	at java.base/sun.security.ssl.HandshakeContext.dispatch(HandshakeContext.java:476)
	at java.base/sun.security.ssl.HandshakeContext.dispatch(HandshakeContext.java:447)
	at java.base/sun.security.ssl.TransportContext.dispatch(TransportContext.java:201)
	at java.base/sun.security.ssl.SSLTransport.decode(SSLTransport.java:172)
	at java.base/sun.security.ssl.SSLSocketImpl.decode(SSLSocketImpl.java:1506)
	at java.base/sun.security.ssl.SSLSocketImpl.readHandshakeRecord(SSLSocketImpl.java:1421)
	at java.base/sun.security.ssl.SSLSocketImpl.startHandshake(SSLSocketImpl.java:455)
	at java.base/sun.security.ssl.SSLSocketImpl.startHandshake(SSLSocketImpl.java:426)
	at java.base/sun.net.www.protocol.https.HttpsClient.afterConnect(HttpsClient.java:586)
	at java.base/sun.net.www.protocol.https.AbstractDelegateHttpsURLConnection.connect(AbstractDelegateHttpsURLConnection.java:187)
	at java.base/sun.net.www.protocol.http.HttpURLConnection.getInputStream0(HttpURLConnection.java:1675)
	at java.base/sun.net.www.protocol.http.HttpURLConnection.getInputStream(HttpURLConnection.java:1599)
	at java.base/sun.net.www.protocol.https.HttpsURLConnectionImpl.getInputStream(HttpsURLConnectionImpl.java:223)
	at hudson.model.DownloadService.loadJSON(DownloadService.java:122)
	at hudson.model.UpdateSite.updateDirectlyNow(UpdateSite.java:240)
	at hudson.model.UpdateSite.updateDirectlyNow(UpdateSite.java:235)
	at hudson.PluginManager.checkUpdatesServer(PluginManager.java:2177)
	at hudson.util.Retrier.start(Retrier.java:62)
	at hudson.PluginManager.doCheckUpdatesServer(PluginManager.java:2148)
	at jenkins.DailyCheck.execute(DailyCheck.java:93)
	at hudson.model.AsyncPeriodicWork.lambda$doRun$0(AsyncPeriodicWork.java:110)
	at java.base/java.lang.Thread.run(Thread.java:1583)
2026-01-14 19:38:50.588+0000 [id=80]	INFO	hudson.util.Retrier#start: Calling the listener of the allowed exception 'PKIX path building failed: sun.security.provider.certpath.SunCertPathBuilderException: unable to find valid certification path to requested target' at the attempt #1 to do the action check updates server
2026-01-14 19:38:50.589+0000 [id=80]	INFO	hudson.util.Retrier#start: Attempted the action check updates server for 1 time(s) with no success
2026-01-14 19:38:50.589+0000 [id=80]	SEVERE	hudson.PluginManager#doCheckUpdatesServer: Error checking update sites for 1 attempt(s). Last exception was: SSLHandshakeException: PKIX path building failed: sun.security.provider.certpath.SunCertPathBuilderException: unable to find valid certification path to requested target
