#
# There is insufficient memory for the Java Runtime Environment to continue.
# Native memory allocation (mmap) failed to map 75497472 bytes for committing reserved memory.
# Possible reasons:
#   The system is out of physical RAM or swap space
#   In 32 bit mode, the process size limit was hit
# Possible solutions:
#   Reduce memory load on the system
#   Increase physical memory or swap space
#   Check if swap backing store is full
#   Use 64 bit Java on a 64 bit OS
#   Decrease Java heap size (-Xmx/-Xms)
#   Decrease number of Java threads
#   Decrease Java thread stack sizes (-Xss)
#   Set larger code cache with -XX:ReservedCodeCacheSize=
# This output file may be truncated or incomplete.
#
#  Out of Memory Error (os_linux.cpp:2627), pid=9245, tid=139901918439168
#
# JRE version: Java(TM) SE Runtime Environment (8.0_91-b14) (build 1.8.0_91-b14)
# Java VM: Java HotSpot(TM) 64-Bit Server VM (25.91-b14 mixed mode linux-amd64 compressed oops)
# Failed to write core dump. Core dumps have been disabled. To enable core dumping, try "ulimit -c unlimited" before starting Java again
#

---------------  T H R E A D  ---------------

Current thread (0x00007f3d84077800):  VMThread [stack: 0x00007f3d7416e000,0x00007f3d7426f000] [id=9275]

Stack: [0x00007f3d7416e000,0x00007f3d7426f000],  sp=0x00007f3d7426d320,  free space=1020k
Native frames: (J=compiled Java code, j=interpreted, Vv=VM code, C=native code)
V  [libjvm.so+0xabc18a]  VMError::report_and_die()+0x2ba
V  [libjvm.so+0x4fafeb]  report_vm_out_of_memory(char const*, int, unsigned long, VMErrorType, char const*)+0x8b
V  [libjvm.so+0x91cbb3]  os::Linux::commit_memory_impl(char*, unsigned long, bool)+0x103
V  [libjvm.so+0x91d109]  os::pd_commit_memory(char*, unsigned long, unsigned long, bool)+0x29
V  [libjvm.so+0x91740a]  os::commit_memory(char*, unsigned long, unsigned long, bool)+0x2a
V  [libjvm.so+0x98b033]  PSVirtualSpace::expand_by(unsigned long)+0x53
V  [libjvm.so+0x97b920]  PSOldGen::expand(unsigned long)+0x170
V  [libjvm.so+0x97bb2b]  PSOldGen::resize(unsigned long)+0x1cb
V  [libjvm.so+0x983801]  PSParallelCompact::invoke_no_policy(bool)+0x991
V  [libjvm.so+0x98915d]  PSScavenge::invoke()+0x1ad
V  [libjvm.so+0x9408b0]  ParallelScavengeHeap::failed_mem_allocate(unsigned long)+0x70
V  [libjvm.so+0xabdba7]  VM_ParallelGCFailedAllocation::doit()+0x97
V  [libjvm.so+0xac55d5]  VM_Operation::evaluate()+0x55
V  [libjvm.so+0xac39aa]  VMThread::evaluate_operation(VM_Operation*)+0xba
V  [libjvm.so+0xac3d2e]  VMThread::loop()+0x1ce
V  [libjvm.so+0xac41a0]  VMThread::run()+0x70
V  [libjvm.so+0x91ef78]  java_start(Thread*)+0x108

VM_Operation (0x00007f3d8c7fef50): ParallelGCFailedAllocation, mode: safepoint, requested by thread 0x00007f3d8400a000


---------------  P R O C E S S  ---------------

Java Threads: ( => current thread )
  0x00007f3d840c9800 JavaThread "Service Thread" daemon [_thread_blocked, id=9282, stack(0x00007f3d6d73b000,0x00007f3d6d83c000)]
  0x00007f3d840be000 JavaThread "C1 CompilerThread2" daemon [_thread_blocked, id=9281, stack(0x00007f3d6d83c000,0x00007f3d6d93d000)]
  0x00007f3d840bc800 JavaThread "C2 CompilerThread1" daemon [_thread_blocked, id=9280, stack(0x00007f3d6d93d000,0x00007f3d6da3e000)]
  0x00007f3d840b9800 JavaThread "C2 CompilerThread0" daemon [_thread_blocked, id=9279, stack(0x00007f3d6da3e000,0x00007f3d6db3f000)]
  0x00007f3d840b8000 JavaThread "Signal Dispatcher" daemon [_thread_blocked, id=9278, stack(0x00007f3d6db3f000,0x00007f3d6dc40000)]
  0x00007f3d84084000 JavaThread "Finalizer" daemon [_thread_blocked, id=9277, stack(0x00007f3d6e5ff000,0x00007f3d6e700000)]
  0x00007f3d8407f800 JavaThread "Reference Handler" daemon [_thread_blocked, id=9276, stack(0x00007f3d7406d000,0x00007f3d7416e000)]
  0x00007f3d8400a000 JavaThread "main" [_thread_blocked, id=9270, stack(0x00007f3d8c701000,0x00007f3d8c802000)]

Other Threads:
=>0x00007f3d84077800 VMThread [stack: 0x00007f3d7416e000,0x00007f3d7426f000] [id=9275]
  0x00007f3d840cc000 WatcherThread [stack: 0x00007f3d6d63a000,0x00007f3d6d73b000] [id=9283]

VM state:at safepoint (normal execution)

VM Mutex/Monitor currently owned by a thread:  ([mutex/lock_event])
[0x00007f3d84005b20] ExpandHeap_lock - owner thread: 0x00007f3d84077800
[0x00007f3d840061a0] Threads_lock - owner thread: 0x00007f3d84077800
[0x00007f3d840066a0] Heap_lock - owner thread: 0x00007f3d8400a000

Heap:
 PSYoungGen      total 182784K, used 6307K [0x00000000ef580000, 0x0000000100000000, 0x0000000100000000)
  eden space 168448K, 0% used [0x00000000ef580000,0x00000000ef580000,0x00000000f9a00000)
  from space 14336K, 43% used [0x00000000ff200000,0x00000000ff828ee8,0x0000000100000000)
  to   space 52224K, 0% used [0x00000000f9a00000,0x00000000f9a00000,0x00000000fcd00000)
 ParOldGen       total 119296K, used 119295K [0x00000000ce000000, 0x00000000d5480000, 0x00000000ef580000)
  object space 119296K, 99% used [0x00000000ce000000,0x00000000d547ffa0,0x00000000d5480000)
 Metaspace       used 23244K, capacity 23772K, committed 23936K, reserved 1071104K
  class space    used 2678K, capacity 2829K, committed 2944K, reserved 1048576K

Card table byte_map: [0x00007f3d89323000,0x00007f3d894b4000] byte_map_base: 0x00007f3d88cb3000

Marking Bits: (ParMarkBitMap*) 0x00007f3d8bbd1d60
 Begin Bits: [0x00007f3d6e700000, 0x00007f3d6f380000)
 End Bits:   [0x00007f3d6f380000, 0x00007f3d70000000)

Polling page: 0x00007f3d8c820000

CodeCache: size=245760Kb used=16032Kb max_used=16045Kb free=229727Kb
 bounds [0x00007f3d75000000, 0x00007f3d75fc0000, 0x00007f3d84000000]
 total_blobs=4810 nmethods=4441 adapters=281
 compilation: enabled

Compilation events (10 events):
Event: 19,619 Thread 0x00007f3d840be000 nmethod 4892 0x00007f3d75fb4bd0 code [0x00007f3d75fb4d40, 0x00007f3d75fb4ea8]
Event: 19,629 Thread 0x00007f3d840be000 4898       3       java.security.Provider::ensureLegacyParsed (123 bytes)
Event: 19,630 Thread 0x00007f3d840be000 nmethod 4898 0x00007f3d75fb3790 code [0x00007f3d75fb39e0, 0x00007f3d75fb4788]
Event: 19,630 Thread 0x00007f3d840be000 4899  s    3       java.security.Provider::getService (92 bytes)
Event: 19,632 Thread 0x00007f3d840be000 nmethod 4899 0x00007f3d75fb85d0 code [0x00007f3d75fb87e0, 0x00007f3d75fb9388]
Event: 19,632 Thread 0x00007f3d840b9800 nmethod 4880 0x00007f3d75fb97d0 code [0x00007f3d75fb9940, 0x00007f3d75fb9d88]
Event: 19,632 Thread 0x00007f3d840b9800 4897       4       java.util.regex.Pattern$Begin::match (62 bytes)
Event: 19,636 Thread 0x00007f3d840b9800 nmethod 4897 0x00007f3d75fb3390 code [0x00007f3d75fb34e0, 0x00007f3d75fb3638]
Event: 19,636 Thread 0x00007f3d840b9800 4900       4       org.apache.maven.plugins.enforcer.AbstractResolveDependencies$IgnorableDependency::matches (47 bytes)
Event: 19,667 Thread 0x00007f3d840b9800 nmethod 4900 0x00007f3d75fb7410 code [0x00007f3d75fb75c0, 0x00007f3d75fb7cf8]

GC Heap History (10 events):
Event: 5,266 GC heap after
Heap after GC invocations=7 (full 0):
 PSYoungGen      total 133120K, used 11760K [0x00000000ef580000, 0x0000000100000000, 0x0000000100000000)
  eden space 121344K, 0% used [0x00000000ef580000,0x00000000ef580000,0x00000000f6c00000)
  from space 11776K, 99% used [0x00000000f6c00000,0x00000000f777c020,0x00000000f7780000)
  to   space 15360K, 0% used [0x00000000ff100000,0x00000000ff100000,0x0000000100000000)
 ParOldGen       total 40960K, used 18093K [0x00000000ce000000, 0x00000000d0800000, 0x00000000ef580000)
  object space 40960K, 44% used [0x00000000ce000000,0x00000000cf1ab5d0,0x00000000d0800000)
 Metaspace       used 20830K, capacity 21194K, committed 21296K, reserved 1069056K
  class space    used 2514K, capacity 2647K, committed 2688K, reserved 1048576K
}
Event: 5,266 GC heap before
{Heap before GC invocations=8 (full 1):
 PSYoungGen      total 133120K, used 11760K [0x00000000ef580000, 0x0000000100000000, 0x0000000100000000)
  eden space 121344K, 0% used [0x00000000ef580000,0x00000000ef580000,0x00000000f6c00000)
  from space 11776K, 99% used [0x00000000f6c00000,0x00000000f777c020,0x00000000f7780000)
  to   space 15360K, 0% used [0x00000000ff100000,0x00000000ff100000,0x0000000100000000)
 ParOldGen       total 40960K, used 18093K [0x00000000ce000000, 0x00000000d0800000, 0x00000000ef580000)
  object space 40960K, 44% used [0x00000000ce000000,0x00000000cf1ab5d0,0x00000000d0800000)
 Metaspace       used 20830K, capacity 21194K, committed 21296K, reserved 1069056K
  class space    used 2514K, capacity 2647K, committed 2688K, reserved 1048576K
Event: 5,362 GC heap after
Heap after GC invocations=8 (full 1):
 PSYoungGen      total 133120K, used 0K [0x00000000ef580000, 0x0000000100000000, 0x0000000100000000)
  eden space 121344K, 0% used [0x00000000ef580000,0x00000000ef580000,0x00000000f6c00000)
  from space 11776K, 0% used [0x00000000f6c00000,0x00000000f6c00000,0x00000000f7780000)
  to   space 15360K, 0% used [0x00000000ff100000,0x00000000ff100000,0x0000000100000000)
 ParOldGen       total 50176K, used 21162K [0x00000000ce000000, 0x00000000d1100000, 0x00000000ef580000)
  object space 50176K, 42% used [0x00000000ce000000,0x00000000cf4aaa40,0x00000000d1100000)
 Metaspace       used 20830K, capacity 21194K, committed 21296K, reserved 1069056K
  class space    used 2514K, capacity 2647K, committed 2688K, reserved 1048576K
}
Event: 14,621 GC heap before
{Heap before GC invocations=9 (full 1):
 PSYoungGen      total 133120K, used 121344K [0x00000000ef580000, 0x0000000100000000, 0x0000000100000000)
  eden space 121344K, 100% used [0x00000000ef580000,0x00000000f6c00000,0x00000000f6c00000)
  from space 11776K, 0% used [0x00000000f6c00000,0x00000000f6c00000,0x00000000f7780000)
  to   space 15360K, 0% used [0x00000000ff100000,0x00000000ff100000,0x0000000100000000)
 ParOldGen       total 50176K, used 21162K [0x00000000ce000000, 0x00000000d1100000, 0x00000000ef580000)
  object space 50176K, 42% used [0x00000000ce000000,0x00000000cf4aaa40,0x00000000d1100000)
 Metaspace       used 22637K, capacity 23134K, committed 23216K, reserved 1069056K
  class space    used 2664K, capacity 2792K, committed 2816K, reserved 1048576K
Event: 14,673 GC heap after
Heap after GC invocations=9 (full 1):
 PSYoungGen      total 196608K, used 6812K [0x00000000ef580000, 0x00000000ff800000, 0x0000000100000000)
  eden space 189440K, 0% used [0x00000000ef580000,0x00000000ef580000,0x00000000fae80000)
  from space 7168K, 95% used [0x00000000ff100000,0x00000000ff7a72f0,0x00000000ff800000)
  to   space 14848K, 0% used [0x00000000fdb00000,0x00000000fdb00000,0x00000000fe980000)
 ParOldGen       total 50176K, used 21170K [0x00000000ce000000, 0x00000000d1100000, 0x00000000ef580000)
  object space 50176K, 42% used [0x00000000ce000000,0x00000000cf4aca40,0x00000000d1100000)
 Metaspace       used 22637K, capacity 23134K, committed 23216K, reserved 1069056K
  class space    used 2664K, capacity 2792K, committed 2816K, reserved 1048576K
}
Event: 16,675 GC heap before
{Heap before GC invocations=10 (full 1):
 PSYoungGen      total 196608K, used 196252K [0x00000000ef580000, 0x00000000ff800000, 0x0000000100000000)
  eden space 189440K, 100% used [0x00000000ef580000,0x00000000fae80000,0x00000000fae80000)
  from space 7168K, 95% used [0x00000000ff100000,0x00000000ff7a72f0,0x00000000ff800000)
  to   space 14848K, 0% used [0x00000000fdb00000,0x00000000fdb00000,0x00000000fe980000)
 ParOldGen       total 50176K, used 21170K [0x00000000ce000000, 0x00000000d1100000, 0x00000000ef580000)
  object space 50176K, 42% used [0x00000000ce000000,0x00000000cf4aca40,0x00000000d1100000)
 Metaspace       used 23000K, capacity 23524K, committed 23552K, reserved 1071104K
  class space    used 2665K, capacity 2793K, committed 2816K, reserved 1048576K
Event: 16,700 GC heap after
Heap after GC invocations=10 (full 1):
 PSYoungGen      total 249856K, used 6404K [0x00000000ef580000, 0x0000000100000000, 0x0000000100000000)
  eden space 235008K, 0% used [0x00000000ef580000,0x00000000ef580000,0x00000000fdb00000)
  from space 14848K, 43% used [0x00000000fdb00000,0x00000000fe141020,0x00000000fe980000)
  to   space 14336K, 0% used [0x00000000ff200000,0x00000000ff200000,0x0000000100000000)
 ParOldGen       total 50176K, used 21170K [0x00000000ce000000, 0x00000000d1100000, 0x00000000ef580000)
  object space 50176K, 42% used [0x00000000ce000000,0x00000000cf4aca40,0x00000000d1100000)
 Metaspace       used 23000K, capacity 23524K, committed 23552K, reserved 1071104K
  class space    used 2665K, capacity 2793K, committed 2816K, reserved 1048576K
}
Event: 19,791 GC heap before
{Heap before GC invocations=11 (full 1):
 PSYoungGen      total 249856K, used 241412K [0x00000000ef580000, 0x0000000100000000, 0x0000000100000000)
  eden space 235008K, 100% used [0x00000000ef580000,0x00000000fdb00000,0x00000000fdb00000)
  from space 14848K, 43% used [0x00000000fdb00000,0x00000000fe141020,0x00000000fe980000)
  to   space 14336K, 0% used [0x00000000ff200000,0x00000000ff200000,0x0000000100000000)
 ParOldGen       total 50176K, used 21170K [0x00000000ce000000, 0x00000000d1100000, 0x00000000ef580000)
  object space 50176K, 42% used [0x00000000ce000000,0x00000000cf4aca40,0x00000000d1100000)
 Metaspace       used 23244K, capacity 23772K, committed 23936K, reserved 1071104K
  class space    used 2678K, capacity 2829K, committed 2944K, reserved 1048576K
Event: 20,021 GC heap after
Heap after GC invocations=11 (full 1):
 PSYoungGen      total 182784K, used 14329K [0x00000000ef580000, 0x0000000100000000, 0x0000000100000000)
  eden space 168448K, 0% used [0x00000000ef580000,0x00000000ef580000,0x00000000f9a00000)
  from space 14336K, 99% used [0x00000000ff200000,0x00000000ffffe798,0x0000000100000000)
  to   space 52224K, 0% used [0x00000000f9a00000,0x00000000f9a00000,0x00000000fcd00000)
 ParOldGen       total 119296K, used 119098K [0x00000000ce000000, 0x00000000d5480000, 0x00000000ef580000)
  object space 119296K, 99% used [0x00000000ce000000,0x00000000d544e8c0,0x00000000d5480000)
 Metaspace       used 23244K, capacity 23772K, committed 23936K, reserved 1071104K
  class space    used 2678K, capacity 2829K, committed 2944K, reserved 1048576K
}
Event: 20,022 GC heap before
{Heap before GC invocations=12 (full 2):
 PSYoungGen      total 182784K, used 14329K [0x00000000ef580000, 0x0000000100000000, 0x0000000100000000)
  eden space 168448K, 0% used [0x00000000ef580000,0x00000000ef580000,0x00000000f9a00000)
  from space 14336K, 99% used [0x00000000ff200000,0x00000000ffffe798,0x0000000100000000)
  to   space 52224K, 0% used [0x00000000f9a00000,0x00000000f9a00000,0x00000000fcd00000)
 ParOldGen       total 119296K, used 119098K [0x00000000ce000000, 0x00000000d5480000, 0x00000000ef580000)
  object space 119296K, 99% used [0x00000000ce000000,0x00000000d544e8c0,0x00000000d5480000)
 Metaspace       used 23244K, capacity 23772K, committed 23936K, reserved 1071104K
  class space    used 2678K, capacity 2829K, committed 2944K, reserved 1048576K

Deoptimization events (10 events):
Event: 17,395 Thread 0x00007f3d8400a000 Uncommon trap: reason=unstable_if action=reinterpret pc=0x00007f3d75993b80 method=java.util.jar.Manifest$FastInputStream.readLine([BII)I @ 87
Event: 17,424 Thread 0x00007f3d8400a000 Uncommon trap: reason=unstable_if action=reinterpret pc=0x00007f3d755d3624 method=java.util.LinkedHashMap.get(Ljava/lang/Object;)Ljava/lang/Object; @ 20
Event: 17,427 Thread 0x00007f3d8400a000 Uncommon trap: reason=bimorphic action=maybe_recompile pc=0x00007f3d75a5dc34 method=java.util.Hashtable.get(Ljava/lang/Object;)Ljava/lang/Object; @ 6
Event: 17,478 Thread 0x00007f3d8400a000 Uncommon trap: reason=bimorphic action=maybe_recompile pc=0x00007f3d75a5dc34 method=java.util.Hashtable.get(Ljava/lang/Object;)Ljava/lang/Object; @ 6
Event: 17,482 Thread 0x00007f3d8400a000 Uncommon trap: reason=bimorphic action=maybe_recompile pc=0x00007f3d75a5dc34 method=java.util.Hashtable.get(Ljava/lang/Object;)Ljava/lang/Object; @ 6
Event: 17,483 Thread 0x00007f3d8400a000 Uncommon trap: reason=bimorphic action=maybe_recompile pc=0x00007f3d75a5dc34 method=java.util.Hashtable.get(Ljava/lang/Object;)Ljava/lang/Object; @ 6
Event: 18,632 Thread 0x00007f3d8400a000 Uncommon trap: reason=unstable_if action=reinterpret pc=0x00007f3d75f45d64 method=java.util.jar.JarFile.maybeInstantiateVerifier()V @ 21
Event: 18,710 Thread 0x00007f3d8400a000 Uncommon trap: reason=unstable_if action=reinterpret pc=0x00007f3d75f3fc28 method=java.util.regex.Pattern$Begin.match(Ljava/util/regex/Matcher;ILjava/lang/CharSequence;)Z @ 33
Event: 18,710 Thread 0x00007f3d8400a000 Uncommon trap: reason=unstable_if action=reinterpret pc=0x00007f3d75f5e47c method=org.apache.maven.plugins.enforcer.AbstractResolveDependencies$IgnorableDependency.matches(Ljava/lang/String;)Z @ 37
Event: 19,478 Thread 0x00007f3d8400a000 Uncommon trap: reason=unloaded action=reinterpret pc=0x00007f3d75f42e20 method=java.util.zip.ZipEntry.setExtra0([BZ)V @ 37

Internal exceptions (10 events):
Event: 12,034 Thread 0x00007f3d8400a000 Exception <a 'java/lang/NullPointerException'> (0x00000000f06f2150) thrown at [/HUDSON/workspace/8-2-build-linux-amd64/jdk8u91/6644/hotspot/src/share/vm/interpreter/linkResolver.cpp, line 1178]
Event: 12,034 Thread 0x00007f3d8400a000 Exception <a 'java/lang/NullPointerException'> (0x00000000f06f2bd0) thrown at [/HUDSON/workspace/8-2-build-linux-amd64/jdk8u91/6644/hotspot/src/share/vm/interpreter/linkResolver.cpp, line 1178]
Event: 12,034 Thread 0x00007f3d8400a000 Exception <a 'java/lang/NullPointerException'> (0x00000000f06f2fd0) thrown at [/HUDSON/workspace/8-2-build-linux-amd64/jdk8u91/6644/hotspot/src/share/vm/interpreter/linkResolver.cpp, line 1178]
Event: 12,034 Thread 0x00007f3d8400a000 Exception <a 'java/lang/NullPointerException'> (0x00000000f06f33d0) thrown at [/HUDSON/workspace/8-2-build-linux-amd64/jdk8u91/6644/hotspot/src/share/vm/interpreter/linkResolver.cpp, line 1178]
Event: 12,039 Thread 0x00007f3d8400a000 Exception <a 'java/net/SocketTimeoutException': Read timed out> (0x00000000f06fcd68) thrown at [/HUDSON/workspace/8-2-build-linux-amd64/jdk8u91/6644/hotspot/src/share/vm/prims/jni.cpp, line 735]
Event: 14,381 Thread 0x00007f3d8400a000 Exception <a 'java/lang/NoClassDefFoundError': org/sonatype/aether/graph/DependencyNode> (0x00000000f60103f8) thrown at [/HUDSON/workspace/8-2-build-linux-amd64/jdk8u91/6644/hotspot/src/share/vm/classfile/systemDictionary.cpp, line 199]
Event: 14,518 Thread 0x00007f3d8400a000 Implicit null exception at 0x00007f3d752c63b5 to 0x00007f3d752c672d
Event: 14,524 Thread 0x00007f3d8400a000 Implicit null exception at 0x00007f3d75942269 to 0x00007f3d759434b1
Event: 14,605 Thread 0x00007f3d8400a000 Implicit null exception at 0x00007f3d75e2bd0d to 0x00007f3d75e2c5e5
Event: 18,632 Thread 0x00007f3d8400a000 Implicit null exception at 0x00007f3d75f44a17 to 0x00007f3d75f45d55

Events (10 events):
Event: 19,164 Thread 0x00007f3d8400a000 DEOPT PACKING pc=0x00007f3d75f042e0 sp=0x00007f3d8c7feca0
Event: 19,164 Thread 0x00007f3d8400a000 DEOPT UNPACKING pc=0x00007f3d75047633 sp=0x00007f3d8c7fe9b8 mode 0
Event: 19,478 Thread 0x00007f3d8400a000 Uncommon trap: trap_request=0x000000a3 fr.pc=0x00007f3d75f42e20
Event: 19,478 loading class java/util/zip/ZipUtils
Event: 19,482 loading class java/util/zip/ZipUtils done
Event: 19,482 Thread 0x00007f3d8400a000 DEOPT PACKING pc=0x00007f3d75f42e20 sp=0x00007f3d8c7ff040
Event: 19,482 Thread 0x00007f3d8400a000 DEOPT UNPACKING pc=0x00007f3d75005229 sp=0x00007f3d8c7fefc0 mode 2
Event: 19,583 Thread 0x00007f3d8400a000 DEOPT PACKING pc=0x00007f3d75ef5b6e sp=0x00007f3d8c7fe5c0
Event: 19,583 Thread 0x00007f3d8400a000 DEOPT UNPACKING pc=0x00007f3d75047633 sp=0x00007f3d8c7fe2e8 mode 0
Event: 19,791 Executing VM operation: ParallelGCFailedAllocation


Dynamic libraries:
00400000-00401000 r-xp 00000000 08:02 1340308                            /usr/lib/jvm/java-8-oracle/bin/java
00600000-00601000 rw-p 00000000 08:02 1340308                            /usr/lib/jvm/java-8-oracle/bin/java
00fee000-0100f000 rw-p 00000000 00:00 0                                  [heap]
ce000000-d5480000 rw-p 00000000 00:00 0 
d9c80000-ef580000 ---p 00000000 00:00 0 
ef580000-100000000 rw-p 00000000 00:00 0 
100000000-1002e0000 rw-p 00000000 00:00 0 
1002e0000-140000000 ---p 00000000 00:00 0 
7f3d28000000-7f3d28021000 rw-p 00000000 00:00 0 
7f3d28021000-7f3d2c000000 ---p 00000000 00:00 0 
7f3d30000000-7f3d30021000 rw-p 00000000 00:00 0 
7f3d30021000-7f3d34000000 ---p 00000000 00:00 0 
7f3d34000000-7f3d34021000 rw-p 00000000 00:00 0 
7f3d34021000-7f3d38000000 ---p 00000000 00:00 0 
7f3d38000000-7f3d38021000 rw-p 00000000 00:00 0 
7f3d38021000-7f3d3c000000 ---p 00000000 00:00 0 
7f3d3c000000-7f3d3c021000 rw-p 00000000 00:00 0 
7f3d3c021000-7f3d40000000 ---p 00000000 00:00 0 
7f3d40000000-7f3d41d0c000 rw-p 00000000 00:00 0 
7f3d41d0c000-7f3d44000000 ---p 00000000 00:00 0 
7f3d44000000-7f3d44bdb000 rw-p 00000000 00:00 0 
7f3d44bdb000-7f3d48000000 ---p 00000000 00:00 0 
7f3d48000000-7f3d48021000 rw-p 00000000 00:00 0 
7f3d48021000-7f3d4c000000 ---p 00000000 00:00 0 
7f3d4c000000-7f3d4e086000 rw-p 00000000 00:00 0 
7f3d4e086000-7f3d50000000 ---p 00000000 00:00 0 
7f3d50000000-7f3d50021000 rw-p 00000000 00:00 0 
7f3d50021000-7f3d54000000 ---p 00000000 00:00 0 
7f3d54000000-7f3d54021000 rw-p 00000000 00:00 0 
7f3d54021000-7f3d58000000 ---p 00000000 00:00 0 
7f3d58000000-7f3d58021000 rw-p 00000000 00:00 0 
7f3d58021000-7f3d5c000000 ---p 00000000 00:00 0 
7f3d5c000000-7f3d5c28e000 rw-p 00000000 00:00 0 
7f3d5c28e000-7f3d60000000 ---p 00000000 00:00 0 
7f3d60000000-7f3d6002c000 rw-p 00000000 00:00 0 
7f3d6002c000-7f3d64000000 ---p 00000000 00:00 0 
7f3d67214000-7f3d67294000 rw-p 00000000 00:00 0 
7f3d67294000-7f3d67417000 ---p 00000000 00:00 0 
7f3d67417000-7f3d67515000 rw-p 00000000 00:00 0 
7f3d67515000-7f3d67518000 ---p 00000000 00:00 0 
7f3d67518000-7f3d67616000 rw-p 00000000 00:00 0 
7f3d67616000-7f3d6762d000 r-xp 00000000 08:02 398679                     /lib/x86_64-linux-gnu/libresolv-2.23.so
7f3d6762d000-7f3d6782d000 ---p 00017000 08:02 398679                     /lib/x86_64-linux-gnu/libresolv-2.23.so
7f3d6782d000-7f3d6782e000 r--p 00017000 08:02 398679                     /lib/x86_64-linux-gnu/libresolv-2.23.so
7f3d6782e000-7f3d6782f000 rw-p 00018000 08:02 398679                     /lib/x86_64-linux-gnu/libresolv-2.23.so
7f3d6782f000-7f3d67831000 rw-p 00000000 00:00 0 
7f3d67831000-7f3d67836000 r-xp 00000000 08:02 398624                     /lib/x86_64-linux-gnu/libnss_dns-2.23.so
7f3d67836000-7f3d67a36000 ---p 00005000 08:02 398624                     /lib/x86_64-linux-gnu/libnss_dns-2.23.so
7f3d67a36000-7f3d67a37000 r--p 00005000 08:02 398624                     /lib/x86_64-linux-gnu/libnss_dns-2.23.so
7f3d67a37000-7f3d67a38000 rw-p 00006000 08:02 398624                     /lib/x86_64-linux-gnu/libnss_dns-2.23.so
7f3d67a38000-7f3d67a3a000 r-xp 00000000 08:02 398632                     /lib/x86_64-linux-gnu/libnss_mdns4_minimal.so.2
7f3d67a3a000-7f3d67c39000 ---p 00002000 08:02 398632                     /lib/x86_64-linux-gnu/libnss_mdns4_minimal.so.2
7f3d67c39000-7f3d67c3a000 r--p 00001000 08:02 398632                     /lib/x86_64-linux-gnu/libnss_mdns4_minimal.so.2
7f3d67c3a000-7f3d67c3b000 rw-p 00002000 08:02 398632                     /lib/x86_64-linux-gnu/libnss_mdns4_minimal.so.2
7f3d67c3b000-7f3d67e3b000 rw-p 00000000 00:00 0 
7f3d67eff000-7f3d67f02000 ---p 00000000 00:00 0 
7f3d67f02000-7f3d68000000 rw-p 00000000 00:00 0 
7f3d68000000-7f3d68021000 rw-p 00000000 00:00 0 
7f3d68021000-7f3d6c000000 ---p 00000000 00:00 0 
7f3d6c007000-7f3d6c013000 r--s 00069000 08:02 1050093                    /home/sam/.m2/repository/org/springframework/spring-context/2.5.6.SEC03/spring-context-2.5.6.SEC03.jar
7f3d6c013000-7f3d6c014000 r--s 00002000 08:02 932695                     /home/sam/.m2/repository/org/codehaus/plexus/plexus-i18n/1.0-beta-6/plexus-i18n-1.0-beta-6.jar
7f3d6c014000-7f3d6c019000 r--s 00040000 08:02 933139                     /home/sam/.m2/repository/org/beanshell/bsh/2.0b4/bsh-2.0b4.jar
7f3d6c019000-7f3d6c01c000 r--s 00013000 08:02 934654                     /home/sam/.m2/repository/org/apache/maven/enforcer/enforcer-rules/1.3.1/enforcer-rules-1.3.1.jar
7f3d6c01c000-7f3d6c020000 r--s 00038000 08:02 932722                     /home/sam/.m2/repository/commons-lang/commons-lang/2.3/commons-lang-2.3.jar
7f3d6c020000-7f3d6c220000 rw-p 00000000 00:00 0 
7f3d6c220000-7f3d6c236000 r-xp 00000000 08:02 398565                     /lib/x86_64-linux-gnu/libgcc_s.so.1
7f3d6c236000-7f3d6c435000 ---p 00016000 08:02 398565                     /lib/x86_64-linux-gnu/libgcc_s.so.1
7f3d6c435000-7f3d6c436000 rw-p 00015000 08:02 398565                     /lib/x86_64-linux-gnu/libgcc_s.so.1
7f3d6c436000-7f3d6c437000 r--s 00002000 08:02 934652                     /home/sam/.m2/repository/org/apache/maven/enforcer/enforcer-api/1.3.1/enforcer-api-1.3.1.jar
7f3d6c437000-7f3d6c43c000 r--s 0003d000 08:02 933131                     /home/sam/.m2/repository/org/codehaus/plexus/plexus-utils/1.5.8/plexus-utils-1.5.8.jar
7f3d6c43c000-7f3d6c43e000 r--s 00002000 08:02 932677                     /home/sam/.m2/repository/org/codehaus/plexus/plexus-interactivity-api/1.0-alpha-4/plexus-interactivity-api-1.0-alpha-4.jar
7f3d6c43e000-7f3d6c440000 r--s 00006000 08:02 932675                     /home/sam/.m2/repository/commons-cli/commons-cli/1.0/commons-cli-1.0.jar
7f3d6c440000-7f3d6c441000 r--s 00002000 08:02 933120                     /home/sam/.m2/repository/org/apache/maven/doxia/doxia-sink-api/1.0-alpha-10/doxia-sink-api-1.0-alpha-10.jar
7f3d6c441000-7f3d6c442000 r--s 00002000 08:02 933119                     /home/sam/.m2/repository/org/apache/maven/reporting/maven-reporting-api/2.0.9/maven-reporting-api-2.0.9.jar
7f3d6c442000-7f3d6c444000 r--s 00006000 08:02 934099                     /home/sam/.m2/repository/org/apache/maven/shared/maven-common-artifact-filters/1.4/maven-common-artifact-filters-1.4.jar
7f3d6c444000-7f3d6c448000 r--s 0001d000 08:02 933095                     /home/sam/.m2/repository/org/eclipse/aether/aether-util/0.9.0.M2/aether-util-0.9.0.M2.jar
7f3d6c448000-7f3d6c44a000 r--s 00000000 08:02 933091                     /home/sam/.m2/repository/org/codehaus/plexus/plexus-component-annotations/1.5.5/plexus-component-annotations-1.5.5.jar
7f3d6c44a000-7f3d6c44d000 r--s 0000c000 08:02 933089                     /home/sam/.m2/repository/org/apache/maven/shared/maven-dependency-tree/2.1/maven-dependency-tree-2.1.jar
7f3d6c44d000-7f3d6c44f000 r--s 00006000 08:02 933087                     /home/sam/.m2/repository/org/codehaus/mojo/extra-enforcer-rules/1.0-beta-2/extra-enforcer-rules-1.0-beta-2.jar
7f3d6c44f000-7f3d6c451000 r--s 00005000 08:02 934616                     /home/sam/.m2/repository/org/apache/maven/plugins/maven-enforcer-plugin/1.3.1/maven-enforcer-plugin-1.3.1.jar
7f3d6c451000-7f3d6c483000 r-xp 00000000 08:02 1466150                    /usr/lib/jvm/java-8-oracle/jre/lib/amd64/libsunec.so
7f3d6c483000-7f3d6c682000 ---p 00032000 08:02 1466150                    /usr/lib/jvm/java-8-oracle/jre/lib/amd64/libsunec.so
7f3d6c682000-7f3d6c688000 rw-p 00031000 08:02 1466150                    /usr/lib/jvm/java-8-oracle/jre/lib/amd64/libsunec.so
7f3d6c688000-7f3d6c698000 rw-p 00000000 00:00 0 
7f3d6c698000-7f3d6c699000 r--s 00009000 08:02 1466043                    /usr/lib/jvm/java-8-oracle/jre/lib/ext/sunec.jar
7f3d6c699000-7f3d6c69c000 r--s 0001a000 08:02 1466211                    /usr/lib/jvm/java-8-oracle/jre/lib/jce.jar
7f3d6c69c000-7f3d6c69e000 r--s 00008000 08:02 932199                     /home/sam/.m2/repository/org/apache/maven/scm/maven-scm-provider-git-commons/1.5/maven-scm-provider-git-commons-1.5.jar
7f3d6c69e000-7f3d6c6a0000 r--s 00005000 08:02 932196                     /home/sam/.m2/repository/regexp/regexp/1.3/regexp-1.3.jar
7f3d6c6a0000-7f3d6c8a0000 rw-p 00000000 00:00 0 
7f3d6c8a0000-7f3d6c8a2000 r--s 0000c000 08:02 932194                     /home/sam/.m2/repository/org/apache/maven/scm/maven-scm-provider-gitexe/1.5/maven-scm-provider-gitexe-1.5.jar
7f3d6c8a2000-7f3d6c8a3000 r--s 00002000 08:02 793962                     /home/sam/.m2/repository/org/apache/maven/scm/maven-scm-manager-plexus/1.5/maven-scm-manager-plexus-1.5.jar
7f3d6c8a3000-7f3d6c8a7000 r--s 00034000 08:02 932192                     /home/sam/.m2/repository/org/codehaus/plexus/plexus-utils/3.0/plexus-utils-3.0.jar
7f3d6c8a7000-7f3d6c8aa000 r--s 00015000 08:02 793960                     /home/sam/.m2/repository/org/apache/maven/scm/maven-scm-api/1.5/maven-scm-api-1.5.jar
7f3d6c8aa000-7f3d6c8ab000 r--s 00004000 08:02 671159                     /home/sam/.m2/repository/org/kohsuke/wagon-gitsite/0.3.5/wagon-gitsite-0.3.5.jar
7f3d6c8ab000-7f3d6c8bc000 r-xp 00000000 08:02 1466198                    /usr/lib/jvm/java-8-oracle/jre/lib/amd64/libnio.so
7f3d6c8bc000-7f3d6cabb000 ---p 00011000 08:02 1466198                    /usr/lib/jvm/java-8-oracle/jre/lib/amd64/libnio.so
7f3d6cabb000-7f3d6cabc000 rw-p 00010000 08:02 1466198                    /usr/lib/jvm/java-8-oracle/jre/lib/amd64/libnio.so
7f3d6cabc000-7f3d6cdbd000 rw-p 00000000 00:00 0 
7f3d6cdbd000-7f3d6cdd3000 r-xp 00000000 08:02 1466195                    /usr/lib/jvm/java-8-oracle/jre/lib/amd64/libnet.so
7f3d6cdd3000-7f3d6cfd3000 ---p 00016000 08:02 1466195                    /usr/lib/jvm/java-8-oracle/jre/lib/amd64/libnet.so
7f3d6cfd3000-7f3d6cfd4000 rw-p 00016000 08:02 1466195                    /usr/lib/jvm/java-8-oracle/jre/lib/amd64/libnet.so
7f3d6cfd4000-7f3d6d1d4000 rw-p 00000000 00:00 0 
7f3d6d1d4000-7f3d6d1d8000 r--s 00097000 08:02 1466041                    /usr/lib/jvm/java-8-oracle/jre/lib/jsse.jar
7f3d6d1d8000-7f3d6d3d8000 rw-p 00000000 00:00 0 
7f3d6d3d8000-7f3d6d5d8000 rw-p 00000000 00:00 0 
7f3d6d5d8000-7f3d6d5de000 r--s 00048000 08:02 1720735                    /usr/share/java/jsoup.jar
7f3d6d5de000-7f3d6d5e2000 r--s 00020000 08:02 1720800                    /usr/share/java/eclipse-aether-util.jar
7f3d6d5e2000-7f3d6d5e6000 r--s 00027000 08:02 1720647                    /usr/share/java/commons-io-2.4.jar
7f3d6d5e6000-7f3d6d5ea000 r--s 00027000 08:02 1720792                    /usr/share/java/eclipse-aether-impl.jar
7f3d6d5ea000-7f3d6d61b000 r--s 00207000 08:02 1720928                    /usr/share/java/wagon-http-shaded-2.x.jar
7f3d6d61b000-7f3d6d61c000 r--s 00008000 08:02 1720795                    /usr/share/java/eclipse-aether-connector-basic.jar
7f3d6d61c000-7f3d6d623000 r--s 00041000 08:02 1720943                    /usr/share/java/maven3-compat-3.3.9.jar
7f3d6d623000-7f3d6d627000 r--s 00038000 08:02 1720908                    /usr/share/java/plexus-utils2.jar
7f3d6d627000-7f3d6d62c000 r--s 00040000 08:02 1720649                    /usr/share/java/commons-lang-2.6.jar
7f3d6d62c000-7f3d6d63a000 r--s 00095000 08:02 1720816                    /usr/share/java/guice.jar
7f3d6d63a000-7f3d6d63b000 ---p 00000000 00:00 0 
7f3d6d63b000-7f3d6d73b000 rw-p 00000000 00:00 0 
7f3d6d73b000-7f3d6d73e000 ---p 00000000 00:00 0 
7f3d6d73e000-7f3d6d83c000 rw-p 00000000 00:00 0 
7f3d6d83c000-7f3d6d83f000 ---p 00000000 00:00 0 
7f3d6d83f000-7f3d6d93d000 rw-p 00000000 00:00 0 
7f3d6d93d000-7f3d6d940000 ---p 00000000 00:00 0 
7f3d6d940000-7f3d6da3e000 rw-p 00000000 00:00 0 
7f3d6da3e000-7f3d6da41000 ---p 00000000 00:00 0 
7f3d6da41000-7f3d6db3f000 rw-p 00000000 00:00 0 
7f3d6db3f000-7f3d6db42000 ---p 00000000 00:00 0 
7f3d6db42000-7f3d6dc40000 rw-p 00000000 00:00 0 
7f3d6dc40000-7f3d6e5ff000 r--p 00000000 08:02 1319792                    /usr/lib/locale/locale-archive
7f3d6e5ff000-7f3d6e602000 ---p 00000000 00:00 0 
7f3d6e602000-7f3d70000000 rw-p 00000000 00:00 0 
7f3d70000000-7f3d70021000 rw-p 00000000 00:00 0 
7f3d70021000-7f3d74000000 ---p 00000000 00:00 0 
7f3d74000000-7f3d74002000 r--s 00006000 08:02 1720797                    /usr/share/java/eclipse-aether-spi.jar
7f3d74002000-7f3d74003000 r--s 00006000 08:02 1720945                    /usr/share/java/maven3-repository-metadata-3.3.9.jar
7f3d74003000-7f3d74004000 r--s 00000000 08:02 1720619                    /usr/share/java/geronimo-interceptor-3.0-spec-1.0.1.jar
7f3d74004000-7f3d74006000 r--s 00012000 08:02 1711704                    /usr/share/java/el-api-3.0.jar
7f3d74006000-7f3d74007000 r--s 00000000 08:02 1720611                    /usr/share/java/atinject-jsr330-api-1.0.jar
7f3d74007000-7f3d7400a000 r--s 00008000 08:02 1720627                    /usr/share/java/cdi-api-1.0.jar
7f3d7400a000-7f3d7400c000 r--s 0000a000 08:02 1720925                    /usr/share/java/wagon-provider-api-2.x.jar
7f3d7400c000-7f3d7400d000 r--s 00001000 08:02 1720924                    /usr/share/java/wagon-file-2.x.jar
7f3d7400d000-7f3d7400f000 r--s 0000a000 08:02 1720635                    /usr/share/java/commons-cli-1.3.1.jar
7f3d7400f000-7f3d74011000 r--s 00013000 08:02 1720947                    /usr/share/java/maven3-embedder-3.3.9.jar
7f3d74011000-7f3d74016000 r--s 00025000 08:02 1720946                    /usr/share/java/maven3-model-builder-3.3.9.jar
7f3d74016000-7f3d74017000 r--s 00004000 08:02 1720610                    /usr/share/java/atinject-jsr330-tck-1.0.jar
7f3d74017000-7f3d7401a000 r--s 00007000 08:02 1720950                    /usr/share/java/maven3-settings-builder-3.3.9.jar
7f3d7401a000-7f3d7401b000 r--s 00001000 08:02 1720931                    /usr/share/java/wagon-http-shared-2.x.jar
7f3d7401b000-7f3d74022000 r--s 0002c000 08:02 1720922                    /usr/share/java/sisu-plexus.jar
7f3d74022000-7f3d74023000 r--s 0000a000 08:02 1720941                    /usr/share/java/maven3-settings-3.3.9.jar
7f3d74023000-7f3d74025000 r--s 00005000 08:02 1720798                    /usr/share/java/eclipse-aether-transport-wagon.jar
7f3d74025000-7f3d74027000 r--s 00002000 08:02 1720862                    /usr/share/java/plexus-cipher.jar
7f3d74027000-7f3d74029000 r--s 0000d000 08:02 1720949                    /usr/share/java/maven3-aether-provider-3.3.9.jar
7f3d74029000-7f3d74055000 r--s 00208000 08:02 1720739                    /usr/share/java/guava.jar
7f3d74055000-7f3d74057000 r--s 00007000 08:02 1720719                    /usr/share/java/slf4j-api.jar
7f3d74057000-7f3d74059000 r--s 00001000 08:02 1720811                    /usr/share/java/aopalliance-1.0.jar
7f3d74059000-7f3d7405b000 r--s 00000000 08:02 1720912                    /usr/share/java/plexus-component-annotations-1.5.jar
7f3d7405b000-7f3d74063000 r--s 00054000 08:02 1720920                    /usr/share/java/sisu-inject.jar
7f3d74063000-7f3d74065000 r--s 0000e000 08:02 1720698                    /usr/share/java/plexus-interpolation.jar
7f3d74065000-7f3d74066000 r--s 00002000 08:02 1720716                    /usr/share/java/slf4j-simple.jar
7f3d74066000-7f3d74068000 r--s 00027000 08:02 1720948                    /usr/share/java/maven3-model-3.3.9.jar
7f3d74068000-7f3d7406d000 r--s 0001d000 08:02 1720799                    /usr/share/java/eclipse-aether-api.jar
7f3d7406d000-7f3d74070000 ---p 00000000 00:00 0 
7f3d74070000-7f3d7416e000 rw-p 00000000 00:00 0 
7f3d7416e000-7f3d7416f000 ---p 00000000 00:00 0 
7f3d7416f000-7f3d75000000 rw-p 00000000 00:00 0 
7f3d75000000-7f3d75fc0000 rwxp 00000000 00:00 0 
7f3d75fc0000-7f3d84000000 ---p 00000000 00:00 0 
7f3d84000000-7f3d84a8a000 rw-p 00000000 00:00 0 
7f3d84a8a000-7f3d88000000 ---p 00000000 00:00 0 
7f3d88000000-7f3d88003000 r--s 0000a000 08:02 1720952                    /usr/share/java/maven3-artifact-3.3.9.jar
7f3d88003000-7f3d88005000 r--s 00001000 08:02 1720951                    /usr/share/java/maven3-builder-support-3.3.9.jar
7f3d88005000-7f3d88012000 r--s 0008d000 08:02 1720944                    /usr/share/java/maven3-core-3.3.9.jar
7f3d88012000-7f3d88235000 rw-p 00000000 00:00 0 
7f3d88235000-7f3d8840e000 r--s 03d1f000 08:02 1465989                    /usr/lib/jvm/java-8-oracle/jre/lib/rt.jar
7f3d8840e000-7f3d88e14000 rw-p 00000000 00:00 0 
7f3d88e14000-7f3d88e15000 ---p 00000000 00:00 0 
7f3d88e15000-7f3d88f15000 rw-p 00000000 00:00 0 
7f3d88f15000-7f3d88f16000 ---p 00000000 00:00 0 
7f3d88f16000-7f3d89016000 rw-p 00000000 00:00 0 
7f3d89016000-7f3d89017000 ---p 00000000 00:00 0 
7f3d89017000-7f3d89117000 rw-p 00000000 00:00 0 
7f3d89117000-7f3d89118000 ---p 00000000 00:00 0 
7f3d89118000-7f3d89253000 rw-p 00000000 00:00 0 
7f3d89253000-7f3d89323000 ---p 00000000 00:00 0 
7f3d89323000-7f3d8935e000 rw-p 00000000 00:00 0 
7f3d8935e000-7f3d8942d000 ---p 00000000 00:00 0 
7f3d8942d000-7f3d894b3000 rw-p 00000000 00:00 0 
7f3d894b3000-7f3d894f3000 rw-p 00000000 00:00 0 
7f3d894f3000-7f3d89874000 ---p 00000000 00:00 0 
7f3d89874000-7f3d8988e000 r-xp 00000000 08:02 1466191                    /usr/lib/jvm/java-8-oracle/jre/lib/amd64/libzip.so
7f3d8988e000-7f3d89a8e000 ---p 0001a000 08:02 1466191                    /usr/lib/jvm/java-8-oracle/jre/lib/amd64/libzip.so
7f3d89a8e000-7f3d89a8f000 rw-p 0001a000 08:02 1466191                    /usr/lib/jvm/java-8-oracle/jre/lib/amd64/libzip.so
7f3d89a8f000-7f3d89a9a000 r-xp 00000000 08:02 398626                     /lib/x86_64-linux-gnu/libnss_files-2.23.so
7f3d89a9a000-7f3d89c99000 ---p 0000b000 08:02 398626                     /lib/x86_64-linux-gnu/libnss_files-2.23.so
7f3d89c99000-7f3d89c9a000 r--p 0000a000 08:02 398626                     /lib/x86_64-linux-gnu/libnss_files-2.23.so
7f3d89c9a000-7f3d89c9b000 rw-p 0000b000 08:02 398626                     /lib/x86_64-linux-gnu/libnss_files-2.23.so
7f3d89c9b000-7f3d89ca1000 rw-p 00000000 00:00 0 
7f3d89ca1000-7f3d89cac000 r-xp 00000000 08:02 398636                     /lib/x86_64-linux-gnu/libnss_nis-2.23.so
7f3d89cac000-7f3d89eab000 ---p 0000b000 08:02 398636                     /lib/x86_64-linux-gnu/libnss_nis-2.23.so
7f3d89eab000-7f3d89eac000 r--p 0000a000 08:02 398636                     /lib/x86_64-linux-gnu/libnss_nis-2.23.so
7f3d89eac000-7f3d89ead000 rw-p 0000b000 08:02 398636                     /lib/x86_64-linux-gnu/libnss_nis-2.23.so
7f3d89ead000-7f3d89ec3000 r-xp 00000000 08:02 398620                     /lib/x86_64-linux-gnu/libnsl-2.23.so
7f3d89ec3000-7f3d8a0c2000 ---p 00016000 08:02 398620                     /lib/x86_64-linux-gnu/libnsl-2.23.so
7f3d8a0c2000-7f3d8a0c3000 r--p 00015000 08:02 398620                     /lib/x86_64-linux-gnu/libnsl-2.23.so
7f3d8a0c3000-7f3d8a0c4000 rw-p 00016000 08:02 398620                     /lib/x86_64-linux-gnu/libnsl-2.23.so
7f3d8a0c4000-7f3d8a0c6000 rw-p 00000000 00:00 0 
7f3d8a0c6000-7f3d8a0ce000 r-xp 00000000 08:02 398622                     /lib/x86_64-linux-gnu/libnss_compat-2.23.so
7f3d8a0ce000-7f3d8a2cd000 ---p 00008000 08:02 398622                     /lib/x86_64-linux-gnu/libnss_compat-2.23.so
7f3d8a2cd000-7f3d8a2ce000 r--p 00007000 08:02 398622                     /lib/x86_64-linux-gnu/libnss_compat-2.23.so
7f3d8a2ce000-7f3d8a2cf000 rw-p 00008000 08:02 398622                     /lib/x86_64-linux-gnu/libnss_compat-2.23.so
7f3d8a2cf000-7f3d8a2f9000 r-xp 00000000 08:02 1466186                    /usr/lib/jvm/java-8-oracle/jre/lib/amd64/libjava.so
7f3d8a2f9000-7f3d8a4f9000 ---p 0002a000 08:02 1466186                    /usr/lib/jvm/java-8-oracle/jre/lib/amd64/libjava.so
7f3d8a4f9000-7f3d8a4fb000 rw-p 0002a000 08:02 1466186                    /usr/lib/jvm/java-8-oracle/jre/lib/amd64/libjava.so
7f3d8a4fb000-7f3d8a508000 r-xp 00000000 08:02 1466190                    /usr/lib/jvm/java-8-oracle/jre/lib/amd64/libverify.so
7f3d8a508000-7f3d8a708000 ---p 0000d000 08:02 1466190                    /usr/lib/jvm/java-8-oracle/jre/lib/amd64/libverify.so
7f3d8a708000-7f3d8a70a000 rw-p 0000d000 08:02 1466190                    /usr/lib/jvm/java-8-oracle/jre/lib/amd64/libverify.so
7f3d8a70a000-7f3d8a711000 r-xp 00000000 08:02 398681                     /lib/x86_64-linux-gnu/librt-2.23.so
7f3d8a711000-7f3d8a910000 ---p 00007000 08:02 398681                     /lib/x86_64-linux-gnu/librt-2.23.so
7f3d8a910000-7f3d8a911000 r--p 00006000 08:02 398681                     /lib/x86_64-linux-gnu/librt-2.23.so
7f3d8a911000-7f3d8a912000 rw-p 00007000 08:02 398681                     /lib/x86_64-linux-gnu/librt-2.23.so
7f3d8a912000-7f3d8aa1a000 r-xp 00000000 08:02 398597                     /lib/x86_64-linux-gnu/libm-2.23.so
7f3d8aa1a000-7f3d8ac19000 ---p 00108000 08:02 398597                     /lib/x86_64-linux-gnu/libm-2.23.so
7f3d8ac19000-7f3d8ac1a000 r--p 00107000 08:02 398597                     /lib/x86_64-linux-gnu/libm-2.23.so
7f3d8ac1a000-7f3d8ac1b000 rw-p 00108000 08:02 398597                     /lib/x86_64-linux-gnu/libm-2.23.so
7f3d8ac1b000-7f3d8b8db000 r-xp 00000000 08:02 1466169                    /usr/lib/jvm/java-8-oracle/jre/lib/amd64/server/libjvm.so
7f3d8b8db000-7f3d8badb000 ---p 00cc0000 08:02 1466169                    /usr/lib/jvm/java-8-oracle/jre/lib/amd64/server/libjvm.so
7f3d8badb000-7f3d8bbb3000 rw-p 00cc0000 08:02 1466169                    /usr/lib/jvm/java-8-oracle/jre/lib/amd64/server/libjvm.so
7f3d8bbb3000-7f3d8bbfe000 rw-p 00000000 00:00 0 
7f3d8bbfe000-7f3d8bdbe000 r-xp 00000000 08:02 398527                     /lib/x86_64-linux-gnu/libc-2.23.so
7f3d8bdbe000-7f3d8bfbd000 ---p 001c0000 08:02 398527                     /lib/x86_64-linux-gnu/libc-2.23.so
7f3d8bfbd000-7f3d8bfc1000 r--p 001bf000 08:02 398527                     /lib/x86_64-linux-gnu/libc-2.23.so
7f3d8bfc1000-7f3d8bfc3000 rw-p 001c3000 08:02 398527                     /lib/x86_64-linux-gnu/libc-2.23.so
7f3d8bfc3000-7f3d8bfc7000 rw-p 00000000 00:00 0 
7f3d8bfc7000-7f3d8bfca000 r-xp 00000000 08:02 398551                     /lib/x86_64-linux-gnu/libdl-2.23.so
7f3d8bfca000-7f3d8c1c9000 ---p 00003000 08:02 398551                     /lib/x86_64-linux-gnu/libdl-2.23.so
7f3d8c1c9000-7f3d8c1ca000 r--p 00002000 08:02 398551                     /lib/x86_64-linux-gnu/libdl-2.23.so
7f3d8c1ca000-7f3d8c1cb000 rw-p 00003000 08:02 398551                     /lib/x86_64-linux-gnu/libdl-2.23.so
7f3d8c1cb000-7f3d8c1e0000 r-xp 00000000 08:02 1341616                    /usr/lib/jvm/java-8-oracle/lib/amd64/jli/libjli.so
7f3d8c1e0000-7f3d8c3e0000 ---p 00015000 08:02 1341616                    /usr/lib/jvm/java-8-oracle/lib/amd64/jli/libjli.so
7f3d8c3e0000-7f3d8c3e1000 rw-p 00015000 08:02 1341616                    /usr/lib/jvm/java-8-oracle/lib/amd64/jli/libjli.so
7f3d8c3e1000-7f3d8c3f9000 r-xp 00000000 08:02 398673                     /lib/x86_64-linux-gnu/libpthread-2.23.so
7f3d8c3f9000-7f3d8c5f8000 ---p 00018000 08:02 398673                     /lib/x86_64-linux-gnu/libpthread-2.23.so
7f3d8c5f8000-7f3d8c5f9000 r--p 00017000 08:02 398673                     /lib/x86_64-linux-gnu/libpthread-2.23.so
7f3d8c5f9000-7f3d8c5fa000 rw-p 00018000 08:02 398673                     /lib/x86_64-linux-gnu/libpthread-2.23.so
7f3d8c5fa000-7f3d8c5fe000 rw-p 00000000 00:00 0 
7f3d8c5fe000-7f3d8c624000 r-xp 00000000 08:02 398499                     /lib/x86_64-linux-gnu/ld-2.23.so
7f3d8c624000-7f3d8c626000 r--s 0000a000 08:02 1720942                    /usr/share/java/maven3-plugin-api-3.3.9.jar
7f3d8c626000-7f3d8c62d000 r--s 0005d000 08:02 1720651                    /usr/share/java/commons-lang3.jar
7f3d8c62d000-7f3d8c62f000 r--s 0000a000 08:02 1720906                    /usr/share/java/plexus-classworlds2-2.5.2.jar
7f3d8c62f000-7f3d8c701000 rw-p 00000000 00:00 0 
7f3d8c701000-7f3d8c704000 ---p 00000000 00:00 0 
7f3d8c704000-7f3d8c806000 rw-p 00000000 00:00 0 
7f3d8c806000-7f3d8c807000 r--s 00006000 08:02 1720864                    /usr/share/java/plexus-sec-dispatcher.jar
7f3d8c807000-7f3d8c817000 rw-p 00000000 00:00 0 
7f3d8c817000-7f3d8c81f000 rw-s 00000000 08:02 541713                     /tmp/hsperfdata_sam/9245
7f3d8c81f000-7f3d8c820000 rw-p 00000000 00:00 0 
7f3d8c820000-7f3d8c821000 ---p 00000000 00:00 0 
7f3d8c821000-7f3d8c823000 rw-p 00000000 00:00 0 
7f3d8c823000-7f3d8c824000 r--p 00025000 08:02 398499                     /lib/x86_64-linux-gnu/ld-2.23.so
7f3d8c824000-7f3d8c825000 rw-p 00026000 08:02 398499                     /lib/x86_64-linux-gnu/ld-2.23.so
7f3d8c825000-7f3d8c826000 rw-p 00000000 00:00 0 
7ffe9c5ed000-7ffe9c60e000 rw-p 00000000 00:00 0                          [stack]
7ffe9c797000-7ffe9c799000 r--p 00000000 00:00 0                          [vvar]
7ffe9c799000-7ffe9c79b000 r-xp 00000000 00:00 0                          [vdso]
ffffffffff600000-ffffffffff601000 r-xp 00000000 00:00 0                  [vsyscall]

VM Arguments:
jvm_args: -Xmx800m -Dclassworlds.conf=/usr/share/maven/bin/m2.conf -Dmaven.home=/usr/share/maven -Dmaven.multiModuleProjectDirectory=/home/sam/Desktop/jenkins 
java_command: org.codehaus.plexus.classworlds.launcher.Launcher jenkins-dev:run
java_class_path (initial): /usr/share/maven/boot/plexus-classworlds-2.x.jar
Launcher Type: SUN_STANDARD

Environment Variables:
JAVA_HOME=/usr/lib/jvm/java-8-oracle
PATH=/usr/local/sbin:/usr/local/bin:/usr/sbin:/usr/bin:/sbin:/bin:/usr/games:/usr/local/games:/snap/bin
SHELL=/bin/bash
DISPLAY=:0

Signal Handlers:
SIGSEGV: [libjvm.so+0xabca10], sa_mask[0]=11111111011111111101111111111110, sa_flags=SA_RESTART|SA_SIGINFO
SIGBUS: [libjvm.so+0xabca10], sa_mask[0]=11111111011111111101111111111110, sa_flags=SA_RESTART|SA_SIGINFO
SIGFPE: [libjvm.so+0x919a20], sa_mask[0]=11111111011111111101111111111110, sa_flags=SA_RESTART|SA_SIGINFO
SIGPIPE: [libjvm.so+0x919a20], sa_mask[0]=11111111011111111101111111111110, sa_flags=SA_RESTART|SA_SIGINFO
SIGXFSZ: [libjvm.so+0x919a20], sa_mask[0]=11111111011111111101111111111110, sa_flags=SA_RESTART|SA_SIGINFO
SIGILL: [libjvm.so+0x919a20], sa_mask[0]=11111111011111111101111111111110, sa_flags=SA_RESTART|SA_SIGINFO
SIGUSR1: SIG_DFL, sa_mask[0]=00000000000000000000000000000000, sa_flags=none
SIGUSR2: [libjvm.so+0x91b050], sa_mask[0]=00000000000000000000000000000000, sa_flags=SA_RESTART|SA_SIGINFO
SIGHUP: [libjvm.so+0x91c450], sa_mask[0]=11111111011111111101111111111110, sa_flags=SA_RESTART|SA_SIGINFO
SIGINT: [libjvm.so+0x91c450], sa_mask[0]=11111111011111111101111111111110, sa_flags=SA_RESTART|SA_SIGINFO
SIGTERM: [libjvm.so+0x91c450], sa_mask[0]=11111111011111111101111111111110, sa_flags=SA_RESTART|SA_SIGINFO
SIGQUIT: [libjvm.so+0x91c450], sa_mask[0]=11111111011111111101111111111110, sa_flags=SA_RESTART|SA_SIGINFO


---------------  S Y S T E M  ---------------

OS:DISTRIB_ID=Ubuntu
DISTRIB_RELEASE=16.04
DISTRIB_CODENAME=xenial
DISTRIB_DESCRIPTION="Ubuntu 16.04 LTS"

uname:Linux 4.4.0-28-generic #47-Ubuntu SMP Fri Jun 24 10:09:13 UTC 2016 x86_64
libc:glibc 2.23 NPTL 2.23 
rlimit: STACK 8192k, CORE 0k, NPROC 15184, NOFILE 65536, AS infinity
load average:3,86 2,97 2,73

/proc/meminfo:
MemTotal:        3925892 kB
MemFree:          107064 kB
MemAvailable:      19976 kB
Buffers:             400 kB
Cached:           414252 kB
SwapCached:            0 kB
Active:          3302648 kB
Inactive:         353060 kB
Active(anon):    3293132 kB
Inactive(anon):   337688 kB
Active(file):       9516 kB
Inactive(file):    15372 kB
Unevictable:          44 kB
Mlocked:              44 kB
SwapTotal:             0 kB
SwapFree:              0 kB
Dirty:                80 kB
Writeback:             0 kB
AnonPages:       3242684 kB
Mapped:           162576 kB
Shmem:            388180 kB
Slab:              77180 kB
SReclaimable:      39444 kB
SUnreclaim:        37736 kB
KernelStack:       10096 kB
PageTables:        41056 kB
NFS_Unstable:          0 kB
Bounce:                0 kB
WritebackTmp:          0 kB
CommitLimit:     1962944 kB
Committed_AS:    7672628 kB
VmallocTotal:   34359738367 kB
VmallocUsed:           0 kB
VmallocChunk:          0 kB
HardwareCorrupted:     0 kB
AnonHugePages:   1239040 kB
CmaTotal:              0 kB
CmaFree:               0 kB
HugePages_Total:       0
HugePages_Free:        0
HugePages_Rsvd:        0
HugePages_Surp:        0
Hugepagesize:       2048 kB
DirectMap4k:      121596 kB
DirectMap2M:     3952640 kB


CPU:total 4 (2 cores per cpu, 2 threads per core) family 6 model 58 stepping 9, cmov, cx8, fxsr, mmx, sse, sse2, sse3, ssse3, sse4.1, sse4.2, popcnt, avx, aes, clmul, erms, ht, tsc, tscinvbit, tscinv

/proc/cpuinfo:
processor	: 0
vendor_id	: GenuineIntel
cpu family	: 6
model		: 58
model name	: Intel(R) Core(TM) i5-3337U CPU @ 1.80GHz
stepping	: 9
microcode	: 0x1c
cpu MHz		: 885.304
cache size	: 3072 KB
physical id	: 0
siblings	: 4
core id		: 0
cpu cores	: 2
apicid		: 0
initial apicid	: 0
fpu		: yes
fpu_exception	: yes
cpuid level	: 13
wp		: yes
flags		: fpu vme de pse tsc msr pae mce cx8 apic sep mtrr pge mca cmov pat pse36 clflush dts acpi mmx fxsr sse sse2 ss ht tm pbe syscall nx rdtscp lm constant_tsc arch_perfmon pebs bts rep_good nopl xtopology nonstop_tsc aperfmperf eagerfpu pni pclmulqdq dtes64 monitor ds_cpl vmx est tm2 ssse3 cx16 xtpr pdcm pcid sse4_1 sse4_2 x2apic popcnt tsc_deadline_timer aes xsave avx f16c rdrand lahf_lm epb tpr_shadow vnmi flexpriority ept vpid fsgsbase smep erms xsaveopt dtherm ida arat pln pts
bugs		:
bogomips	: 3591.70
clflush size	: 64
cache_alignment	: 64
address sizes	: 36 bits physical, 48 bits virtual
power management:

processor	: 1
vendor_id	: GenuineIntel
cpu family	: 6
model		: 58
model name	: Intel(R) Core(TM) i5-3337U CPU @ 1.80GHz
stepping	: 9
microcode	: 0x1c
cpu MHz		: 840.656
cache size	: 3072 KB
physical id	: 0
siblings	: 4
core id		: 0
cpu cores	: 2
apicid		: 1
initial apicid	: 1
fpu		: yes
fpu_exception	: yes
cpuid level	: 13
wp		: yes
flags		: fpu vme de pse tsc msr pae mce cx8 apic sep mtrr pge mca cmov pat pse36 clflush dts acpi mmx fxsr sse sse2 ss ht tm pbe syscall nx rdtscp lm constant_tsc arch_perfmon pebs bts rep_good nopl xtopology nonstop_tsc aperfmperf eagerfpu pni pclmulqdq dtes64 monitor ds_cpl vmx est tm2 ssse3 cx16 xtpr pdcm pcid sse4_1 sse4_2 x2apic popcnt tsc_deadline_timer aes xsave avx f16c rdrand lahf_lm epb tpr_shadow vnmi flexpriority ept vpid fsgsbase smep erms xsaveopt dtherm ida arat pln pts
bugs		:
bogomips	: 3591.70
clflush size	: 64
cache_alignment	: 64
address sizes	: 36 bits physical, 48 bits virtual
power management:

processor	: 2
vendor_id	: GenuineIntel
cpu family	: 6
model		: 58
model name	: Intel(R) Core(TM) i5-3337U CPU @ 1.80GHz
stepping	: 9
microcode	: 0x1c
cpu MHz		: 1378.054
cache size	: 3072 KB
physical id	: 0
siblings	: 4
core id		: 1
cpu cores	: 2
apicid		: 2
initial apicid	: 2
fpu		: yes
fpu_exception	: yes
cpuid level	: 13
wp		: yes
flags		: fpu vme de pse tsc msr pae mce cx8 apic sep mtrr pge mca cmov pat pse36 clflush dts acpi mmx fxsr sse sse2 ss ht tm pbe syscall nx rdtscp lm constant_tsc arch_perfmon pebs bts rep_good nopl xtopology nonstop_tsc aperfmperf eagerfpu pni pclmulqdq dtes64 monitor ds_cpl vmx est tm2 ssse3 cx16 xtpr pdcm pcid sse4_1 sse4_2 x2apic popcnt tsc_deadline_timer aes xsave avx f16c rdrand lahf_lm epb tpr_shadow vnmi flexpriority ept vpid fsgsbase smep erms xsaveopt dtherm ida arat pln pts
bugs		:
bogomips	: 3591.70
clflush size	: 64
cache_alignment	: 64
address sizes	: 36 bits physical, 48 bits virtual
power management:

processor	: 3
vendor_id	: GenuineIntel
cpu family	: 6
model		: 58
model name	: Intel(R) Core(TM) i5-3337U CPU @ 1.80GHz
stepping	: 9
microcode	: 0x1c
cpu MHz		: 945.351
cache size	: 3072 KB
physical id	: 0
siblings	: 4
core id		: 1
cpu cores	: 2
apicid		: 3
initial apicid	: 3
fpu		: yes
fpu_exception	: yes
cpuid level	: 13
wp		: yes
flags		: fpu vme de pse tsc msr pae mce cx8 apic sep mtrr pge mca cmov pat pse36 clflush dts acpi mmx fxsr sse sse2 ss ht tm pbe syscall nx rdtscp lm constant_tsc arch_perfmon pebs bts rep_good nopl xtopology nonstop_tsc aperfmperf eagerfpu pni pclmulqdq dtes64 monitor ds_cpl vmx est tm2 ssse3 cx16 xtpr pdcm pcid sse4_1 sse4_2 x2apic popcnt tsc_deadline_timer aes xsave avx f16c rdrand lahf_lm epb tpr_shadow vnmi flexpriority ept vpid fsgsbase smep erms xsaveopt dtherm ida arat pln pts
bugs		:
bogomips	: 3591.70
clflush size	: 64
cache_alignment	: 64
address sizes	: 36 bits physical, 48 bits virtual
power management:



Memory: 4k page, physical 3925892k(107112k free), swap 0k(0k free)

vm_info: Java HotSpot(TM) 64-Bit Server VM (25.91-b14) for linux-amd64 JRE (1.8.0_91-b14), built on Apr  1 2016 00:57:21 by "java_re" with gcc 4.3.0 20080428 (Red Hat 4.3.0-8)

time: Fri Jul  8 15:31:27 2016
elapsed time: 21 seconds (0d 0h 0m 21s)

