#
# There is insufficient memory for the Java Runtime Environment to continue.
# Native memory allocation (mmap) failed to map 133169152 bytes for committing reserved memory.
# Possible reasons:
#   The system is out of physical RAM or swap space
#   In 32 bit mode, the process size limit was hit
# Possible solutions:
#   Reduce memory load on the system
#   Increase physical memory or swap space
#   Check if swap backing store is full
#   Use 64 bit Java on a 64 bit OS
#   Decrease Java heap size (-Xmx/-Xms)
#   Decrease number of Java threads
#   Decrease Java thread stack sizes (-Xss)
#   Set larger code cache with -XX:ReservedCodeCacheSize=
# This output file may be truncated or incomplete.
#
#  Out of Memory Error (os_linux.cpp:2627), pid=5028, tid=140078296958720
#
# JRE version: Java(TM) SE Runtime Environment (8.0_91-b14) (build 1.8.0_91-b14)
# Java VM: Java HotSpot(TM) 64-Bit Server VM (25.91-b14 mixed mode linux-amd64 compressed oops)
# Failed to write core dump. Core dumps have been disabled. To enable core dumping, try "ulimit -c unlimited" before starting Java again
#

---------------  T H R E A D  ---------------

Current thread (0x00007f66a813e800):  VMThread [stack: 0x00007f6685118000,0x00007f6685219000] [id=5045]

Stack: [0x00007f6685118000,0x00007f6685219000],  sp=0x00007f6685217320,  free space=1020k
Native frames: (J=compiled Java code, j=interpreted, Vv=VM code, C=native code)
V  [libjvm.so+0xabc18a]  VMError::report_and_die()+0x2ba
V  [libjvm.so+0x4fafeb]  report_vm_out_of_memory(char const*, int, unsigned long, VMErrorType, char const*)+0x8b
V  [libjvm.so+0x91cbb3]  os::Linux::commit_memory_impl(char*, unsigned long, bool)+0x103
V  [libjvm.so+0x91d109]  os::pd_commit_memory(char*, unsigned long, unsigned long, bool)+0x29
V  [libjvm.so+0x91740a]  os::commit_memory(char*, unsigned long, unsigned long, bool)+0x2a
V  [libjvm.so+0x98b033]  PSVirtualSpace::expand_by(unsigned long)+0x53
V  [libjvm.so+0x98c438]  PSYoungGen::resize_generation(unsigned long, unsigned long)+0xf8
V  [libjvm.so+0x98b592]  PSYoungGen::resize(unsigned long, unsigned long)+0x22
V  [libjvm.so+0x98886b]  PSScavenge::invoke_no_policy()+0xf3b
V  [libjvm.so+0x988ff1]  PSScavenge::invoke()+0x41
V  [libjvm.so+0x9408b0]  ParallelScavengeHeap::failed_mem_allocate(unsigned long)+0x70
V  [libjvm.so+0xabdba7]  VM_ParallelGCFailedAllocation::doit()+0x97
V  [libjvm.so+0xac55d5]  VM_Operation::evaluate()+0x55
V  [libjvm.so+0xac39aa]  VMThread::evaluate_operation(VM_Operation*)+0xba
V  [libjvm.so+0xac3d2e]  VMThread::loop()+0x1ce
V  [libjvm.so+0xac41a0]  VMThread::run()+0x70
V  [libjvm.so+0x91ef78]  java_start(Thread*)+0x108

VM_Operation (0x00007f66af682500): ParallelGCFailedAllocation, mode: safepoint, requested by thread 0x00007f66a8009800


---------------  P R O C E S S  ---------------

Java Threads: ( => current thread )
  0x00007f66a81da000 JavaThread "surefire-forkedjvm-command-thread" daemon [_thread_blocked, id=5066, stack(0x00007f6667cfd000,0x00007f6667dfe000)]
  0x00007f66a81d8000 JavaThread "last-ditch-daemon-shutdown-thread-30sec" daemon [_thread_blocked, id=5064, stack(0x00007f6667dfe000,0x00007f6667eff000)]
  0x00007f66a8188000 JavaThread "Service Thread" daemon [_thread_blocked, id=5060, stack(0x00007f6684052000,0x00007f6684153000)]
  0x00007f66a8185000 JavaThread "C1 CompilerThread2" daemon [_thread_blocked, id=5057, stack(0x00007f6684153000,0x00007f6684254000)]
  0x00007f66a8183800 JavaThread "C2 CompilerThread1" daemon [_thread_blocked, id=5055, stack(0x00007f6684254000,0x00007f6684355000)]
  0x00007f66a8180800 JavaThread "C2 CompilerThread0" daemon [_thread_blocked, id=5053, stack(0x00007f6684355000,0x00007f6684456000)]
  0x00007f66a817f000 JavaThread "Signal Dispatcher" daemon [_thread_blocked, id=5052, stack(0x00007f6684456000,0x00007f6684557000)]
  0x00007f66a814b000 JavaThread "Finalizer" daemon [_thread_blocked, id=5050, stack(0x00007f6684f16000,0x00007f6685017000)]
  0x00007f66a8146800 JavaThread "Reference Handler" daemon [_thread_blocked, id=5047, stack(0x00007f6685017000,0x00007f6685118000)]
  0x00007f66a8009800 JavaThread "main" [_thread_blocked, id=5035, stack(0x00007f66af586000,0x00007f66af687000)]

Other Threads:
=>0x00007f66a813e800 VMThread [stack: 0x00007f6685118000,0x00007f6685219000] [id=5045]
  0x00007f66a818b000 WatcherThread [stack: 0x00007f6667eff000,0x00007f6668000000] [id=5062]

VM state:at safepoint (normal execution)

VM Mutex/Monitor currently owned by a thread:  ([mutex/lock_event])
[0x00007f66a8006020] Threads_lock - owner thread: 0x00007f66a813e800
[0x00007f66a8006520] Heap_lock - owner thread: 0x00007f66a8009800

Heap:
 PSYoungGen      total 130560K, used 8688K [0x00000000ec000000, 0x00000000f4900000, 0x0000000100000000)
  eden space 121856K, 0% used [0x00000000ec000000,0x00000000ec000000,0x00000000f3700000)
  from space 8704K, 99% used [0x00000000f3700000,0x00000000f3f7c020,0x00000000f3f80000)
  to   space 7680K, 0% used [0x00000000f3f80000,0x00000000f3f80000,0x00000000f4700000)
 ParOldGen       total 40960K, used 15643K [0x00000000c4000000, 0x00000000c6800000, 0x00000000ec000000)
  object space 40960K, 38% used [0x00000000c4000000,0x00000000c4f46f10,0x00000000c6800000)
 Metaspace       used 11116K, capacity 11612K, committed 11776K, reserved 1060864K
  class space    used 1101K, capacity 1274K, committed 1280K, reserved 1048576K

Card table byte_map: [0x00007f66ac158000,0x00007f66ac339000] byte_map_base: 0x00007f66abb38000

Marking Bits: (ParMarkBitMap*) 0x00007f66aea56d60
 Begin Bits: [0x00007f6686200000, 0x00007f6687100000)
 End Bits:   [0x00007f6687100000, 0x00007f6688000000)

Polling page: 0x00007f66af6a5000

CodeCache: size=245760Kb used=7254Kb max_used=7296Kb free=238505Kb
 bounds [0x00007f6699000000, 0x00007f6699730000, 0x00007f66a8000000]
 total_blobs=2046 nmethods=1749 adapters=210
 compilation: enabled

Compilation events (10 events):
Event: 10,796 Thread 0x00007f66a8185000 1799       2       java.io.FileInputStream::<init> (110 bytes)
Event: 10,953 Thread 0x00007f66a8185000 nmethod 1799 0x00007f669965c250 code [0x00007f669965c420, 0x00007f669965c8f8]
Event: 10,959 Thread 0x00007f66a8180800 nmethod 1796 0x00007f66996af390 code [0x00007f66996af820, 0x00007f66996b2aa0]
Event: 11,000 Thread 0x00007f66a8180800 1624       4       javassist.CtClassType::getSuperclass (23 bytes)
Event: 11,000 Thread 0x00007f66a8185000 1801       3       javassist.compiler.Javac::recordLocalVariables (100 bytes)
Event: 11,014 Thread 0x00007f66a8185000 nmethod 1801 0x00007f6699686790 code [0x00007f6699686a40, 0x00007f6699688318]
Event: 11,015 Thread 0x00007f66a8185000 1800       2       java.io.FileInputStream::open (6 bytes)
Event: 11,015 Thread 0x00007f66a8185000 nmethod 1800 0x00007f6699656050 code [0x00007f66996561c0, 0x00007f6699656328]
Event: 12,917 Thread 0x00007f66a8183800 nmethod 1792 0x00007f66996fd3d0 code [0x00007f66996fee20, 0x00007f6699707e90]
Event: 13,020 Thread 0x00007f66a8183800 1804       4       javassist.bytecode.stackmap.Tracer::checkParamTypes (196 bytes)

GC Heap History (10 events):
Event: 1,530 GC heap after
Heap after GC invocations=2 (full 0):
 PSYoungGen      total 33280K, used 2518K [0x00000000ec000000, 0x00000000ee300000, 0x0000000100000000)
  eden space 30720K, 0% used [0x00000000ec000000,0x00000000ec000000,0x00000000ede00000)
  from space 2560K, 98% used [0x00000000ee080000,0x00000000ee2f5938,0x00000000ee300000)
  to   space 2560K, 0% used [0x00000000ede00000,0x00000000ede00000,0x00000000ee080000)
 ParOldGen       total 40960K, used 8K [0x00000000c4000000, 0x00000000c6800000, 0x00000000ec000000)
  object space 40960K, 0% used [0x00000000c4000000,0x00000000c4002000,0x00000000c6800000)
 Metaspace       used 7078K, capacity 7290K, committed 7552K, reserved 1056768K
  class space    used 765K, capacity 854K, committed 896K, reserved 1048576K
}
Event: 2,268 GC heap before
{Heap before GC invocations=3 (full 0):
 PSYoungGen      total 33280K, used 33238K [0x00000000ec000000, 0x00000000ee300000, 0x0000000100000000)
  eden space 30720K, 100% used [0x00000000ec000000,0x00000000ede00000,0x00000000ede00000)
  from space 2560K, 98% used [0x00000000ee080000,0x00000000ee2f5938,0x00000000ee300000)
  to   space 2560K, 0% used [0x00000000ede00000,0x00000000ede00000,0x00000000ee080000)
 ParOldGen       total 40960K, used 8K [0x00000000c4000000, 0x00000000c6800000, 0x00000000ec000000)
  object space 40960K, 0% used [0x00000000c4000000,0x00000000c4002000,0x00000000c6800000)
 Metaspace       used 8642K, capacity 8884K, committed 8960K, reserved 1056768K
  class space    used 916K, capacity 1020K, committed 1024K, reserved 1048576K
Event: 2,278 GC heap after
Heap after GC invocations=3 (full 0):
 PSYoungGen      total 33280K, used 2533K [0x00000000ec000000, 0x00000000f0100000, 0x0000000100000000)
  eden space 30720K, 0% used [0x00000000ec000000,0x00000000ec000000,0x00000000ede00000)
  from space 2560K, 98% used [0x00000000ede00000,0x00000000ee079470,0x00000000ee080000)
  to   space 2560K, 0% used [0x00000000efe80000,0x00000000efe80000,0x00000000f0100000)
 ParOldGen       total 40960K, used 2588K [0x00000000c4000000, 0x00000000c6800000, 0x00000000ec000000)
  object space 40960K, 6% used [0x00000000c4000000,0x00000000c42872e8,0x00000000c6800000)
 Metaspace       used 8642K, capacity 8884K, committed 8960K, reserved 1056768K
  class space    used 916K, capacity 1020K, committed 1024K, reserved 1048576K
}
Event: 3,108 GC heap before
{Heap before GC invocations=4 (full 0):
 PSYoungGen      total 33280K, used 33253K [0x00000000ec000000, 0x00000000f0100000, 0x0000000100000000)
  eden space 30720K, 100% used [0x00000000ec000000,0x00000000ede00000,0x00000000ede00000)
  from space 2560K, 98% used [0x00000000ede00000,0x00000000ee079470,0x00000000ee080000)
  to   space 2560K, 0% used [0x00000000efe80000,0x00000000efe80000,0x00000000f0100000)
 ParOldGen       total 40960K, used 2588K [0x00000000c4000000, 0x00000000c6800000, 0x00000000ec000000)
  object space 40960K, 6% used [0x00000000c4000000,0x00000000c42872e8,0x00000000c6800000)
 Metaspace       used 9201K, capacity 9516K, committed 9856K, reserved 1058816K
  class space    used 951K, capacity 1062K, committed 1152K, reserved 1048576K
Event: 3,144 GC heap after
Heap after GC invocations=4 (full 0):
 PSYoungGen      total 64000K, used 2556K [0x00000000ec000000, 0x00000000f0100000, 0x0000000100000000)
  eden space 61440K, 0% used [0x00000000ec000000,0x00000000ec000000,0x00000000efc00000)
  from space 2560K, 99% used [0x00000000efe80000,0x00000000f00ff320,0x00000000f0100000)
  to   space 2560K, 0% used [0x00000000efc00000,0x00000000efc00000,0x00000000efe80000)
 ParOldGen       total 40960K, used 6348K [0x00000000c4000000, 0x00000000c6800000, 0x00000000ec000000)
  object space 40960K, 15% used [0x00000000c4000000,0x00000000c4633060,0x00000000c6800000)
 Metaspace       used 9201K, capacity 9516K, committed 9856K, reserved 1058816K
  class space    used 951K, capacity 1062K, committed 1152K, reserved 1048576K
}
Event: 4,754 GC heap before
{Heap before GC invocations=5 (full 0):
 PSYoungGen      total 64000K, used 63996K [0x00000000ec000000, 0x00000000f0100000, 0x0000000100000000)
  eden space 61440K, 100% used [0x00000000ec000000,0x00000000efc00000,0x00000000efc00000)
  from space 2560K, 99% used [0x00000000efe80000,0x00000000f00ff320,0x00000000f0100000)
  to   space 2560K, 0% used [0x00000000efc00000,0x00000000efc00000,0x00000000efe80000)
 ParOldGen       total 40960K, used 6348K [0x00000000c4000000, 0x00000000c6800000, 0x00000000ec000000)
  object space 40960K, 15% used [0x00000000c4000000,0x00000000c4633060,0x00000000c6800000)
 Metaspace       used 9493K, capacity 9708K, committed 9856K, reserved 1058816K
  class space    used 959K, capacity 1062K, committed 1152K, reserved 1048576K
Event: 4,786 GC heap after
Heap after GC invocations=5 (full 0):
 PSYoungGen      total 64000K, used 2530K [0x00000000ec000000, 0x00000000f4700000, 0x0000000100000000)
  eden space 61440K, 0% used [0x00000000ec000000,0x00000000ec000000,0x00000000efc00000)
  from space 2560K, 98% used [0x00000000efc00000,0x00000000efe78b60,0x00000000efe80000)
  to   space 7680K, 0% used [0x00000000f3f80000,0x00000000f3f80000,0x00000000f4700000)
 ParOldGen       total 40960K, used 8960K [0x00000000c4000000, 0x00000000c6800000, 0x00000000ec000000)
  object space 40960K, 21% used [0x00000000c4000000,0x00000000c48c02e8,0x00000000c6800000)
 Metaspace       used 9493K, capacity 9708K, committed 9856K, reserved 1058816K
  class space    used 959K, capacity 1062K, committed 1152K, reserved 1048576K
}
Event: 5,970 GC heap before
{Heap before GC invocations=6 (full 0):
 PSYoungGen      total 64000K, used 63970K [0x00000000ec000000, 0x00000000f4700000, 0x0000000100000000)
  eden space 61440K, 100% used [0x00000000ec000000,0x00000000efc00000,0x00000000efc00000)
  from space 2560K, 98% used [0x00000000efc00000,0x00000000efe78b60,0x00000000efe80000)
  to   space 7680K, 0% used [0x00000000f3f80000,0x00000000f3f80000,0x00000000f4700000)
 ParOldGen       total 40960K, used 8960K [0x00000000c4000000, 0x00000000c6800000, 0x00000000ec000000)
  object space 40960K, 21% used [0x00000000c4000000,0x00000000c48c02e8,0x00000000c6800000)
 Metaspace       used 10352K, capacity 10724K, committed 11008K, reserved 1058816K
  class space    used 1036K, capacity 1168K, committed 1280K, reserved 1048576K
Event: 6,033 GC heap after
Heap after GC invocations=6 (full 0):
 PSYoungGen      total 129536K, used 7330K [0x00000000ec000000, 0x00000000f4900000, 0x0000000100000000)
  eden space 121856K, 0% used [0x00000000ec000000,0x00000000ec000000,0x00000000f3700000)
  from space 7680K, 95% used [0x00000000f3f80000,0x00000000f46a89f0,0x00000000f4700000)
  to   space 8704K, 0% used [0x00000000f3700000,0x00000000f3700000,0x00000000f3f80000)
 ParOldGen       total 40960K, used 8968K [0x00000000c4000000, 0x00000000c6800000, 0x00000000ec000000)
  object space 40960K, 21% used [0x00000000c4000000,0x00000000c48c22e8,0x00000000c6800000)
 Metaspace       used 10352K, capacity 10724K, committed 11008K, reserved 1058816K
  class space    used 1036K, capacity 1168K, committed 1280K, reserved 1048576K
}
Event: 14,900 GC heap before
{Heap before GC invocations=7 (full 0):
 PSYoungGen      total 129536K, used 129186K [0x00000000ec000000, 0x00000000f4900000, 0x0000000100000000)
  eden space 121856K, 100% used [0x00000000ec000000,0x00000000f3700000,0x00000000f3700000)
  from space 7680K, 95% used [0x00000000f3f80000,0x00000000f46a89f0,0x00000000f4700000)
  to   space 8704K, 0% used [0x00000000f3700000,0x00000000f3700000,0x00000000f3f80000)
 ParOldGen       total 40960K, used 8968K [0x00000000c4000000, 0x00000000c6800000, 0x00000000ec000000)
  object space 40960K, 21% used [0x00000000c4000000,0x00000000c48c22e8,0x00000000c6800000)
 Metaspace       used 11116K, capacity 11612K, committed 11776K, reserved 1060864K
  class space    used 1101K, capacity 1274K, committed 1280K, reserved 1048576K

Deoptimization events (10 events):
Event: 2,633 Thread 0x00007f66a8009800 Uncommon trap: reason=unstable_if action=reinterpret pc=0x00007f669943ccd8 method=javassist.bytecode.stackmap.MapMaker.validateTypeData([Ljavassist/bytecode/stackmap/TypeData;II)Ljavassist/bytecode/stackmap/TypeData; @ 8
Event: 2,734 Thread 0x00007f66a8009800 Uncommon trap: reason=unstable_if action=reinterpret pc=0x00007f6699408c74 method=javassist.bytecode.AttributeInfo.read(Ljavassist/bytecode/ConstPool;Ljava/io/DataInputStream;)Ljavassist/bytecode/AttributeInfo; @ 138
Event: 4,358 Thread 0x00007f66a8009800 Uncommon trap: reason=unstable_if action=reinterpret pc=0x00007f669945a584 method=javassist.bytecode.LongVector.addElement(Ljavassist/bytecode/ConstInfo;)V @ 26
Event: 5,562 Thread 0x00007f66a8009800 Uncommon trap: reason=unstable_if action=reinterpret pc=0x00007f669958e548 method=javassist.bytecode.stackmap.TypeData$TypeVar.fixTypes(Ljava/util/ArrayList;Ljavassist/ClassPool;)V @ 125
Event: 6,663 Thread 0x00007f66a8009800 Uncommon trap: reason=unstable_if action=reinterpret pc=0x00007f66995ec8b0 method=javassist.bytecode.stackmap.TypeData$TypeVar.fixTypes(Ljava/util/ArrayList;Ljavassist/ClassPool;)V @ 125
Event: 6,795 Thread 0x00007f66a8009800 Uncommon trap: reason=unstable_if action=reinterpret pc=0x00007f66992f91e0 method=javassist.bytecode.LongVector.addElement(Ljavassist/bytecode/ConstInfo;)V @ 26
Event: 8,462 Thread 0x00007f66a8009800 Uncommon trap: reason=unstable_if action=reinterpret pc=0x00007f66996345fc method=javassist.bytecode.StackMapTable$Walker.verifyTypeInfo(II[I[I)I @ 41
Event: 8,462 Thread 0x00007f66a8009800 Uncommon trap: reason=unstable_if action=reinterpret pc=0x00007f66995ad13c method=javassist.bytecode.StackMapTable$OffsetShifter.objectOrUninitialized(III)V @ 3
Event: 8,466 Thread 0x00007f66a8009800 Uncommon trap: reason=class_check action=maybe_recompile pc=0x00007f6699694004 method=javassist.bytecode.stackmap.MapMaker.merge(Ljavassist/bytecode/stackmap/TypeData;Ljavassist/bytecode/stackmap/TypeData;)Ljavassist/bytecode/stackmap/TypeData; @ 24
Event: 8,466 Thread 0x00007f66a8009800 Uncommon trap: reason=class_check action=maybe_recompile pc=0x00007f6699443558 method=javassist.bytecode.stackmap.MapMaker.merge(Ljavassist/bytecode/stackmap/TypeData;Ljavassist/bytecode/stackmap/TypeData;)Ljavassist/bytecode/stackmap/TypeData; @ 24

Internal exceptions (10 events):
Event: 1,385 Thread 0x00007f66a8009800 Exception <a 'java/security/PrivilegedActionException'> (0x00000000ecb50f98) thrown at [/HUDSON/workspace/8-2-build-linux-amd64/jdk8u91/6644/hotspot/src/share/vm/prims/jvm.cpp, line 1386]
Event: 1,385 Thread 0x00007f66a8009800 Exception <a 'java/security/PrivilegedActionException'> (0x00000000ecb51578) thrown at [/HUDSON/workspace/8-2-build-linux-amd64/jdk8u91/6644/hotspot/src/share/vm/prims/jvm.cpp, line 1386]
Event: 1,536 Thread 0x00007f66a8009800 Exception <a 'java/security/PrivilegedActionException'> (0x00000000ec034590) thrown at [/HUDSON/workspace/8-2-build-linux-amd64/jdk8u91/6644/hotspot/src/share/vm/prims/jvm.cpp, line 1386]
Event: 1,536 Thread 0x00007f66a8009800 Exception <a 'java/security/PrivilegedActionException'> (0x00000000ec034b70) thrown at [/HUDSON/workspace/8-2-build-linux-amd64/jdk8u91/6644/hotspot/src/share/vm/prims/jvm.cpp, line 1386]
Event: 2,200 Thread 0x00007f66a8009800 Exception <a 'java/security/PrivilegedActionException'> (0x00000000edca8470) thrown at [/HUDSON/workspace/8-2-build-linux-amd64/jdk8u91/6644/hotspot/src/share/vm/prims/jvm.cpp, line 1386]
Event: 2,200 Thread 0x00007f66a8009800 Exception <a 'java/security/PrivilegedActionException'> (0x00000000edca8a50) thrown at [/HUDSON/workspace/8-2-build-linux-amd64/jdk8u91/6644/hotspot/src/share/vm/prims/jvm.cpp, line 1386]
Event: 5,041 Thread 0x00007f66a8009800 Exception <a 'java/security/PrivilegedActionException'> (0x00000000ecfa5b68) thrown at [/HUDSON/workspace/8-2-build-linux-amd64/jdk8u91/6644/hotspot/src/share/vm/prims/jvm.cpp, line 1386]
Event: 5,041 Thread 0x00007f66a8009800 Exception <a 'java/security/PrivilegedActionException'> (0x00000000ecfa6148) thrown at [/HUDSON/workspace/8-2-build-linux-amd64/jdk8u91/6644/hotspot/src/share/vm/prims/jvm.cpp, line 1386]
Event: 7,466 Thread 0x00007f66a8009800 Exception <a 'java/security/PrivilegedActionException'> (0x00000000efdcdf28) thrown at [/HUDSON/workspace/8-2-build-linux-amd64/jdk8u91/6644/hotspot/src/share/vm/prims/jvm.cpp, line 1386]
Event: 7,466 Thread 0x00007f66a8009800 Exception <a 'java/security/PrivilegedActionException'> (0x00000000efdce538) thrown at [/HUDSON/workspace/8-2-build-linux-amd64/jdk8u91/6644/hotspot/src/share/vm/prims/jvm.cpp, line 1386]

Events (10 events):
Event: 8,462 Thread 0x00007f66a8009800 Uncommon trap: trap_request=0xffffff65 fr.pc=0x00007f66995ad13c
Event: 8,462 Thread 0x00007f66a8009800 DEOPT PACKING pc=0x00007f66995ad13c sp=0x00007f66af6826b0
Event: 8,462 Thread 0x00007f66a8009800 DEOPT UNPACKING pc=0x00007f6699005229 sp=0x00007f66af682670 mode 2
Event: 8,466 Thread 0x00007f66a8009800 Uncommon trap: trap_request=0xffffffde fr.pc=0x00007f6699694004
Event: 8,466 Thread 0x00007f66a8009800 DEOPT PACKING pc=0x00007f6699694004 sp=0x00007f66af682860
Event: 8,466 Thread 0x00007f66a8009800 DEOPT UNPACKING pc=0x00007f6699005229 sp=0x00007f66af6827b8 mode 2
Event: 8,466 Thread 0x00007f66a8009800 Uncommon trap: trap_request=0xffffffde fr.pc=0x00007f6699443558
Event: 8,466 Thread 0x00007f66a8009800 DEOPT PACKING pc=0x00007f6699443558 sp=0x00007f66af682790
Event: 8,466 Thread 0x00007f66a8009800 DEOPT UNPACKING pc=0x00007f6699005229 sp=0x00007f66af6827a8 mode 2
Event: 14,873 Executing VM operation: ParallelGCFailedAllocation


Dynamic libraries:
00400000-00401000 r-xp 00000000 08:02 1465883                            /usr/lib/jvm/java-8-oracle/jre/bin/java
00600000-00601000 rw-p 00000000 08:02 1465883                            /usr/lib/jvm/java-8-oracle/jre/bin/java
018a3000-018c4000 rw-p 00000000 00:00 0                                  [heap]
c4000000-c6800000 rw-p 00000000 00:00 0 
c6800000-ec000000 ---p 00000000 00:00 0 
ec000000-f4900000 rw-p 00000000 00:00 0 
fc800000-100000000 ---p 00000000 00:00 0 
100000000-100140000 rw-p 00000000 00:00 0 
100140000-140000000 ---p 00000000 00:00 0 
7f6654000000-7f6654021000 rw-p 00000000 00:00 0 
7f6654021000-7f6658000000 ---p 00000000 00:00 0 
7f6658000000-7f6658021000 rw-p 00000000 00:00 0 
7f6658021000-7f665c000000 ---p 00000000 00:00 0 
7f665c000000-7f665c021000 rw-p 00000000 00:00 0 
7f665c021000-7f6660000000 ---p 00000000 00:00 0 
7f6660000000-7f6660021000 rw-p 00000000 00:00 0 
7f6660021000-7f6664000000 ---p 00000000 00:00 0 
7f6667739000-7f666773c000 r--s 0001a000 08:02 1466211                    /usr/lib/jvm/java-8-oracle/jre/lib/jce.jar
7f666773c000-7f666777c000 rw-p 00000000 00:00 0 
7f666777c000-7f666793c000 ---p 00000000 00:00 0 
7f666793c000-7f6667b3c000 rw-p 00000000 00:00 0 
7f6667b3c000-7f6667b4f000 r--s 00344000 08:02 1466027                    /usr/lib/jvm/java-8-oracle/jre/lib/resources.jar
7f6667b4f000-7f6667b52000 r--s 00010000 08:02 1049224                    /home/sam/.m2/repository/org/apache/maven/surefire/surefire-junit4/2.19.1/surefire-junit4-2.19.1.jar
7f6667b52000-7f6667b53000 r--s 00000000 08:02 545152                     /home/sam/.m2/repository/org/jenkins-ci/test-annotations/1.2/test-annotations-1.2.jar
7f6667b53000-7f6667b54000 r--s 00000000 08:02 932856                     /home/sam/.m2/repository/org/codehaus/mojo/animal-sniffer-annotations/1.9/animal-sniffer-annotations-1.9.jar
7f6667b54000-7f6667b56000 r--s 00010000 08:02 794063                     /home/sam/.m2/repository/com/jcraft/jzlib/1.1.3-kohsuke-1/jzlib-1.1.3-kohsuke-1.jar
7f6667b56000-7f6667b59000 r--s 00006000 08:02 1050154                    /home/sam/.m2/repository/com/google/code/findbugs/jsr305/1.3.9/jsr305-1.3.9.jar
7f6667b59000-7f6667b79000 r--s 00173000 08:02 1050153                    /home/sam/.m2/repository/com/google/guava/guava/11.0.1/guava-11.0.1.jar
7f6667b79000-7f6667b7a000 r--s 00004000 08:02 1050149                    /home/sam/.m2/repository/org/mindrot/jbcrypt/0.3m/jbcrypt-0.3m.jar
7f6667b7a000-7f6667b7c000 r--s 0000f000 08:02 934177                     /home/sam/.m2/repository/commons-fileupload/commons-fileupload/1.3.1-jenkins-1/commons-fileupload-1.3.1-jenkins-1.jar
7f6667b7c000-7f6667b80000 r--s 0000f000 08:02 1050147                    /home/sam/.m2/repository/com/google/code/findbugs/annotations/3.0.0/annotations-3.0.0.jar
7f6667b80000-7f6667b81000 r--s 00001000 08:02 1050145                    /home/sam/.m2/repository/org/kohsuke/access-modifier-annotation/1.4/access-modifier-annotation-1.4.jar
7f6667b81000-7f6667b88000 r--s 0003a000 08:02 1050144                    /home/sam/.m2/repository/commons-codec/commons-codec/1.8/commons-codec-1.8.jar
7f6667b88000-7f6667b89000 r--s 00000000 08:02 545363                     /home/sam/.m2/repository/org/jenkins-ci/symbol-annotation/1.1/symbol-annotation-1.1.jar
7f6667b89000-7f6667b8b000 r--s 00000000 08:02 1050141                    /home/sam/.m2/repository/org/jvnet/robust-http-client/robust-http-client/1.2/robust-http-client-1.2.jar
7f6667b8b000-7f6667b8c000 r--s 00001000 08:02 934175                     /home/sam/.m2/repository/org/kohsuke/metainf-services/metainf-services/1.4/metainf-services-1.4.jar
7f6667b8c000-7f6667b93000 r--s 0005b000 08:02 1050139                    /home/sam/.m2/repository/org/samba/jcifs/jcifs/1.3.17-kohsuke-1/jcifs-1.3.17-kohsuke-1.jar
7f6667b93000-7f6667b96000 r--s 0001a000 08:02 1050137                    /home/sam/.m2/repository/org/kohsuke/jinterop/j-interopdeps/2.0.6-kohsuke-1/j-interopdeps-2.0.6-kohsuke-1.jar
7f6667b96000-7f6667b9c000 r--s 00059000 08:02 1050136                    /home/sam/.m2/repository/org/kohsuke/jinterop/j-interop/2.0.6-kohsuke-1/j-interop-2.0.6-kohsuke-1.jar
7f6667b9c000-7f6667b9e000 r--s 00005000 08:02 1051307                    /home/sam/.m2/repository/net/java/sezpoz/sezpoz/1.11/sezpoz-1.11.jar
7f6667b9e000-7f6667b9f000 r--s 00001000 08:02 671334                     /home/sam/.m2/repository/com/sun/solaris/embedded_su4j/1.1/embedded_su4j-1.1.jar
7f6667b9f000-7f6667ba2000 r--s 0000d000 08:02 1050131                    /home/sam/.m2/repository/org/jvnet/libzfs/libzfs/0.5/libzfs-0.5.jar
7f6667ba2000-7f6667ba3000 r--s 00004000 08:02 1050130                    /home/sam/.m2/repository/org/kohsuke/libpam4j/1.8/libpam4j-1.8.jar
7f6667ba3000-7f6667ba4000 r--s 00004000 08:02 1050127                    /home/sam/.m2/repository/org/kohsuke/akuma/1.10/akuma-1.10.jar
7f6667ba4000-7f6667ba8000 r--s 00112000 08:02 1050126                    /home/sam/.m2/repository/net/java/dev/jna/jna/4.2.1/jna-4.2.1.jar
7f6667ba8000-7f6667bae000 r--s 0005a000 08:02 545362                     /home/sam/.m2/repository/org/jenkins-ci/jmdns/3.4.0-jenkins-3/jmdns-3.4.0-jenkins-3.jar
7f6667bae000-7f6667bb0000 r--s 00005000 08:02 1050123                    /home/sam/.m2/repository/stax/stax-api/1.0.1/stax-api-1.0.1.jar
7f6667bb0000-7f6667bb6000 r--s 0007a000 08:02 1050088                    /home/sam/.m2/repository/org/codehaus/woodstox/wstx-asl/3.2.9/wstx-asl-3.2.9.jar
7f6667bb6000-7f6667bb8000 r--s 00003000 08:02 545359                     /home/sam/.m2/repository/org/jenkins-ci/memory-monitor/1.9/memory-monitor-1.9.jar
7f6667bb8000-7f6667bba000 r--s 00004000 08:02 1050119                    /home/sam/.m2/repository/org/jvnet/winp/winp/1.22/winp-1.22.jar
7f6667bba000-7f6667bc8000 r--s 0007f000 08:02 934173                     /home/sam/.m2/repository/commons-collections/commons-collections/3.2.1/commons-collections-3.2.1.jar
7f6667bc8000-7f6667bc9000 r--s 00004000 08:02 1050117                    /home/sam/.m2/repository/relaxngDatatype/relaxngDatatype/20020414/relaxngDatatype-20020414.jar
7f6667bc9000-7f6667bcb000 r--s 00004000 08:02 1050109                    /home/sam/.m2/repository/javax/xml/stream/stax-api/1.0-2/stax-api-1.0-2.jar
7f6667bcb000-7f6667bce000 r--s 0000e000 08:02 794061                     /home/sam/.m2/repository/com/sun/xml/txw2/txw2/20110809/txw2-20110809.jar
7f6667bce000-7f6667bcf000 r--s 00001000 08:02 1050115                    /home/sam/.m2/repository/org/slf4j/slf4j-jdk14/1.7.7/slf4j-jdk14-1.7.7.jar
7f6667bcf000-7f6667bd0000 r--s 00005000 08:02 1050111                    /home/sam/.m2/repository/org/slf4j/log4j-over-slf4j/1.7.7/log4j-over-slf4j-1.7.7.jar
7f6667bd0000-7f6667bd2000 r--s 00006000 08:02 1050110                    /home/sam/.m2/repository/org/slf4j/slf4j-api/1.7.7/slf4j-api-1.7.7.jar
7f6667bd2000-7f6667bd4000 r--s 00003000 08:02 1050108                    /home/sam/.m2/repository/org/slf4j/jcl-over-slf4j/1.7.7/jcl-over-slf4j-1.7.7.jar
7f6667bd4000-7f6667bd6000 r--s 00003000 08:02 934171                     /home/sam/.m2/repository/javax/servlet/jstl/1.1.0/jstl-1.1.0.jar
7f6667bd6000-7f6667bd7000 r--s 00004000 08:02 1048983                    /home/sam/.m2/repository/org/powermock/powermock-api-support/1.6.2/powermock-api-support-1.6.2.jar
7f6667bd7000-7f6667bf5000 r--s 00110000 08:02 1048980                    /home/sam/.m2/repository/org/mockito/mockito-all/1.10.19/mockito-all-1.10.19.jar
7f6667bf5000-7f6667bf9000 r--s 00014000 08:02 1048978                    /home/sam/.m2/repository/org/powermock/powermock-api-mockito/1.6.2/powermock-api-mockito-1.6.2.jar
7f6667bf9000-7f6667bfb000 r--s 0000a000 08:02 1048974                    /home/sam/.m2/repository/org/powermock/powermock-reflect/1.6.2/powermock-reflect-1.6.2.jar
7f6667bfb000-7f6667c04000 r--s 000ae000 08:02 1048972                    /home/sam/.m2/repository/org/javassist/javassist/3.19.0-GA/javassist-3.19.0-GA.jar
7f6667c04000-7f6667c07000 r--s 00017000 08:02 1048970                    /home/sam/.m2/repository/org/powermock/powermock-core/1.6.2/powermock-core-1.6.2.jar
7f6667c07000-7f6667c08000 r--s 00003000 08:02 1048968                    /home/sam/.m2/repository/org/powermock/powermock-module-junit4-common/1.6.2/powermock-module-junit4-common-1.6.2.jar
7f6667c08000-7f6667c0a000 r--s 0000a000 08:02 1048966                    /home/sam/.m2/repository/org/powermock/powermock-module-junit4/1.6.2/powermock-module-junit4-1.6.2.jar
7f6667c0a000-7f6667c0c000 r--s 00009000 08:02 1048977                    /home/sam/.m2/repository/org/objenesis/objenesis/2.1/objenesis-2.1.jar
7f6667c0c000-7f6667c28000 r--s 00103000 08:02 1050106                    /home/sam/.m2/repository/org/mockito/mockito-core/1.10.19/mockito-core-1.10.19.jar
7f6667c28000-7f6667c2a000 r--s 00009000 08:02 1048988                    /home/sam/.m2/repository/org/hamcrest/hamcrest-core/1.3/hamcrest-core-1.3.jar
7f6667c2a000-7f6667c32000 r--s 00045000 08:02 1048967                    /home/sam/.m2/repository/junit/junit/4.12/junit-4.12.jar
7f6667c32000-7f6667c35000 r--s 0001b000 08:02 1050104                    /home/sam/.m2/repository/xpp3/xpp3/1.1.4c/xpp3-1.1.4c.jar
7f6667c35000-7f6667c3d000 r--s 00048000 08:02 1050101                    /home/sam/.m2/repository/org/springframework/spring-aop/2.5.6.SEC03/spring-aop-2.5.6.SEC03.jar
7f6667c3d000-7f6667c43000 r--s 00040000 08:02 1050099                    /home/sam/.m2/repository/org/springframework/spring-core/2.5.6.SEC03/spring-core-2.5.6.SEC03.jar
7f6667c43000-7f6667c48000 r--s 0002b000 08:02 1050097                    /home/sam/.m2/repository/org/springframework/spring-web/2.5.6.SEC03/spring-web-2.5.6.SEC03.jar
7f6667c48000-7f6667c4b000 r--s 00015000 08:02 1050095                    /home/sam/.m2/repository/org/springframework/spring-context-support/2.5.6.SEC03/spring-context-support-2.5.6.SEC03.jar
7f6667c4b000-7f6667c57000 r--s 00069000 08:02 1050093                    /home/sam/.m2/repository/org/springframework/spring-context/2.5.6.SEC03/spring-context-2.5.6.SEC03.jar
7f6667c57000-7f6667c61000 r--s 0006e000 08:02 1050092                    /home/sam/.m2/repository/org/springframework/spring-beans/2.5.6.SEC03/spring-beans-2.5.6.SEC03.jar
7f6667c61000-7f6667c6a000 r--s 0005a000 08:02 1050089                    /home/sam/.m2/repository/org/springframework/spring-webmvc/2.5.6.SEC03/spring-webmvc-2.5.6.SEC03.jar
7f6667c6a000-7f6667c6c000 r--s 0001a000 08:02 1050087                    /home/sam/.m2/repository/org/fusesource/jansi/jansi/1.11/jansi-1.11.jar
7f6667c6c000-7f6667c70000 r--s 00031000 08:02 934169                     /home/sam/.m2/repository/jline/jline/2.12/jline-2.12.jar
7f6667c70000-7f6667ce0000 r--s 00641000 08:02 1200805                    /home/sam/.m2/repository/org/codehaus/groovy/groovy-all/2.4.7/groovy-all-2.4.7.jar
7f6667ce0000-7f6667ce9000 r--s 0006f000 08:02 545357                     /home/sam/.m2/repository/log4j/log4j/1.2.17/log4j-1.2.17.jar
7f6667ce9000-7f6667ceb000 r--s 0000e000 08:02 933629                     /home/sam/.m2/repository/oro/oro/2.0.8/oro-2.0.8.jar
7f6667ceb000-7f6667cf0000 r--s 00029000 08:02 1050081                    /home/sam/.m2/repository/org/springframework/spring-jdbc/1.2.9/spring-jdbc-1.2.9.jar
7f6667cf0000-7f6667cfd000 r--s 00079000 08:02 1050079                    /home/sam/.m2/repository/org/acegisecurity/acegi-security/1.0.7/acegi-security-1.0.7.jar
7f6667cfd000-7f6667d00000 ---p 00000000 00:00 0 
7f6667d00000-7f6667dfe000 rw-p 00000000 00:00 0 
7f6667dfe000-7f6667e01000 ---p 00000000 00:00 0 
7f6667e01000-7f6667eff000 rw-p 00000000 00:00 0 
7f6667eff000-7f6667f00000 ---p 00000000 00:00 0 
7f6667f00000-7f6668000000 rw-p 00000000 00:00 0 
7f6668000000-7f6669f13000 rw-p 00000000 00:00 0 
7f6669f13000-7f666c000000 ---p 00000000 00:00 0 
7f666c000000-7f666cb92000 rw-p 00000000 00:00 0 
7f666cb92000-7f6670000000 ---p 00000000 00:00 0 
7f6670000000-7f6670021000 rw-p 00000000 00:00 0 
7f6670021000-7f6674000000 ---p 00000000 00:00 0 
7f6674000000-7f6675990000 rw-p 00000000 00:00 0 
7f6675990000-7f6678000000 ---p 00000000 00:00 0 
7f6678000000-7f6678021000 rw-p 00000000 00:00 0 
7f6678021000-7f667c000000 ---p 00000000 00:00 0 
7f667c000000-7f667c021000 rw-p 00000000 00:00 0 
7f667c021000-7f6680000000 ---p 00000000 00:00 0 
7f6680000000-7f668028d000 rw-p 00000000 00:00 0 
7f668028d000-7f6684000000 ---p 00000000 00:00 0 
7f6684000000-7f6684004000 r--s 00014000 08:02 1050083                    /home/sam/.m2/repository/org/springframework/spring-dao/1.2.9/spring-dao-1.2.9.jar
7f6684004000-7f6684008000 r--s 0001f000 08:02 545355                     /home/sam/.m2/repository/org/jenkins-ci/commons-jexl/1.1-jenkins-20111212/commons-jexl-1.1-jenkins-20111212.jar
7f6684008000-7f668400a000 r--s 00004000 08:02 1050077                    /home/sam/.m2/repository/org/jvnet/hudson/commons-jelly-tags-define/1.0.1-hudson-20071021/commons-jelly-tags-define-1.0.1-hudson-20071021.jar
7f668400a000-7f668400c000 r--s 00008000 08:02 1050076                    /home/sam/.m2/repository/commons-jelly/commons-jelly-tags-xml/1.1/commons-jelly-tags-xml-1.1.jar
7f668400c000-7f6684012000 r--s 00035000 08:02 1050071                    /home/sam/.m2/repository/jaxen/jaxen/1.1-beta-11/jaxen-1.1-beta-11.jar
7f6684012000-7f6684019000 r--s 00072000 08:02 1050068                    /home/sam/.m2/repository/javax/mail/mail/1.4.4/mail-1.4.4.jar
7f6684019000-7f6684020000 r--s 0005d000 08:02 1050065                    /home/sam/.m2/repository/org/apache/commons/commons-compress/1.10/commons-compress-1.10.jar
7f6684020000-7f6684025000 r--s 00034000 08:02 1050063                    /home/sam/.m2/repository/commons-beanutils/commons-beanutils/1.8.3/commons-beanutils-1.8.3.jar
7f6684025000-7f668402b000 r--s 0002b000 08:02 1050061                    /home/sam/.m2/repository/commons-digester/commons-digester/2.1/commons-digester-2.1.jar
7f668402b000-7f6684030000 r--s 00041000 08:02 933720                     /home/sam/.m2/repository/commons-lang/commons-lang/2.6/commons-lang-2.6.jar
7f6684030000-7f6684034000 r--s 0002a000 08:02 1050059                    /home/sam/.m2/repository/commons-io/commons-io/2.4/commons-io-2.4.jar
7f6684034000-7f6684052000 r--s 001bd000 08:02 934163                     /home/sam/.m2/repository/org/apache/ant/ant/1.8.4/ant-1.8.4.jar
7f6684052000-7f6684055000 ---p 00000000 00:00 0 
7f6684055000-7f6684153000 rw-p 00000000 00:00 0 
7f6684153000-7f6684156000 ---p 00000000 00:00 0 
7f6684156000-7f6684254000 rw-p 00000000 00:00 0 
7f6684254000-7f6684257000 ---p 00000000 00:00 0 
7f6684257000-7f6684355000 rw-p 00000000 00:00 0 
7f6684355000-7f6684358000 ---p 00000000 00:00 0 
7f6684358000-7f6684456000 rw-p 00000000 00:00 0 
7f6684456000-7f6684459000 ---p 00000000 00:00 0 
7f6684459000-7f6684557000 rw-p 00000000 00:00 0 
7f6684557000-7f6684f16000 r--p 00000000 08:02 1319792                    /usr/lib/locale/locale-archive
7f6684f16000-7f6684f19000 ---p 00000000 00:00 0 
7f6684f19000-7f6685017000 rw-p 00000000 00:00 0 
7f6685017000-7f668501a000 ---p 00000000 00:00 0 
7f668501a000-7f6685118000 rw-p 00000000 00:00 0 
7f6685118000-7f6685119000 ---p 00000000 00:00 0 
7f6685119000-7f6686027000 rw-p 00000000 00:00 0 
7f6686027000-7f6686200000 r--s 03d1f000 08:02 1465989                    /usr/lib/jvm/java-8-oracle/jre/lib/rt.jar
7f6686200000-7f6688000000 rw-p 00000000 00:00 0 
7f6688000000-7f6688021000 rw-p 00000000 00:00 0 
7f6688021000-7f668c000000 ---p 00000000 00:00 0 
7f668c000000-7f668c021000 rw-p 00000000 00:00 0 
7f668c021000-7f6690000000 ---p 00000000 00:00 0 
7f6690000000-7f6690021000 rw-p 00000000 00:00 0 
7f6690021000-7f6694000000 ---p 00000000 00:00 0 
7f6694000000-7f6694021000 rw-p 00000000 00:00 0 
7f6694021000-7f6698000000 ---p 00000000 00:00 0 
7f6698000000-7f6698001000 r--s 00005000 08:02 1050073                    /home/sam/.m2/repository/commons-jelly/commons-jelly-tags-fmt/1.0/commons-jelly-tags-fmt-1.0.jar
7f6698001000-7f6698003000 r--s 00010000 08:02 1050069                    /home/sam/.m2/repository/org/jvnet/hudson/activation/1.1.1-hudson-1/activation-1.1.1-hudson-1.jar
7f6698003000-7f6698006000 r--s 00015000 08:02 934168                     /home/sam/.m2/repository/javax/servlet/javax.servlet-api/3.1.0/javax.servlet-api-3.1.0.jar
7f6698006000-7f6698007000 r--s 00004000 08:02 934165                     /home/sam/.m2/repository/org/apache/ant/ant-launcher/1.8.4/ant-launcher-1.8.4.jar
7f6698007000-7f669800d000 r--s 00046000 08:02 1050057                    /home/sam/.m2/repository/jfree/jcommon/1.0.12/jcommon-1.0.12.jar
7f669800d000-7f669801c000 r--s 0012d000 08:02 1050055                    /home/sam/.m2/repository/jfree/jfreechart/1.0.9/jfreechart-1.0.9.jar
7f669801c000-7f669802a000 r--s 00075000 08:02 1050054                    /home/sam/.m2/repository/org/jvnet/hudson/xstream/1.4.7-jenkins-1/xstream-1.4.7-jenkins-1.jar
7f669802a000-7f6698030000 r--s 00067000 08:02 1050051                    /home/sam/.m2/repository/antlr/antlr/2.7.6/antlr-2.7.6.jar
7f6698030000-7f6698031000 r--s 00001000 08:02 934030                     /home/sam/.m2/repository/org/jvnet/localizer/localizer/1.23/localizer-1.23.jar
7f6698031000-7f6698032000 r--s 00004000 08:02 545350                     /home/sam/.m2/repository/org/jenkins-ci/task-reactor/1.4/task-reactor-1.4.jar
7f6698032000-7f6698037000 r--s 00058000 08:02 1050041                    /home/sam/.m2/repository/org/kohsuke/asm5/5.0.1/asm5-5.0.1.jar
7f6698037000-7f6698039000 r--s 00008000 08:02 545351                     /home/sam/.m2/repository/org/jenkins-ci/bytecode-compatibility-transformer/1.8/bytecode-compatibility-transformer-1.8.jar
7f6698039000-7f669803a000 r--s 00003000 08:02 1851903                    /home/sam/.m2/repository/org/jenkins-ci/annotation-indexer/1.11/annotation-indexer-1.11.jar
7f669803a000-7f669803d000 r--s 00013000 08:02 1050049                    /home/sam/.m2/repository/args4j/args4j/2.0.31/args4j-2.0.31.jar
7f669803d000-7f6698043000 r--s 00045000 08:02 1050045                    /home/sam/.m2/repository/commons-httpclient/commons-httpclient/3.1/commons-httpclient-3.1.jar
7f6698043000-7f6698046000 r--s 00013000 08:02 1050030                    /home/sam/.m2/repository/net/sf/ezmorph/ezmorph/1.0.6/ezmorph-1.0.6.jar
7f6698046000-7f6698048000 r--s 0000e000 08:02 794059                     /home/sam/.m2/repository/commons-logging/commons-logging/1.1.3/commons-logging-1.1.3.jar
7f6698048000-7f669804b000 r--s 00020000 08:02 934161                     /home/sam/.m2/repository/org/kohsuke/stapler/json-lib/2.4-jenkins-2/json-lib-2.4-jenkins-2.jar
7f669804b000-7f669804c000 r--s 00000000 08:02 794053                     /home/sam/.m2/repository/com/infradna/tool/bridge-method-annotation/1.13/bridge-method-annotation-1.13.jar
7f669804c000-7f669804f000 r--s 0002d000 08:02 1050042                    /home/sam/.m2/repository/org/kohsuke/stapler/stapler-adjunct-timeline/1.4/stapler-adjunct-timeline-1.4-tests.jar
7f669804f000-7f6698055000 r--s 0003e000 08:02 1050040                    /home/sam/.m2/repository/org/kohsuke/stapler/stapler-adjunct-codemirror/1.3/stapler-adjunct-codemirror-1.3.jar
7f6698055000-7f6698059000 r--s 00025000 08:02 1050038                    /home/sam/.m2/repository/org/kohsuke/stapler/stapler-adjunct-timeline/1.4/stapler-adjunct-timeline-1.4.jar
7f6698059000-7f669805a000 r--s 00004000 08:02 1050036                    /home/sam/.m2/repository/org/kohsuke/stapler/stapler-adjunct-zeroclipboard/1.3.5-1/stapler-adjunct-zeroclipboard-1.3.5-1.jar
7f669805a000-7f669805c000 r--s 00000000 08:02 1050034                    /home/sam/.m2/repository/org/kohsuke/windows-package-checker/1.2/windows-package-checker-1.2.jar
7f669805c000-7f669805e000 r--s 00003000 08:02 1050031                    /home/sam/.m2/repository/org/jvnet/tiger-types/2.2/tiger-types-2.2.jar
7f669805e000-7f6698061000 r--s 00010000 08:02 932709                     /home/sam/.m2/repository/commons-discovery/commons-discovery/0.4/commons-discovery-0.4.jar
7f6698061000-7f6698063000 r--s 00005000 08:02 1050029                    /home/sam/.m2/repository/javax/annotation/javax.annotation-api/1.2/javax.annotation-api-1.2.jar
7f6698063000-7f669806b000 r--s 00055000 08:02 1050027                    /home/sam/.m2/repository/org/kohsuke/stapler/stapler/1.243/stapler-1.243.jar
7f669806b000-7f669806c000 r--s 00001000 08:02 1050025                    /home/sam/.m2/repository/org/kohsuke/stapler/stapler-jrebel/1.243/stapler-jrebel-1.243.jar
7f669806c000-7f6698071000 r--s 0003a000 08:02 545347                     /home/sam/.m2/repository/org/jenkins-ci/dom4j/dom4j/1.6.1-jenkins-4/dom4j-1.6.1-jenkins-4.jar
7f6698071000-7f6698075000 r--s 00026000 08:02 545345                     /home/sam/.m2/repository/org/jenkins-ci/commons-jelly/1.1-jenkins-20120928/commons-jelly-1.1-jenkins-20120928.jar
7f6698075000-7f6698078000 r--s 00013000 08:02 1050023                    /home/sam/.m2/repository/org/kohsuke/stapler/stapler-jelly/1.243/stapler-jelly-1.243.jar
7f6698078000-7f669807a000 r--s 00007000 08:02 1050021                    /home/sam/.m2/repository/org/kohsuke/stapler/stapler-groovy/1.243/stapler-groovy-1.243.jar
7f669807a000-7f669807f000 r--s 0003c000 08:02 545338                     /home/sam/.m2/repository/org/jenkins-ci/trilead-ssh2/build217-jenkins-8/trilead-ssh2-build217-jenkins-8.jar
7f669807f000-7f6698080000 r--s 00001000 08:02 1050019                    /home/sam/.m2/repository/org/kohsuke/trilead-putty-extension/1.2/trilead-putty-extension-1.2.jar
7f6698080000-7f6698085000 r--s 00048000 08:02 794055                     /home/sam/.m2/repository/com/github/jnr/jnr-constants/0.8.5/jnr-constants-0.8.5.jar
7f6698085000-7f66980a5000 r--s 0014c000 08:02 1050003                    /home/sam/.m2/repository/com/google/inject/guice/4.0-beta/guice-4.0-beta.jar
7f66980a5000-7f6698bfc000 rw-p 00000000 00:00 0 
7f6698bfc000-7f6698bfd000 ---p 00000000 00:00 0 
7f6698bfd000-7f6698cfd000 rw-p 00000000 00:00 0 
7f6698cfd000-7f6698cfe000 ---p 00000000 00:00 0 
7f6698cfe000-7f6698dfe000 rw-p 00000000 00:00 0 
7f6698dfe000-7f6698dff000 ---p 00000000 00:00 0 
7f6698dff000-7f6698eff000 rw-p 00000000 00:00 0 
7f6698eff000-7f6698f00000 ---p 00000000 00:00 0 
7f6698f00000-7f6699000000 rw-p 00000000 00:00 0 
7f6699000000-7f6699730000 rwxp 00000000 00:00 0 
7f6699730000-7f66a8000000 ---p 00000000 00:00 0 
7f66a8000000-7f66a9127000 rw-p 00000000 00:00 0 
7f66a9127000-7f66ac000000 ---p 00000000 00:00 0 
7f66ac000000-7f66ac003000 r--s 00033000 08:02 794054                     /home/sam/.m2/repository/com/github/jnr/jnr-x86asm/1.0.2/jnr-x86asm-1.0.2.jar
7f66ac003000-7f66ac005000 r--s 00008000 08:02 1050018                    /home/sam/.m2/repository/org/ow2/asm/asm-util/4.0/asm-util-4.0.jar
7f66ac005000-7f66ac007000 r--s 00004000 08:02 1050015                    /home/sam/.m2/repository/org/ow2/asm/asm-tree/4.0/asm-tree-4.0.jar
7f66ac007000-7f66ac008000 r--s 00004000 08:02 1050014                    /home/sam/.m2/repository/org/ow2/asm/asm-analysis/4.0/asm-analysis-4.0.jar
7f66ac008000-7f66ac018000 r--s 0008e000 08:02 671332                     /home/sam/.m2/repository/com/github/jnr/jnr-ffi/1.0.7/jnr-ffi-1.0.7.jar
7f66ac018000-7f66ac02c000 rw-p 00000000 00:00 0 
7f66ac02c000-7f66ac158000 ---p 00000000 00:00 0 
7f66ac158000-7f66ac16c000 rw-p 00000000 00:00 0 
7f66ac16c000-7f66ac298000 ---p 00000000 00:00 0 
7f66ac298000-7f66ac2dd000 rw-p 00000000 00:00 0 
7f66ac2dd000-7f66ac338000 ---p 00000000 00:00 0 
7f66ac338000-7f66ac356000 rw-p 00000000 00:00 0 
7f66ac356000-7f66ac6f9000 ---p 00000000 00:00 0 
7f66ac6f9000-7f66ac713000 r-xp 00000000 08:02 1466191                    /usr/lib/jvm/java-8-oracle/jre/lib/amd64/libzip.so
7f66ac713000-7f66ac913000 ---p 0001a000 08:02 1466191                    /usr/lib/jvm/java-8-oracle/jre/lib/amd64/libzip.so
7f66ac913000-7f66ac914000 rw-p 0001a000 08:02 1466191                    /usr/lib/jvm/java-8-oracle/jre/lib/amd64/libzip.so
7f66ac914000-7f66ac91f000 r-xp 00000000 08:02 398626                     /lib/x86_64-linux-gnu/libnss_files-2.23.so
7f66ac91f000-7f66acb1e000 ---p 0000b000 08:02 398626                     /lib/x86_64-linux-gnu/libnss_files-2.23.so
7f66acb1e000-7f66acb1f000 r--p 0000a000 08:02 398626                     /lib/x86_64-linux-gnu/libnss_files-2.23.so
7f66acb1f000-7f66acb20000 rw-p 0000b000 08:02 398626                     /lib/x86_64-linux-gnu/libnss_files-2.23.so
7f66acb20000-7f66acb26000 rw-p 00000000 00:00 0 
7f66acb26000-7f66acb31000 r-xp 00000000 08:02 398636                     /lib/x86_64-linux-gnu/libnss_nis-2.23.so
7f66acb31000-7f66acd30000 ---p 0000b000 08:02 398636                     /lib/x86_64-linux-gnu/libnss_nis-2.23.so
7f66acd30000-7f66acd31000 r--p 0000a000 08:02 398636                     /lib/x86_64-linux-gnu/libnss_nis-2.23.so
7f66acd31000-7f66acd32000 rw-p 0000b000 08:02 398636                     /lib/x86_64-linux-gnu/libnss_nis-2.23.so
7f66acd32000-7f66acd48000 r-xp 00000000 08:02 398620                     /lib/x86_64-linux-gnu/libnsl-2.23.so
7f66acd48000-7f66acf47000 ---p 00016000 08:02 398620                     /lib/x86_64-linux-gnu/libnsl-2.23.so
7f66acf47000-7f66acf48000 r--p 00015000 08:02 398620                     /lib/x86_64-linux-gnu/libnsl-2.23.so
7f66acf48000-7f66acf49000 rw-p 00016000 08:02 398620                     /lib/x86_64-linux-gnu/libnsl-2.23.so
7f66acf49000-7f66acf4b000 rw-p 00000000 00:00 0 
7f66acf4b000-7f66acf53000 r-xp 00000000 08:02 398622                     /lib/x86_64-linux-gnu/libnss_compat-2.23.so
7f66acf53000-7f66ad152000 ---p 00008000 08:02 398622                     /lib/x86_64-linux-gnu/libnss_compat-2.23.so
7f66ad152000-7f66ad153000 r--p 00007000 08:02 398622                     /lib/x86_64-linux-gnu/libnss_compat-2.23.so
7f66ad153000-7f66ad154000 rw-p 00008000 08:02 398622                     /lib/x86_64-linux-gnu/libnss_compat-2.23.so
7f66ad154000-7f66ad17e000 r-xp 00000000 08:02 1466186                    /usr/lib/jvm/java-8-oracle/jre/lib/amd64/libjava.so
7f66ad17e000-7f66ad37e000 ---p 0002a000 08:02 1466186                    /usr/lib/jvm/java-8-oracle/jre/lib/amd64/libjava.so
7f66ad37e000-7f66ad380000 rw-p 0002a000 08:02 1466186                    /usr/lib/jvm/java-8-oracle/jre/lib/amd64/libjava.so
7f66ad380000-7f66ad38d000 r-xp 00000000 08:02 1466190                    /usr/lib/jvm/java-8-oracle/jre/lib/amd64/libverify.so
7f66ad38d000-7f66ad58d000 ---p 0000d000 08:02 1466190                    /usr/lib/jvm/java-8-oracle/jre/lib/amd64/libverify.so
7f66ad58d000-7f66ad58f000 rw-p 0000d000 08:02 1466190                    /usr/lib/jvm/java-8-oracle/jre/lib/amd64/libverify.so
7f66ad58f000-7f66ad596000 r-xp 00000000 08:02 398681                     /lib/x86_64-linux-gnu/librt-2.23.so
7f66ad596000-7f66ad795000 ---p 00007000 08:02 398681                     /lib/x86_64-linux-gnu/librt-2.23.so
7f66ad795000-7f66ad796000 r--p 00006000 08:02 398681                     /lib/x86_64-linux-gnu/librt-2.23.so
7f66ad796000-7f66ad797000 rw-p 00007000 08:02 398681                     /lib/x86_64-linux-gnu/librt-2.23.so
7f66ad797000-7f66ad89f000 r-xp 00000000 08:02 398597                     /lib/x86_64-linux-gnu/libm-2.23.so
7f66ad89f000-7f66ada9e000 ---p 00108000 08:02 398597                     /lib/x86_64-linux-gnu/libm-2.23.so
7f66ada9e000-7f66ada9f000 r--p 00107000 08:02 398597                     /lib/x86_64-linux-gnu/libm-2.23.so
7f66ada9f000-7f66adaa0000 rw-p 00108000 08:02 398597                     /lib/x86_64-linux-gnu/libm-2.23.so
7f66adaa0000-7f66ae760000 r-xp 00000000 08:02 1466169                    /usr/lib/jvm/java-8-oracle/jre/lib/amd64/server/libjvm.so
7f66ae760000-7f66ae960000 ---p 00cc0000 08:02 1466169                    /usr/lib/jvm/java-8-oracle/jre/lib/amd64/server/libjvm.so
7f66ae960000-7f66aea38000 rw-p 00cc0000 08:02 1466169                    /usr/lib/jvm/java-8-oracle/jre/lib/amd64/server/libjvm.so
7f66aea38000-7f66aea83000 rw-p 00000000 00:00 0 
7f66aea83000-7f66aec43000 r-xp 00000000 08:02 398527                     /lib/x86_64-linux-gnu/libc-2.23.so
7f66aec43000-7f66aee42000 ---p 001c0000 08:02 398527                     /lib/x86_64-linux-gnu/libc-2.23.so
7f66aee42000-7f66aee46000 r--p 001bf000 08:02 398527                     /lib/x86_64-linux-gnu/libc-2.23.so
7f66aee46000-7f66aee48000 rw-p 001c3000 08:02 398527                     /lib/x86_64-linux-gnu/libc-2.23.so
7f66aee48000-7f66aee4c000 rw-p 00000000 00:00 0 
7f66aee4c000-7f66aee4f000 r-xp 00000000 08:02 398551                     /lib/x86_64-linux-gnu/libdl-2.23.so
7f66aee4f000-7f66af04e000 ---p 00003000 08:02 398551                     /lib/x86_64-linux-gnu/libdl-2.23.so
7f66af04e000-7f66af04f000 r--p 00002000 08:02 398551                     /lib/x86_64-linux-gnu/libdl-2.23.so
7f66af04f000-7f66af050000 rw-p 00003000 08:02 398551                     /lib/x86_64-linux-gnu/libdl-2.23.so
7f66af050000-7f66af065000 r-xp 00000000 08:02 1466164                    /usr/lib/jvm/java-8-oracle/jre/lib/amd64/jli/libjli.so
7f66af065000-7f66af265000 ---p 00015000 08:02 1466164                    /usr/lib/jvm/java-8-oracle/jre/lib/amd64/jli/libjli.so
7f66af265000-7f66af266000 rw-p 00015000 08:02 1466164                    /usr/lib/jvm/java-8-oracle/jre/lib/amd64/jli/libjli.so
7f66af266000-7f66af27e000 r-xp 00000000 08:02 398673                     /lib/x86_64-linux-gnu/libpthread-2.23.so
7f66af27e000-7f66af47d000 ---p 00018000 08:02 398673                     /lib/x86_64-linux-gnu/libpthread-2.23.so
7f66af47d000-7f66af47e000 r--p 00017000 08:02 398673                     /lib/x86_64-linux-gnu/libpthread-2.23.so
7f66af47e000-7f66af47f000 rw-p 00018000 08:02 398673                     /lib/x86_64-linux-gnu/libpthread-2.23.so
7f66af47f000-7f66af483000 rw-p 00000000 00:00 0 
7f66af483000-7f66af4a9000 r-xp 00000000 08:02 398499                     /lib/x86_64-linux-gnu/ld-2.23.so
7f66af4a9000-7f66af4ab000 r--s 00008000 08:02 1050006                    /home/sam/.m2/repository/org/ow2/asm/asm-commons/4.0/asm-commons-4.0.jar
7f66af4ab000-7f66af4ad000 r--s 0000a000 08:02 934159                     /home/sam/.m2/repository/org/ow2/asm/asm/4.0/asm-4.0.jar
7f66af4ad000-7f66af4af000 r--s 0005d000 08:02 794051                     /home/sam/.m2/repository/com/github/jnr/jffi/1.2.7/jffi-1.2.7-native.jar
7f66af4af000-7f66af4b3000 r--s 00020000 08:02 794049                     /home/sam/.m2/repository/com/github/jnr/jffi/1.2.7/jffi-1.2.7.jar
7f66af4b3000-7f66af4b7000 r--s 00023000 08:02 671330                     /home/sam/.m2/repository/com/github/jnr/jnr-posix/3.0.1/jnr-posix-3.0.1.jar
7f66af4b7000-7f66af4ba000 r--s 00014000 08:02 1050009                    /home/sam/.m2/repository/org/jruby/ext/posix/jna-posix/1.0.3-jenkins-1/jna-posix-1.0.3-jenkins-1.jar
7f66af4ba000-7f66af4bc000 r--s 00000000 08:02 1050007                    /home/sam/.m2/repository/aopalliance/aopalliance/1.0/aopalliance-1.0.jar
7f66af4bc000-7f66af4bf000 r--s 0001c000 08:02 1050001                    /home/sam/.m2/repository/org/jvnet/hudson/jtidy/4aug2000r7-dev-hudson-1/jtidy-4aug2000r7-dev-hudson-1.jar
7f66af4bf000-7f66af4c9000 r--s 00078000 08:02 946644                     /home/sam/.m2/repository/org/jenkins-ci/main/remoting/2.60/remoting-2.60.jar
7f66af4c9000-7f66af586000 rw-p 00000000 00:00 0 
7f66af586000-7f66af589000 ---p 00000000 00:00 0 
7f66af589000-7f66af68b000 rw-p 00000000 00:00 0 
7f66af68b000-7f66af68c000 r--s 00000000 08:02 1050005                    /home/sam/.m2/repository/javax/inject/javax.inject/1/javax.inject-1.jar
7f66af68c000-7f66af68d000 r--s 00000000 08:02 545341                     /home/sam/.m2/repository/org/jenkins-ci/core-annotation-processors/1.0/core-annotation-processors-1.0.jar
7f66af68d000-7f66af68f000 r--s 00000000 08:02 545340                     /home/sam/.m2/repository/org/jenkins-ci/crypto-util/1.1/crypto-util-1.1.jar
7f66af68f000-7f66af690000 r--s 00002000 08:02 545337                     /home/sam/.m2/repository/org/jenkins-ci/version-number/1.1/version-number-1.1.jar
7f66af690000-7f66af691000 r--s 00009000 08:02 821477                     /home/sam/Desktop/jenkins/cli/target/cli-2.13-SNAPSHOT.jar
7f66af691000-7f66af692000 r--s 00003000 08:02 545188                     /home/sam/.m2/repository/org/jenkins-ci/constant-pool-scanner/1.2/constant-pool-scanner-1.2.jar
7f66af692000-7f66af694000 r--s 00003000 08:02 545336                     /home/sam/.m2/repository/org/jenkins-ci/plugins/icon-shim/icon-set/1.0.5/icon-set-1.0.5.jar
7f66af694000-7f66af699000 r--s 0002b000 08:02 1049212                    /home/sam/.m2/repository/org/apache/maven/surefire/surefire-api/2.19.1/surefire-api-2.19.1.jar
7f66af699000-7f66af69b000 r--s 0000a000 08:02 1049166                    /home/sam/.m2/repository/org/apache/maven/surefire/surefire-booter/2.19.1/surefire-booter-2.19.1.jar
7f66af69b000-7f66af69c000 r--s 00003000 08:02 929638                     /home/sam/Desktop/jenkins/core/target/surefire/surefirebooter6440494250054020518.jar
7f66af69c000-7f66af6a4000 rw-s 00000000 08:02 537542                     /tmp/hsperfdata_sam/5028
7f66af6a4000-7f66af6a5000 rw-p 00000000 00:00 0 
7f66af6a5000-7f66af6a6000 ---p 00000000 00:00 0 
7f66af6a6000-7f66af6a8000 rw-p 00000000 00:00 0 
7f66af6a8000-7f66af6a9000 r--p 00025000 08:02 398499                     /lib/x86_64-linux-gnu/ld-2.23.so
7f66af6a9000-7f66af6aa000 rw-p 00026000 08:02 398499                     /lib/x86_64-linux-gnu/ld-2.23.so
7f66af6aa000-7f66af6ab000 rw-p 00000000 00:00 0 
7ffe0fe45000-7ffe0fe66000 rw-p 00000000 00:00 0                          [stack]
7ffe0ff89000-7ffe0ff8b000 r--p 00000000 00:00 0                          [vvar]
7ffe0ff8b000-7ffe0ff8d000 r-xp 00000000 00:00 0                          [vdso]
ffffffffff600000-ffffffffff601000 r-xp 00000000 00:00 0                  [vsyscall]

VM Arguments:
jvm_args: -XX:MaxPermSize=128m -Xverify:none 
java_command: /home/sam/Desktop/jenkins/core/target/surefire/surefirebooter6440494250054020518.jar /home/sam/Desktop/jenkins/core/target/surefire/surefire6478620260885316521tmp /home/sam/Desktop/jenkins/core/target/surefire/surefire_06979206751248015417tmp
java_class_path (initial): /home/sam/Desktop/jenkins/core/target/surefire/surefirebooter6440494250054020518.jar
Launcher Type: SUN_STANDARD

Environment Variables:
JAVA_HOME=/usr/lib/jvm/java-8-oracle
PATH=/usr/local/sbin:/usr/local/bin:/usr/sbin:/usr/bin:/sbin:/bin:/usr/games:/usr/local/games:/snap/bin
SHELL=/bin/bash
DISPLAY=:0

Signal Handlers:
SIGSEGV: [libjvm.so+0xabca10], sa_mask[0]=11111111011111111101111111111110, sa_flags=SA_RESTART|SA_SIGINFO
SIGBUS: [libjvm.so+0xabca10], sa_mask[0]=11111111011111111101111111111110, sa_flags=SA_RESTART|SA_SIGINFO
SIGFPE: [libjvm.so+0x919a20], sa_mask[0]=11111111011111111101111111111110, sa_flags=SA_RESTART|SA_SIGINFO
SIGPIPE: [libjvm.so+0x919a20], sa_mask[0]=11111111011111111101111111111110, sa_flags=SA_RESTART|SA_SIGINFO
SIGXFSZ: [libjvm.so+0x919a20], sa_mask[0]=11111111011111111101111111111110, sa_flags=SA_RESTART|SA_SIGINFO
SIGILL: [libjvm.so+0x919a20], sa_mask[0]=11111111011111111101111111111110, sa_flags=SA_RESTART|SA_SIGINFO
SIGUSR1: SIG_DFL, sa_mask[0]=00000000000000000000000000000000, sa_flags=none
SIGUSR2: [libjvm.so+0x91b050], sa_mask[0]=00100000000000000000000000000000, sa_flags=SA_RESTART|SA_SIGINFO
SIGHUP: [libjvm.so+0x91c450], sa_mask[0]=11111111011111111101111111111110, sa_flags=SA_RESTART|SA_SIGINFO
SIGINT: [libjvm.so+0x91c450], sa_mask[0]=11111111011111111101111111111110, sa_flags=SA_RESTART|SA_SIGINFO
SIGTERM: [libjvm.so+0x91c450], sa_mask[0]=11111111011111111101111111111110, sa_flags=SA_RESTART|SA_SIGINFO
SIGQUIT: [libjvm.so+0x91c450], sa_mask[0]=11111111011111111101111111111110, sa_flags=SA_RESTART|SA_SIGINFO


---------------  S Y S T E M  ---------------

OS:DISTRIB_ID=Ubuntu
DISTRIB_RELEASE=16.04
DISTRIB_CODENAME=xenial
DISTRIB_DESCRIPTION="Ubuntu 16.04 LTS"

uname:Linux 4.4.0-28-generic #47-Ubuntu SMP Fri Jun 24 10:09:13 UTC 2016 x86_64
libc:glibc 2.23 NPTL 2.23 
rlimit: STACK 8192k, CORE 0k, NPROC 15184, NOFILE 65536, AS infinity
load average:16,99 6,58 3,99

/proc/meminfo:
MemTotal:        3925892 kB
MemFree:          100832 kB
MemAvailable:       9132 kB
Buffers:             176 kB
Cached:           381940 kB
SwapCached:            0 kB
Active:          3336800 kB
Inactive:         318036 kB
Active(anon):    3330048 kB
Inactive(anon):   312264 kB
Active(file):       6752 kB
Inactive(file):     5772 kB
Unevictable:          44 kB
Mlocked:              44 kB
SwapTotal:             0 kB
SwapFree:              0 kB
Dirty:                76 kB
Writeback:             0 kB
AnonPages:       3274228 kB
Mapped:           135000 kB
Shmem:            368128 kB
Slab:              79816 kB
SReclaimable:      42580 kB
SUnreclaim:        37236 kB
KernelStack:       10672 kB
PageTables:        44540 kB
NFS_Unstable:          0 kB
Bounce:                0 kB
WritebackTmp:          0 kB
CommitLimit:     1962944 kB
Committed_AS:    7998308 kB
VmallocTotal:   34359738367 kB
VmallocUsed:           0 kB
VmallocChunk:          0 kB
HardwareCorrupted:     0 kB
AnonHugePages:   1136640 kB
CmaTotal:              0 kB
CmaFree:               0 kB
HugePages_Total:       0
HugePages_Free:        0
HugePages_Rsvd:        0
HugePages_Surp:        0
Hugepagesize:       2048 kB
DirectMap4k:      129788 kB
DirectMap2M:     3944448 kB


CPU:total 4 (2 cores per cpu, 2 threads per core) family 6 model 58 stepping 9, cmov, cx8, fxsr, mmx, sse, sse2, sse3, ssse3, sse4.1, sse4.2, popcnt, avx, aes, clmul, erms, ht, tsc, tscinvbit, tscinv

/proc/cpuinfo:
processor	: 0
vendor_id	: GenuineIntel
cpu family	: 6
model		: 58
model name	: Intel(R) Core(TM) i5-3337U CPU @ 1.80GHz
stepping	: 9
microcode	: 0x1c
cpu MHz		: 990.351
cache size	: 3072 KB
physical id	: 0
siblings	: 4
core id		: 0
cpu cores	: 2
apicid		: 0
initial apicid	: 0
fpu		: yes
fpu_exception	: yes
cpuid level	: 13
wp		: yes
flags		: fpu vme de pse tsc msr pae mce cx8 apic sep mtrr pge mca cmov pat pse36 clflush dts acpi mmx fxsr sse sse2 ss ht tm pbe syscall nx rdtscp lm constant_tsc arch_perfmon pebs bts rep_good nopl xtopology nonstop_tsc aperfmperf eagerfpu pni pclmulqdq dtes64 monitor ds_cpl vmx est tm2 ssse3 cx16 xtpr pdcm pcid sse4_1 sse4_2 x2apic popcnt tsc_deadline_timer aes xsave avx f16c rdrand lahf_lm epb tpr_shadow vnmi flexpriority ept vpid fsgsbase smep erms xsaveopt dtherm ida arat pln pts
bugs		:
bogomips	: 3591.91
clflush size	: 64
cache_alignment	: 64
address sizes	: 36 bits physical, 48 bits virtual
power management:

processor	: 1
vendor_id	: GenuineIntel
cpu family	: 6
model		: 58
model name	: Intel(R) Core(TM) i5-3337U CPU @ 1.80GHz
stepping	: 9
microcode	: 0x1c
cpu MHz		: 999.773
cache size	: 3072 KB
physical id	: 0
siblings	: 4
core id		: 0
cpu cores	: 2
apicid		: 1
initial apicid	: 1
fpu		: yes
fpu_exception	: yes
cpuid level	: 13
wp		: yes
flags		: fpu vme de pse tsc msr pae mce cx8 apic sep mtrr pge mca cmov pat pse36 clflush dts acpi mmx fxsr sse sse2 ss ht tm pbe syscall nx rdtscp lm constant_tsc arch_perfmon pebs bts rep_good nopl xtopology nonstop_tsc aperfmperf eagerfpu pni pclmulqdq dtes64 monitor ds_cpl vmx est tm2 ssse3 cx16 xtpr pdcm pcid sse4_1 sse4_2 x2apic popcnt tsc_deadline_timer aes xsave avx f16c rdrand lahf_lm epb tpr_shadow vnmi flexpriority ept vpid fsgsbase smep erms xsaveopt dtherm ida arat pln pts
bugs		:
bogomips	: 3591.91
clflush size	: 64
cache_alignment	: 64
address sizes	: 36 bits physical, 48 bits virtual
power management:

processor	: 2
vendor_id	: GenuineIntel
cpu family	: 6
model		: 58
model name	: Intel(R) Core(TM) i5-3337U CPU @ 1.80GHz
stepping	: 9
microcode	: 0x1c
cpu MHz		: 1179.492
cache size	: 3072 KB
physical id	: 0
siblings	: 4
core id		: 1
cpu cores	: 2
apicid		: 2
initial apicid	: 2
fpu		: yes
fpu_exception	: yes
cpuid level	: 13
wp		: yes
flags		: fpu vme de pse tsc msr pae mce cx8 apic sep mtrr pge mca cmov pat pse36 clflush dts acpi mmx fxsr sse sse2 ss ht tm pbe syscall nx rdtscp lm constant_tsc arch_perfmon pebs bts rep_good nopl xtopology nonstop_tsc aperfmperf eagerfpu pni pclmulqdq dtes64 monitor ds_cpl vmx est tm2 ssse3 cx16 xtpr pdcm pcid sse4_1 sse4_2 x2apic popcnt tsc_deadline_timer aes xsave avx f16c rdrand lahf_lm epb tpr_shadow vnmi flexpriority ept vpid fsgsbase smep erms xsaveopt dtherm ida arat pln pts
bugs		:
bogomips	: 3591.91
clflush size	: 64
cache_alignment	: 64
address sizes	: 36 bits physical, 48 bits virtual
power management:

processor	: 3
vendor_id	: GenuineIntel
cpu family	: 6
model		: 58
model name	: Intel(R) Core(TM) i5-3337U CPU @ 1.80GHz
stepping	: 9
microcode	: 0x1c
cpu MHz		: 1086.257
cache size	: 3072 KB
physical id	: 0
siblings	: 4
core id		: 1
cpu cores	: 2
apicid		: 3
initial apicid	: 3
fpu		: yes
fpu_exception	: yes
cpuid level	: 13
wp		: yes
flags		: fpu vme de pse tsc msr pae mce cx8 apic sep mtrr pge mca cmov pat pse36 clflush dts acpi mmx fxsr sse sse2 ss ht tm pbe syscall nx rdtscp lm constant_tsc arch_perfmon pebs bts rep_good nopl xtopology nonstop_tsc aperfmperf eagerfpu pni pclmulqdq dtes64 monitor ds_cpl vmx est tm2 ssse3 cx16 xtpr pdcm pcid sse4_1 sse4_2 x2apic popcnt tsc_deadline_timer aes xsave avx f16c rdrand lahf_lm epb tpr_shadow vnmi flexpriority ept vpid fsgsbase smep erms xsaveopt dtherm ida arat pln pts
bugs		:
bogomips	: 3591.91
clflush size	: 64
cache_alignment	: 64
address sizes	: 36 bits physical, 48 bits virtual
power management:



Memory: 4k page, physical 3925892k(104040k free), swap 0k(0k free)

vm_info: Java HotSpot(TM) 64-Bit Server VM (25.91-b14) for linux-amd64 JRE (1.8.0_91-b14), built on Apr  1 2016 00:57:21 by "java_re" with gcc 4.3.0 20080428 (Red Hat 4.3.0-8)

time: Sat Jul 16 18:16:10 2016
elapsed time: 47 seconds (0d 0h 0m 47s)

