#
# There is insufficient memory for the Java Runtime Environment to continue.
# Native memory allocation (mmap) failed to map 62914560 bytes for committing reserved memory.
# Possible reasons:
#   The system is out of physical RAM or swap space
#   In 32 bit mode, the process size limit was hit
# Possible solutions:
#   Reduce memory load on the system
#   Increase physical memory or swap space
#   Check if swap backing store is full
#   Use 64 bit Java on a 64 bit OS
#   Decrease Java heap size (-Xmx/-Xms)
#   Decrease number of Java threads
#   Decrease Java thread stack sizes (-Xss)
#   Set larger code cache with -XX:ReservedCodeCacheSize=
# This output file may be truncated or incomplete.
#
#  Out of Memory Error (os_linux.cpp:2627), pid=5029, tid=139985269864192
#
# JRE version: Java(TM) SE Runtime Environment (8.0_91-b14) (build 1.8.0_91-b14)
# Java VM: Java HotSpot(TM) 64-Bit Server VM (25.91-b14 mixed mode linux-amd64 compressed oops)
# Failed to write core dump. Core dumps have been disabled. To enable core dumping, try "ulimit -c unlimited" before starting Java again
#

---------------  T H R E A D  ---------------

Current thread (0x00007f50f013e800):  VMThread [stack: 0x00007f50dc38b000,0x00007f50dc48c000] [id=5046]

Stack: [0x00007f50dc38b000,0x00007f50dc48c000],  sp=0x00007f50dc48a2a0,  free space=1020k
Native frames: (J=compiled Java code, j=interpreted, Vv=VM code, C=native code)
V  [libjvm.so+0xabc18a]  VMError::report_and_die()+0x2ba
V  [libjvm.so+0x4fafeb]  report_vm_out_of_memory(char const*, int, unsigned long, VMErrorType, char const*)+0x8b
V  [libjvm.so+0x91cbb3]  os::Linux::commit_memory_impl(char*, unsigned long, bool)+0x103
V  [libjvm.so+0x91d109]  os::pd_commit_memory(char*, unsigned long, unsigned long, bool)+0x29
V  [libjvm.so+0x91740a]  os::commit_memory(char*, unsigned long, unsigned long, bool)+0x2a
V  [libjvm.so+0x98b033]  PSVirtualSpace::expand_by(unsigned long)+0x53
V  [libjvm.so+0x98c438]  PSYoungGen::resize_generation(unsigned long, unsigned long)+0xf8
V  [libjvm.so+0x98b592]  PSYoungGen::resize(unsigned long, unsigned long)+0x22
V  [libjvm.so+0x98886b]  PSScavenge::invoke_no_policy()+0xf3b
V  [libjvm.so+0x988ff1]  PSScavenge::invoke()+0x41
V  [libjvm.so+0x9408b0]  ParallelScavengeHeap::failed_mem_allocate(unsigned long)+0x70
V  [libjvm.so+0xabdba7]  VM_ParallelGCFailedAllocation::doit()+0x97
V  [libjvm.so+0xac55d5]  VM_Operation::evaluate()+0x55
V  [libjvm.so+0xac39aa]  VMThread::evaluate_operation(VM_Operation*)+0xba
V  [libjvm.so+0xac3d2e]  VMThread::loop()+0x1ce
V  [libjvm.so+0xac41a0]  VMThread::run()+0x70
V  [libjvm.so+0x91ef78]  java_start(Thread*)+0x108

VM_Operation (0x00007f50f686fe30): ParallelGCFailedAllocation, mode: safepoint, requested by thread 0x00007f50f0009800


---------------  P R O C E S S  ---------------

Java Threads: ( => current thread )
  0x00007f50f01d2000 JavaThread "surefire-forkedjvm-command-thread" daemon [_thread_in_native, id=5065, stack(0x00007f50bef3a000,0x00007f50bf03b000)]
  0x00007f50f01d0000 JavaThread "last-ditch-daemon-shutdown-thread-30sec" daemon [_thread_blocked, id=5063, stack(0x00007f50bf03b000,0x00007f50bf13c000)]
  0x00007f50f0188000 JavaThread "Service Thread" daemon [_thread_blocked, id=5059, stack(0x00007f50bf23d000,0x00007f50bf33e000)]
  0x00007f50f0185000 JavaThread "C1 CompilerThread2" daemon [_thread_blocked, id=5058, stack(0x00007f50bf33e000,0x00007f50bf43f000)]
  0x00007f50f0183800 JavaThread "C2 CompilerThread1" daemon [_thread_blocked, id=5056, stack(0x00007f50bf43f000,0x00007f50bf540000)]
  0x00007f50f0180800 JavaThread "C2 CompilerThread0" daemon [_thread_blocked, id=5054, stack(0x00007f50bf540000,0x00007f50bf641000)]
  0x00007f50f017f000 JavaThread "Signal Dispatcher" daemon [_thread_blocked, id=5051, stack(0x00007f50dc088000,0x00007f50dc189000)]
  0x00007f50f014b000 JavaThread "Finalizer" daemon [_thread_blocked, id=5049, stack(0x00007f50dc189000,0x00007f50dc28a000)]
  0x00007f50f0146800 JavaThread "Reference Handler" daemon [_thread_blocked, id=5048, stack(0x00007f50dc28a000,0x00007f50dc38b000)]
  0x00007f50f0009800 JavaThread "main" [_thread_blocked, id=5036, stack(0x00007f50f6773000,0x00007f50f6874000)]

Other Threads:
=>0x00007f50f013e800 VMThread [stack: 0x00007f50dc38b000,0x00007f50dc48c000] [id=5046]
  0x00007f50f018b000 WatcherThread [stack: 0x00007f50bf13c000,0x00007f50bf23d000] [id=5061]

VM state:at safepoint (normal execution)

VM Mutex/Monitor currently owned by a thread:  ([mutex/lock_event])
[0x00007f50f0006020] Threads_lock - owner thread: 0x00007f50f013e800
[0x00007f50f0006520] Heap_lock - owner thread: 0x00007f50f0009800

Heap:
 PSYoungGen      total 254976K, used 10210K [0x00000000ec000000, 0x00000000fc400000, 0x0000000100000000)
  eden space 244736K, 0% used [0x00000000ec000000,0x00000000ec000000,0x00000000faf00000)
  from space 10240K, 99% used [0x00000000faf00000,0x00000000fb8f8850,0x00000000fb900000)
  to   space 9216K, 0% used [0x00000000fb900000,0x00000000fb900000,0x00000000fc200000)
 ParOldGen       total 40448K, used 21700K [0x00000000c4000000, 0x00000000c6780000, 0x00000000ec000000)
  object space 40448K, 53% used [0x00000000c4000000,0x00000000c55311b8,0x00000000c6780000)
 Metaspace       used 30262K, capacity 30800K, committed 31104K, reserved 1077248K
  class space    used 3415K, capacity 3585K, committed 3712K, reserved 1048576K

Card table byte_map: [0x00007f50e020d000,0x00007f50e03ee000] byte_map_base: 0x00007f50dfbed000

Marking Bits: (ParMarkBitMap*) 0x00007f50f5c43d60
 Begin Bits: [0x00007f50ddfca000, 0x00007f50deeca000)
 End Bits:   [0x00007f50deeca000, 0x00007f50dfdca000)

Polling page: 0x00007f50f6892000

CodeCache: size=245760Kb used=10185Kb max_used=10192Kb free=235574Kb
 bounds [0x00007f50e07ae000, 0x00007f50e11ae000, 0x00007f50ef7ae000]
 total_blobs=3329 nmethods=2935 adapters=306
 compilation: enabled

Compilation events (10 events):
Event: 60,712 Thread 0x00007f50f0185000 nmethod 3162 0x00007f50e1170110 code [0x00007f50e1170260, 0x00007f50e1170370]
Event: 60,715 Thread 0x00007f50f0185000 3164       3       org.mockito.asm.ByteVector::putUTF8 (397 bytes)
Event: 60,719 Thread 0x00007f50f0185000 nmethod 3164 0x00007f50e116e310 code [0x00007f50e116e580, 0x00007f50e116f648]
Event: 60,719 Thread 0x00007f50f0185000 3165       3       org.mockito.asm.ByteVector::put12 (64 bytes)
Event: 60,720 Thread 0x00007f50f0185000 nmethod 3165 0x00007f50e116dd90 code [0x00007f50e116df00, 0x00007f50e116e168]
Event: 60,720 Thread 0x00007f50f0185000 3166       3       org.mockito.asm.Type::getInternalName (20 bytes)
Event: 60,720 Thread 0x00007f50f0185000 nmethod 3166 0x00007f50e116d990 code [0x00007f50e116db00, 0x00007f50e116dce8]
Event: 60,720 Thread 0x00007f50f0185000 3167       1       org.mockito.cglib.core.ClassEmitter$1::getType (5 bytes)
Event: 60,720 Thread 0x00007f50f0185000 nmethod 3167 0x00007f50e116d6d0 code [0x00007f50e116d820, 0x00007f50e116d930]
Event: 60,751 Thread 0x00007f50f0185000 3169       3       org.mockito.asm.ClassWriter::put (147 bytes)

GC Heap History (10 events):
Event: 6,469 GC heap after
Heap after GC invocations=5 (full 0):
 PSYoungGen      total 64000K, used 2552K [0x00000000ec000000, 0x00000000f4800000, 0x0000000100000000)
  eden space 61440K, 0% used [0x00000000ec000000,0x00000000ec000000,0x00000000efc00000)
  from space 2560K, 99% used [0x00000000efc00000,0x00000000efe7e150,0x00000000efe80000)
  to   space 8192K, 0% used [0x00000000f4000000,0x00000000f4000000,0x00000000f4800000)
 ParOldGen       total 40960K, used 11671K [0x00000000c4000000, 0x00000000c6800000, 0x00000000ec000000)
  object space 40960K, 28% used [0x00000000c4000000,0x00000000c4b65c90,0x00000000c6800000)
 Metaspace       used 13910K, capacity 14154K, committed 14464K, reserved 1062912K
  class space    used 1513K, capacity 1602K, committed 1664K, reserved 1048576K
}
Event: 8,157 GC heap before
{Heap before GC invocations=6 (full 0):
 PSYoungGen      total 64000K, used 63992K [0x00000000ec000000, 0x00000000f4800000, 0x0000000100000000)
  eden space 61440K, 100% used [0x00000000ec000000,0x00000000efc00000,0x00000000efc00000)
  from space 2560K, 99% used [0x00000000efc00000,0x00000000efe7e150,0x00000000efe80000)
  to   space 8192K, 0% used [0x00000000f4000000,0x00000000f4000000,0x00000000f4800000)
 ParOldGen       total 40960K, used 11671K [0x00000000c4000000, 0x00000000c6800000, 0x00000000ec000000)
  object space 40960K, 28% used [0x00000000c4000000,0x00000000c4b65c90,0x00000000c6800000)
 Metaspace       used 13942K, capacity 14218K, committed 14464K, reserved 1062912K
  class space    used 1513K, capacity 1602K, committed 1664K, reserved 1048576K
Event: 8,187 GC heap after
Heap after GC invocations=6 (full 0):
 PSYoungGen      total 131072K, used 4568K [0x00000000ec000000, 0x00000000f4800000, 0x0000000100000000)
  eden space 122880K, 0% used [0x00000000ec000000,0x00000000ec000000,0x00000000f3800000)
  from space 8192K, 55% used [0x00000000f4000000,0x00000000f4476018,0x00000000f4800000)
  to   space 8192K, 0% used [0x00000000f3800000,0x00000000f3800000,0x00000000f4000000)
 ParOldGen       total 40960K, used 11679K [0x00000000c4000000, 0x00000000c6800000, 0x00000000ec000000)
  object space 40960K, 28% used [0x00000000c4000000,0x00000000c4b67c90,0x00000000c6800000)
 Metaspace       used 13942K, capacity 14218K, committed 14464K, reserved 1062912K
  class space    used 1513K, capacity 1602K, committed 1664K, reserved 1048576K
}
Event: 50,006 GC heap before
{Heap before GC invocations=7 (full 0):
 PSYoungGen      total 131072K, used 127448K [0x00000000ec000000, 0x00000000f4800000, 0x0000000100000000)
  eden space 122880K, 100% used [0x00000000ec000000,0x00000000f3800000,0x00000000f3800000)
  from space 8192K, 55% used [0x00000000f4000000,0x00000000f4476018,0x00000000f4800000)
  to   space 8192K, 0% used [0x00000000f3800000,0x00000000f3800000,0x00000000f4000000)
 ParOldGen       total 40960K, used 11679K [0x00000000c4000000, 0x00000000c6800000, 0x00000000ec000000)
  object space 40960K, 28% used [0x00000000c4000000,0x00000000c4b67c90,0x00000000c6800000)
 Metaspace       used 16295K, capacity 16598K, committed 16768K, reserved 1064960K
  class space    used 1776K, capacity 1860K, committed 1920K, reserved 1048576K
Event: 50,026 GC heap after
Heap after GC invocations=7 (full 0):
 PSYoungGen      total 131072K, used 8121K [0x00000000ec000000, 0x00000000fc200000, 0x0000000100000000)
  eden space 122880K, 0% used [0x00000000ec000000,0x00000000ec000000,0x00000000f3800000)
  from space 8192K, 99% used [0x00000000f3800000,0x00000000f3fee790,0x00000000f4000000)
  to   space 9216K, 0% used [0x00000000fb900000,0x00000000fb900000,0x00000000fc200000)
 ParOldGen       total 40960K, used 12508K [0x00000000c4000000, 0x00000000c6800000, 0x00000000ec000000)
  object space 40960K, 30% used [0x00000000c4000000,0x00000000c4c37148,0x00000000c6800000)
 Metaspace       used 16295K, capacity 16598K, committed 16768K, reserved 1064960K
  class space    used 1776K, capacity 1860K, committed 1920K, reserved 1048576K
}
Event: 51,070 GC heap before
{Heap before GC invocations=8 (full 0):
 PSYoungGen      total 131072K, used 126468K [0x00000000ec000000, 0x00000000fc200000, 0x0000000100000000)
  eden space 122880K, 96% used [0x00000000ec000000,0x00000000f33929a0,0x00000000f3800000)
  from space 8192K, 99% used [0x00000000f3800000,0x00000000f3fee790,0x00000000f4000000)
  to   space 9216K, 0% used [0x00000000fb900000,0x00000000fb900000,0x00000000fc200000)
 ParOldGen       total 40960K, used 12508K [0x00000000c4000000, 0x00000000c6800000, 0x00000000ec000000)
  object space 40960K, 30% used [0x00000000c4000000,0x00000000c4c37148,0x00000000c6800000)
 Metaspace       used 20804K, capacity 21000K, committed 21296K, reserved 1069056K
  class space    used 2329K, capacity 2407K, committed 2432K, reserved 1048576K
Event: 51,085 GC heap after
Heap after GC invocations=8 (full 0):
 PSYoungGen      total 253952K, used 8930K [0x00000000ec000000, 0x00000000fc400000, 0x0000000100000000)
  eden space 244736K, 0% used [0x00000000ec000000,0x00000000ec000000,0x00000000faf00000)
  from space 9216K, 96% used [0x00000000fb900000,0x00000000fc1b89a8,0x00000000fc200000)
  to   space 10240K, 0% used [0x00000000faf00000,0x00000000faf00000,0x00000000fb900000)
 ParOldGen       total 40960K, used 13228K [0x00000000c4000000, 0x00000000c6800000, 0x00000000ec000000)
  object space 40960K, 32% used [0x00000000c4000000,0x00000000c4ceb158,0x00000000c6800000)
 Metaspace       used 20804K, capacity 21000K, committed 21296K, reserved 1069056K
  class space    used 2329K, capacity 2407K, committed 2432K, reserved 1048576K
}
Event: 51,085 GC heap before
{Heap before GC invocations=9 (full 1):
 PSYoungGen      total 253952K, used 8930K [0x00000000ec000000, 0x00000000fc400000, 0x0000000100000000)
  eden space 244736K, 0% used [0x00000000ec000000,0x00000000ec000000,0x00000000faf00000)
  from space 9216K, 96% used [0x00000000fb900000,0x00000000fc1b89a8,0x00000000fc200000)
  to   space 10240K, 0% used [0x00000000faf00000,0x00000000faf00000,0x00000000fb900000)
 ParOldGen       total 40960K, used 13228K [0x00000000c4000000, 0x00000000c6800000, 0x00000000ec000000)
  object space 40960K, 32% used [0x00000000c4000000,0x00000000c4ceb158,0x00000000c6800000)
 Metaspace       used 20804K, capacity 21000K, committed 21296K, reserved 1069056K
  class space    used 2329K, capacity 2407K, committed 2432K, reserved 1048576K
Event: 51,176 GC heap after
Heap after GC invocations=9 (full 1):
 PSYoungGen      total 253952K, used 0K [0x00000000ec000000, 0x00000000fc400000, 0x0000000100000000)
  eden space 244736K, 0% used [0x00000000ec000000,0x00000000ec000000,0x00000000faf00000)
  from space 9216K, 0% used [0x00000000fb900000,0x00000000fb900000,0x00000000fc200000)
  to   space 10240K, 0% used [0x00000000faf00000,0x00000000faf00000,0x00000000fb900000)
 ParOldGen       total 40448K, used 17841K [0x00000000c4000000, 0x00000000c6780000, 0x00000000ec000000)
  object space 40448K, 44% used [0x00000000c4000000,0x00000000c516c740,0x00000000c6780000)
 Metaspace       used 20720K, capacity 20892K, committed 21296K, reserved 1069056K
  class space    used 2322K, capacity 2396K, committed 2432K, reserved 1048576K
}
Event: 60,810 GC heap before
{Heap before GC invocations=10 (full 1):
 PSYoungGen      total 253952K, used 244736K [0x00000000ec000000, 0x00000000fc400000, 0x0000000100000000)
  eden space 244736K, 100% used [0x00000000ec000000,0x00000000faf00000,0x00000000faf00000)
  from space 9216K, 0% used [0x00000000fb900000,0x00000000fb900000,0x00000000fc200000)
  to   space 10240K, 0% used [0x00000000faf00000,0x00000000faf00000,0x00000000fb900000)
 ParOldGen       total 40448K, used 17841K [0x00000000c4000000, 0x00000000c6780000, 0x00000000ec000000)
  object space 40448K, 44% used [0x00000000c4000000,0x00000000c516c740,0x00000000c6780000)
 Metaspace       used 30262K, capacity 30800K, committed 31104K, reserved 1077248K
  class space    used 3415K, capacity 3585K, committed 3712K, reserved 1048576K

Deoptimization events (10 events):
Event: 53,685 Thread 0x00007f50f0009800 Uncommon trap: reason=null_check action=make_not_entrant pc=0x00007f50e0db5374 method=javassist.compiler.MemberResolver.getInvalidNames()Ljava/util/Hashtable; @ 24
Event: 53,686 Thread 0x00007f50f0009800 Uncommon trap: reason=unstable_if action=reinterpret pc=0x00007f50e0cd34f4 method=javassist.ClassPool.get(Ljava/lang/String;)Ljavassist/CtClass; @ 17
Event: 53,696 Thread 0x00007f50f0009800 Uncommon trap: reason=unstable_if action=reinterpret pc=0x00007f50e0f3ae9c method=javassist.bytecode.AttributeInfo.read(Ljavassist/bytecode/ConstPool;Ljava/io/DataInputStream;)Ljavassist/bytecode/AttributeInfo; @ 265
Event: 53,738 Thread 0x00007f50f0009800 Uncommon trap: reason=class_check action=maybe_recompile pc=0x00007f50e0e375b8 method=javassist.bytecode.stackmap.Tracer.doInvokeMethod(I[BZ)I @ 106
Event: 53,810 Thread 0x00007f50f0009800 Uncommon trap: reason=unstable_if action=reinterpret pc=0x00007f50e0e8c97c method=java.util.HashMap$HashIterator.<init>(Ljava/util/HashMap;)V @ 45
Event: 53,917 Thread 0x00007f50f0009800 Uncommon trap: reason=unstable_if action=reinterpret pc=0x00007f50e0d96414 method=java.util.HashMap$HashIterator.<init>(Ljava/util/HashMap;)V @ 45
Event: 53,920 Thread 0x00007f50f0009800 Uncommon trap: reason=unstable_if action=reinterpret pc=0x00007f50e0d3712c method=java.util.HashMap$HashIterator.<init>(Ljava/util/HashMap;)V @ 45
Event: 54,449 Thread 0x00007f50f0009800 Uncommon trap: reason=predicate action=maybe_recompile pc=0x00007f50e1122e58 method=java.util.AbstractCollection.toArray([Ljava/lang/Object;)[Ljava/lang/Object; @ 49
Event: 54,522 Thread 0x00007f50f0009800 Uncommon trap: reason=class_check action=maybe_recompile pc=0x00007f50e0e375b8 method=javassist.bytecode.stackmap.Tracer.doInvokeMethod(I[BZ)I @ 106
Event: 54,940 Thread 0x00007f50f0009800 Uncommon trap: reason=class_check action=maybe_recompile pc=0x00007f50e0e375b8 method=javassist.bytecode.stackmap.Tracer.doInvokeMethod(I[BZ)I @ 106

Internal exceptions (10 events):
Event: 53,158 Thread 0x00007f50f0009800 Exception <a 'java/net/UnknownHostException'> (0x00000000ecc3a498) thrown at [/HUDSON/workspace/8-2-build-linux-amd64/jdk8u91/6644/hotspot/src/share/vm/prims/jni.cpp, line 709]
Event: 53,548 Thread 0x00007f50f0009800 Exception <a 'java/io/FileNotFoundException'> (0x00000000ed9db340) thrown at [/HUDSON/workspace/8-2-build-linux-amd64/jdk8u91/6644/hotspot/src/share/vm/prims/jni.cpp, line 709]
Event: 53,548 Thread 0x00007f50f0009800 Exception <a 'java/io/FileNotFoundException'> (0x00000000ed9dbec0) thrown at [/HUDSON/workspace/8-2-build-linux-amd64/jdk8u91/6644/hotspot/src/share/vm/prims/jni.cpp, line 709]
Event: 53,686 Thread 0x00007f50f0009800 Implicit null exception at 0x00007f50e0cd34a3 to 0x00007f50e0cd34e9
Event: 53,688 Thread 0x00007f50f0009800 Exception <a 'java/security/PrivilegedActionException'> (0x00000000ee2e34e0) thrown at [/HUDSON/workspace/8-2-build-linux-amd64/jdk8u91/6644/hotspot/src/share/vm/prims/jvm.cpp, line 1386]
Event: 53,688 Thread 0x00007f50f0009800 Exception <a 'java/security/PrivilegedActionException'> (0x00000000ee2e3ac0) thrown at [/HUDSON/workspace/8-2-build-linux-amd64/jdk8u91/6644/hotspot/src/share/vm/prims/jvm.cpp, line 1386]
Event: 54,489 Thread 0x00007f50f0009800 Exception <a 'java/security/PrivilegedActionException'> (0x00000000f4a7e600) thrown at [/HUDSON/workspace/8-2-build-linux-amd64/jdk8u91/6644/hotspot/src/share/vm/prims/jvm.cpp, line 1386]
Event: 54,489 Thread 0x00007f50f0009800 Exception <a 'java/security/PrivilegedActionException'> (0x00000000f4a7ebe0) thrown at [/HUDSON/workspace/8-2-build-linux-amd64/jdk8u91/6644/hotspot/src/share/vm/prims/jvm.cpp, line 1386]
Event: 54,915 Thread 0x00007f50f0009800 Exception <a 'java/security/PrivilegedActionException'> (0x00000000f6d54570) thrown at [/HUDSON/workspace/8-2-build-linux-amd64/jdk8u91/6644/hotspot/src/share/vm/prims/jvm.cpp, line 1386]
Event: 54,915 Thread 0x00007f50f0009800 Exception <a 'java/security/PrivilegedActionException'> (0x00000000f6d54b50) thrown at [/HUDSON/workspace/8-2-build-linux-amd64/jdk8u91/6644/hotspot/src/share/vm/prims/jvm.cpp, line 1386]

Events (10 events):
Event: 54,940 Thread 0x00007f50f0009800 Uncommon trap: trap_request=0xffffffde fr.pc=0x00007f50e0e375b8
Event: 54,940 Thread 0x00007f50f0009800 DEOPT PACKING pc=0x00007f50e0e375b8 sp=0x00007f50f68707e0
Event: 54,940 Thread 0x00007f50f0009800 DEOPT UNPACKING pc=0x00007f50e07b3229 sp=0x00007f50f6870738 mode 2
Event: 55,067 Thread 0x00007f50f0009800 DEOPT PACKING pc=0x00007f50e0cfe265 sp=0x00007f50f686f260
Event: 55,067 Thread 0x00007f50f0009800 DEOPT UNPACKING pc=0x00007f50e07f5633 sp=0x00007f50f686ef88 mode 0
Event: 55,088 Thread 0x00007f50f0009800 DEOPT PACKING pc=0x00007f50e0e1e970 sp=0x00007f50f686efd0
Event: 55,088 Thread 0x00007f50f0009800 DEOPT UNPACKING pc=0x00007f50e07f5633 sp=0x00007f50f686ed10 mode 0
Event: 55,675 loading class org/mockito/configuration/MockitoConfiguration
Event: 55,690 loading class org/mockito/configuration/MockitoConfiguration done
Event: 60,803 Executing VM operation: ParallelGCFailedAllocation


Dynamic libraries:
00400000-00401000 r-xp 00000000 08:02 1465883                            /usr/lib/jvm/java-8-oracle/jre/bin/java
00600000-00601000 rw-p 00000000 08:02 1465883                            /usr/lib/jvm/java-8-oracle/jre/bin/java
0107d000-0109e000 rw-p 00000000 00:00 0                                  [heap]
c4000000-c6780000 rw-p 00000000 00:00 0 
c6780000-ec000000 ---p 00000000 00:00 0 
ec000000-fc400000 rw-p 00000000 00:00 0 
100000000-1003a0000 rw-p 00000000 00:00 0 
1003a0000-140000000 ---p 00000000 00:00 0 
7f5098000000-7f5098021000 rw-p 00000000 00:00 0 
7f5098021000-7f509c000000 ---p 00000000 00:00 0 
7f509c000000-7f509c021000 rw-p 00000000 00:00 0 
7f509c021000-7f50a0000000 ---p 00000000 00:00 0 
7f50a0000000-7f50a0021000 rw-p 00000000 00:00 0 
7f50a0021000-7f50a4000000 ---p 00000000 00:00 0 
7f50a4000000-7f50a4021000 rw-p 00000000 00:00 0 
7f50a4021000-7f50a8000000 ---p 00000000 00:00 0 
7f50a8000000-7f50a8b99000 rw-p 00000000 00:00 0 
7f50a8b99000-7f50ac000000 ---p 00000000 00:00 0 
7f50ac000000-7f50ac021000 rw-p 00000000 00:00 0 
7f50ac021000-7f50b0000000 ---p 00000000 00:00 0 
7f50b0000000-7f50b1f4c000 rw-p 00000000 00:00 0 
7f50b1f4c000-7f50b4000000 ---p 00000000 00:00 0 
7f50b4000000-7f50b548f000 rw-p 00000000 00:00 0 
7f50b548f000-7f50b8000000 ---p 00000000 00:00 0 
7f50b8000000-7f50b8021000 rw-p 00000000 00:00 0 
7f50b8021000-7f50bc000000 ---p 00000000 00:00 0 
7f50bc7f0000-7f50bc8b0000 rw-p 00000000 00:00 0 
7f50bc8b0000-7f50bc9f0000 ---p 00000000 00:00 0 
7f50bc9f0000-7f50bcbf0000 rw-p 00000000 00:00 0 
7f50bcbf0000-7f50bcdf0000 rw-p 00000000 00:00 0 
7f50bcdf0000-7f50bcdf7000 r-xp 00000000 08:02 1466206                    /usr/lib/jvm/java-8-oracle/jre/lib/amd64/libawt_headless.so
7f50bcdf7000-7f50bcff6000 ---p 00007000 08:02 1466206                    /usr/lib/jvm/java-8-oracle/jre/lib/amd64/libawt_headless.so
7f50bcff6000-7f50bcff7000 rw-p 00006000 08:02 1466206                    /usr/lib/jvm/java-8-oracle/jre/lib/amd64/libawt_headless.so
7f50bcff7000-7f50bd099000 r-xp 00000000 08:02 1466188                    /usr/lib/jvm/java-8-oracle/jre/lib/amd64/libawt.so
7f50bd099000-7f50bd299000 ---p 000a2000 08:02 1466188                    /usr/lib/jvm/java-8-oracle/jre/lib/amd64/libawt.so
7f50bd299000-7f50bd2a5000 rw-p 000a2000 08:02 1466188                    /usr/lib/jvm/java-8-oracle/jre/lib/amd64/libawt.so
7f50bd2a5000-7f50bd4c9000 rw-p 00000000 00:00 0 
7f50bd4c9000-7f50bd4cc000 ---p 00000000 00:00 0 
7f50bd4cc000-7f50bd5ca000 rw-p 00000000 00:00 0 
7f50bd5ca000-7f50bd5e1000 r-xp 00000000 08:02 398679                     /lib/x86_64-linux-gnu/libresolv-2.23.so
7f50bd5e1000-7f50bd7e1000 ---p 00017000 08:02 398679                     /lib/x86_64-linux-gnu/libresolv-2.23.so
7f50bd7e1000-7f50bd7e2000 r--p 00017000 08:02 398679                     /lib/x86_64-linux-gnu/libresolv-2.23.so
7f50bd7e2000-7f50bd7e3000 rw-p 00018000 08:02 398679                     /lib/x86_64-linux-gnu/libresolv-2.23.so
7f50bd7e3000-7f50bd7e5000 rw-p 00000000 00:00 0 
7f50bd7e5000-7f50bd7ea000 r-xp 00000000 08:02 398624                     /lib/x86_64-linux-gnu/libnss_dns-2.23.so
7f50bd7ea000-7f50bd9ea000 ---p 00005000 08:02 398624                     /lib/x86_64-linux-gnu/libnss_dns-2.23.so
7f50bd9ea000-7f50bd9eb000 r--p 00005000 08:02 398624                     /lib/x86_64-linux-gnu/libnss_dns-2.23.so
7f50bd9eb000-7f50bd9ec000 rw-p 00006000 08:02 398624                     /lib/x86_64-linux-gnu/libnss_dns-2.23.so
7f50bd9ec000-7f50bd9ee000 r-xp 00000000 08:02 398632                     /lib/x86_64-linux-gnu/libnss_mdns4_minimal.so.2
7f50bd9ee000-7f50bdbed000 ---p 00002000 08:02 398632                     /lib/x86_64-linux-gnu/libnss_mdns4_minimal.so.2
7f50bdbed000-7f50bdbee000 r--p 00001000 08:02 398632                     /lib/x86_64-linux-gnu/libnss_mdns4_minimal.so.2
7f50bdbee000-7f50bdbef000 rw-p 00002000 08:02 398632                     /lib/x86_64-linux-gnu/libnss_mdns4_minimal.so.2
7f50bdc0a000-7f50bdf0b000 rw-p 00000000 00:00 0 
7f50bdf0b000-7f50bdf21000 r-xp 00000000 08:02 1466195                    /usr/lib/jvm/java-8-oracle/jre/lib/amd64/libnet.so
7f50bdf21000-7f50be121000 ---p 00016000 08:02 1466195                    /usr/lib/jvm/java-8-oracle/jre/lib/amd64/libnet.so
7f50be121000-7f50be122000 rw-p 00016000 08:02 1466195                    /usr/lib/jvm/java-8-oracle/jre/lib/amd64/libnet.so
7f50be122000-7f50be322000 rw-p 00000000 00:00 0 
7f50be322000-7f50be522000 rw-p 00000000 00:00 0 
7f50be522000-7f50be722000 rw-p 00000000 00:00 0 
7f50be722000-7f50be922000 rw-p 00000000 00:00 0 
7f50be922000-7f50be935000 r--s 00344000 08:02 1466027                    /usr/lib/jvm/java-8-oracle/jre/lib/resources.jar
7f50be935000-7f50beb35000 rw-p 00000000 00:00 0 
7f50beb35000-7f50beb38000 r--s 0001a000 08:02 1466211                    /usr/lib/jvm/java-8-oracle/jre/lib/jce.jar
7f50beb38000-7f50bed38000 rw-p 00000000 00:00 0 
7f50bed38000-7f50bed3c000 r--s 00097000 08:02 1466041                    /usr/lib/jvm/java-8-oracle/jre/lib/jsse.jar
7f50bed3c000-7f50bed3f000 r--s 00010000 08:02 1049224                    /home/sam/.m2/repository/org/apache/maven/surefire/surefire-junit4/2.19.1/surefire-junit4-2.19.1.jar
7f50bed3f000-7f50bed40000 r--s 00000000 08:02 545152                     /home/sam/.m2/repository/org/jenkins-ci/test-annotations/1.2/test-annotations-1.2.jar
7f50bed40000-7f50bed41000 r--s 00000000 08:02 932856                     /home/sam/.m2/repository/org/codehaus/mojo/animal-sniffer-annotations/1.9/animal-sniffer-annotations-1.9.jar
7f50bed41000-7f50bed43000 r--s 00010000 08:02 794063                     /home/sam/.m2/repository/com/jcraft/jzlib/1.1.3-kohsuke-1/jzlib-1.1.3-kohsuke-1.jar
7f50bed43000-7f50bed46000 r--s 00006000 08:02 1050154                    /home/sam/.m2/repository/com/google/code/findbugs/jsr305/1.3.9/jsr305-1.3.9.jar
7f50bed46000-7f50bed66000 r--s 00173000 08:02 1050153                    /home/sam/.m2/repository/com/google/guava/guava/11.0.1/guava-11.0.1.jar
7f50bed66000-7f50bed67000 r--s 00004000 08:02 1050149                    /home/sam/.m2/repository/org/mindrot/jbcrypt/0.3m/jbcrypt-0.3m.jar
7f50bed67000-7f50bed69000 r--s 0000f000 08:02 934177                     /home/sam/.m2/repository/commons-fileupload/commons-fileupload/1.3.1-jenkins-1/commons-fileupload-1.3.1-jenkins-1.jar
7f50bed69000-7f50bed6d000 r--s 0000f000 08:02 1050147                    /home/sam/.m2/repository/com/google/code/findbugs/annotations/3.0.0/annotations-3.0.0.jar
7f50bed6d000-7f50bed6e000 r--s 00001000 08:02 1050145                    /home/sam/.m2/repository/org/kohsuke/access-modifier-annotation/1.4/access-modifier-annotation-1.4.jar
7f50bed6e000-7f50bed75000 r--s 0003a000 08:02 1050144                    /home/sam/.m2/repository/commons-codec/commons-codec/1.8/commons-codec-1.8.jar
7f50bed75000-7f50bed76000 r--s 00000000 08:02 545363                     /home/sam/.m2/repository/org/jenkins-ci/symbol-annotation/1.1/symbol-annotation-1.1.jar
7f50bed76000-7f50bed78000 r--s 00000000 08:02 1050141                    /home/sam/.m2/repository/org/jvnet/robust-http-client/robust-http-client/1.2/robust-http-client-1.2.jar
7f50bed78000-7f50bed79000 r--s 00001000 08:02 934175                     /home/sam/.m2/repository/org/kohsuke/metainf-services/metainf-services/1.4/metainf-services-1.4.jar
7f50bed79000-7f50bed80000 r--s 0005b000 08:02 1050139                    /home/sam/.m2/repository/org/samba/jcifs/jcifs/1.3.17-kohsuke-1/jcifs-1.3.17-kohsuke-1.jar
7f50bed80000-7f50bed83000 r--s 0001a000 08:02 1050137                    /home/sam/.m2/repository/org/kohsuke/jinterop/j-interopdeps/2.0.6-kohsuke-1/j-interopdeps-2.0.6-kohsuke-1.jar
7f50bed83000-7f50bed89000 r--s 00059000 08:02 1050136                    /home/sam/.m2/repository/org/kohsuke/jinterop/j-interop/2.0.6-kohsuke-1/j-interop-2.0.6-kohsuke-1.jar
7f50bed89000-7f50bed8b000 r--s 00005000 08:02 1051307                    /home/sam/.m2/repository/net/java/sezpoz/sezpoz/1.11/sezpoz-1.11.jar
7f50bed8b000-7f50bed8c000 r--s 00001000 08:02 671334                     /home/sam/.m2/repository/com/sun/solaris/embedded_su4j/1.1/embedded_su4j-1.1.jar
7f50bed8c000-7f50bed8f000 r--s 0000d000 08:02 1050131                    /home/sam/.m2/repository/org/jvnet/libzfs/libzfs/0.5/libzfs-0.5.jar
7f50bed8f000-7f50bed90000 r--s 00004000 08:02 1050130                    /home/sam/.m2/repository/org/kohsuke/libpam4j/1.8/libpam4j-1.8.jar
7f50bed90000-7f50bed91000 r--s 00004000 08:02 1050127                    /home/sam/.m2/repository/org/kohsuke/akuma/1.10/akuma-1.10.jar
7f50bed91000-7f50bed95000 r--s 00112000 08:02 1050126                    /home/sam/.m2/repository/net/java/dev/jna/jna/4.2.1/jna-4.2.1.jar
7f50bed95000-7f50bed9b000 r--s 0005a000 08:02 545362                     /home/sam/.m2/repository/org/jenkins-ci/jmdns/3.4.0-jenkins-3/jmdns-3.4.0-jenkins-3.jar
7f50bed9b000-7f50bed9d000 r--s 00005000 08:02 1050123                    /home/sam/.m2/repository/stax/stax-api/1.0.1/stax-api-1.0.1.jar
7f50bed9d000-7f50beda3000 r--s 0007a000 08:02 1050088                    /home/sam/.m2/repository/org/codehaus/woodstox/wstx-asl/3.2.9/wstx-asl-3.2.9.jar
7f50beda3000-7f50beda5000 r--s 00003000 08:02 545359                     /home/sam/.m2/repository/org/jenkins-ci/memory-monitor/1.9/memory-monitor-1.9.jar
7f50beda5000-7f50beda7000 r--s 00004000 08:02 1050119                    /home/sam/.m2/repository/org/jvnet/winp/winp/1.22/winp-1.22.jar
7f50beda7000-7f50bedb5000 r--s 0007f000 08:02 934173                     /home/sam/.m2/repository/commons-collections/commons-collections/3.2.1/commons-collections-3.2.1.jar
7f50bedb5000-7f50bedb6000 r--s 00004000 08:02 1050117                    /home/sam/.m2/repository/relaxngDatatype/relaxngDatatype/20020414/relaxngDatatype-20020414.jar
7f50bedb6000-7f50bedb8000 r--s 00004000 08:02 1050109                    /home/sam/.m2/repository/javax/xml/stream/stax-api/1.0-2/stax-api-1.0-2.jar
7f50bedb8000-7f50bedbb000 r--s 0000e000 08:02 794061                     /home/sam/.m2/repository/com/sun/xml/txw2/txw2/20110809/txw2-20110809.jar
7f50bedbb000-7f50bedbc000 r--s 00001000 08:02 1050115                    /home/sam/.m2/repository/org/slf4j/slf4j-jdk14/1.7.7/slf4j-jdk14-1.7.7.jar
7f50bedbc000-7f50bedbd000 r--s 00005000 08:02 1050111                    /home/sam/.m2/repository/org/slf4j/log4j-over-slf4j/1.7.7/log4j-over-slf4j-1.7.7.jar
7f50bedbd000-7f50bedbf000 r--s 00006000 08:02 1050110                    /home/sam/.m2/repository/org/slf4j/slf4j-api/1.7.7/slf4j-api-1.7.7.jar
7f50bedbf000-7f50bedc1000 r--s 00003000 08:02 1050108                    /home/sam/.m2/repository/org/slf4j/jcl-over-slf4j/1.7.7/jcl-over-slf4j-1.7.7.jar
7f50bedc1000-7f50bedc3000 r--s 00003000 08:02 934171                     /home/sam/.m2/repository/javax/servlet/jstl/1.1.0/jstl-1.1.0.jar
7f50bedc3000-7f50bedc4000 r--s 00004000 08:02 1048983                    /home/sam/.m2/repository/org/powermock/powermock-api-support/1.6.2/powermock-api-support-1.6.2.jar
7f50bedc4000-7f50bede2000 r--s 00110000 08:02 1048980                    /home/sam/.m2/repository/org/mockito/mockito-all/1.10.19/mockito-all-1.10.19.jar
7f50bede2000-7f50bede6000 r--s 00014000 08:02 1048978                    /home/sam/.m2/repository/org/powermock/powermock-api-mockito/1.6.2/powermock-api-mockito-1.6.2.jar
7f50bede6000-7f50bede8000 r--s 0000a000 08:02 1048974                    /home/sam/.m2/repository/org/powermock/powermock-reflect/1.6.2/powermock-reflect-1.6.2.jar
7f50bede8000-7f50bedf1000 r--s 000ae000 08:02 1048972                    /home/sam/.m2/repository/org/javassist/javassist/3.19.0-GA/javassist-3.19.0-GA.jar
7f50bedf1000-7f50bedf4000 r--s 00017000 08:02 1048970                    /home/sam/.m2/repository/org/powermock/powermock-core/1.6.2/powermock-core-1.6.2.jar
7f50bedf4000-7f50bedf5000 r--s 00003000 08:02 1048968                    /home/sam/.m2/repository/org/powermock/powermock-module-junit4-common/1.6.2/powermock-module-junit4-common-1.6.2.jar
7f50bedf5000-7f50bedf7000 r--s 0000a000 08:02 1048966                    /home/sam/.m2/repository/org/powermock/powermock-module-junit4/1.6.2/powermock-module-junit4-1.6.2.jar
7f50bedf7000-7f50bedf9000 r--s 00009000 08:02 1048977                    /home/sam/.m2/repository/org/objenesis/objenesis/2.1/objenesis-2.1.jar
7f50bedf9000-7f50bee15000 r--s 00103000 08:02 1050106                    /home/sam/.m2/repository/org/mockito/mockito-core/1.10.19/mockito-core-1.10.19.jar
7f50bee15000-7f50bee17000 r--s 00009000 08:02 1048988                    /home/sam/.m2/repository/org/hamcrest/hamcrest-core/1.3/hamcrest-core-1.3.jar
7f50bee17000-7f50bee1f000 r--s 00045000 08:02 1048967                    /home/sam/.m2/repository/junit/junit/4.12/junit-4.12.jar
7f50bee1f000-7f50bee22000 r--s 0001b000 08:02 1050104                    /home/sam/.m2/repository/xpp3/xpp3/1.1.4c/xpp3-1.1.4c.jar
7f50bee22000-7f50bee2a000 r--s 00048000 08:02 1050101                    /home/sam/.m2/repository/org/springframework/spring-aop/2.5.6.SEC03/spring-aop-2.5.6.SEC03.jar
7f50bee2a000-7f50bee30000 r--s 00040000 08:02 1050099                    /home/sam/.m2/repository/org/springframework/spring-core/2.5.6.SEC03/spring-core-2.5.6.SEC03.jar
7f50bee30000-7f50bee35000 r--s 0002b000 08:02 1050097                    /home/sam/.m2/repository/org/springframework/spring-web/2.5.6.SEC03/spring-web-2.5.6.SEC03.jar
7f50bee35000-7f50bee38000 r--s 00015000 08:02 1050095                    /home/sam/.m2/repository/org/springframework/spring-context-support/2.5.6.SEC03/spring-context-support-2.5.6.SEC03.jar
7f50bee38000-7f50bee44000 r--s 00069000 08:02 1050093                    /home/sam/.m2/repository/org/springframework/spring-context/2.5.6.SEC03/spring-context-2.5.6.SEC03.jar
7f50bee44000-7f50bee4e000 r--s 0006e000 08:02 1050092                    /home/sam/.m2/repository/org/springframework/spring-beans/2.5.6.SEC03/spring-beans-2.5.6.SEC03.jar
7f50bee4e000-7f50bee57000 r--s 0005a000 08:02 1050089                    /home/sam/.m2/repository/org/springframework/spring-webmvc/2.5.6.SEC03/spring-webmvc-2.5.6.SEC03.jar
7f50bee57000-7f50bee59000 r--s 0001a000 08:02 1050087                    /home/sam/.m2/repository/org/fusesource/jansi/jansi/1.11/jansi-1.11.jar
7f50bee59000-7f50bee5d000 r--s 00031000 08:02 934169                     /home/sam/.m2/repository/jline/jline/2.12/jline-2.12.jar
7f50bee5d000-7f50beecd000 r--s 00641000 08:02 1200805                    /home/sam/.m2/repository/org/codehaus/groovy/groovy-all/2.4.7/groovy-all-2.4.7.jar
7f50beecd000-7f50beed6000 r--s 0006f000 08:02 545357                     /home/sam/.m2/repository/log4j/log4j/1.2.17/log4j-1.2.17.jar
7f50beed6000-7f50beed8000 r--s 0000e000 08:02 933629                     /home/sam/.m2/repository/oro/oro/2.0.8/oro-2.0.8.jar
7f50beed8000-7f50beedc000 r--s 00014000 08:02 1050083                    /home/sam/.m2/repository/org/springframework/spring-dao/1.2.9/spring-dao-1.2.9.jar
7f50beedc000-7f50beee1000 r--s 00029000 08:02 1050081                    /home/sam/.m2/repository/org/springframework/spring-jdbc/1.2.9/spring-jdbc-1.2.9.jar
7f50beee1000-7f50beeee000 r--s 00079000 08:02 1050079                    /home/sam/.m2/repository/org/acegisecurity/acegi-security/1.0.7/acegi-security-1.0.7.jar
7f50beeee000-7f50beef2000 r--s 0001f000 08:02 545355                     /home/sam/.m2/repository/org/jenkins-ci/commons-jexl/1.1-jenkins-20111212/commons-jexl-1.1-jenkins-20111212.jar
7f50beef2000-7f50beef4000 r--s 00004000 08:02 1050077                    /home/sam/.m2/repository/org/jvnet/hudson/commons-jelly-tags-define/1.0.1-hudson-20071021/commons-jelly-tags-define-1.0.1-hudson-20071021.jar
7f50beef4000-7f50beef6000 r--s 00008000 08:02 1050076                    /home/sam/.m2/repository/commons-jelly/commons-jelly-tags-xml/1.1/commons-jelly-tags-xml-1.1.jar
7f50beef6000-7f50beefc000 r--s 00035000 08:02 1050071                    /home/sam/.m2/repository/jaxen/jaxen/1.1-beta-11/jaxen-1.1-beta-11.jar
7f50beefc000-7f50beefe000 r--s 00010000 08:02 1050069                    /home/sam/.m2/repository/org/jvnet/hudson/activation/1.1.1-hudson-1/activation-1.1.1-hudson-1.jar
7f50beefe000-7f50bef05000 r--s 00072000 08:02 1050068                    /home/sam/.m2/repository/javax/mail/mail/1.4.4/mail-1.4.4.jar
7f50bef05000-7f50bef0c000 r--s 0005d000 08:02 1050065                    /home/sam/.m2/repository/org/apache/commons/commons-compress/1.10/commons-compress-1.10.jar
7f50bef0c000-7f50bef11000 r--s 00034000 08:02 1050063                    /home/sam/.m2/repository/commons-beanutils/commons-beanutils/1.8.3/commons-beanutils-1.8.3.jar
7f50bef11000-7f50bef17000 r--s 0002b000 08:02 1050061                    /home/sam/.m2/repository/commons-digester/commons-digester/2.1/commons-digester-2.1.jar
7f50bef17000-7f50bef1c000 r--s 00041000 08:02 933720                     /home/sam/.m2/repository/commons-lang/commons-lang/2.6/commons-lang-2.6.jar
7f50bef1c000-7f50bef3a000 r--s 001bd000 08:02 934163                     /home/sam/.m2/repository/org/apache/ant/ant/1.8.4/ant-1.8.4.jar
7f50bef3a000-7f50bef3d000 ---p 00000000 00:00 0 
7f50bef3d000-7f50bf03b000 rw-p 00000000 00:00 0 
7f50bf03b000-7f50bf03e000 ---p 00000000 00:00 0 
7f50bf03e000-7f50bf13c000 rw-p 00000000 00:00 0 
7f50bf13c000-7f50bf13d000 ---p 00000000 00:00 0 
7f50bf13d000-7f50bf23d000 rw-p 00000000 00:00 0 
7f50bf23d000-7f50bf240000 ---p 00000000 00:00 0 
7f50bf240000-7f50bf33e000 rw-p 00000000 00:00 0 
7f50bf33e000-7f50bf341000 ---p 00000000 00:00 0 
7f50bf341000-7f50bf43f000 rw-p 00000000 00:00 0 
7f50bf43f000-7f50bf442000 ---p 00000000 00:00 0 
7f50bf442000-7f50bf540000 rw-p 00000000 00:00 0 
7f50bf540000-7f50bf543000 ---p 00000000 00:00 0 
7f50bf543000-7f50bf641000 rw-p 00000000 00:00 0 
7f50bf641000-7f50c0000000 r--p 00000000 08:02 1319792                    /usr/lib/locale/locale-archive
7f50c0000000-7f50c0021000 rw-p 00000000 00:00 0 
7f50c0021000-7f50c4000000 ---p 00000000 00:00 0 
7f50c4000000-7f50c4021000 rw-p 00000000 00:00 0 
7f50c4021000-7f50c8000000 ---p 00000000 00:00 0 
7f50c8000000-7f50c8021000 rw-p 00000000 00:00 0 
7f50c8021000-7f50cc000000 ---p 00000000 00:00 0 
7f50cc000000-7f50cc28c000 rw-p 00000000 00:00 0 
7f50cc28c000-7f50d0000000 ---p 00000000 00:00 0 
7f50d0000000-7f50d0024000 rw-p 00000000 00:00 0 
7f50d0024000-7f50d4000000 ---p 00000000 00:00 0 
7f50d4000000-7f50d4021000 rw-p 00000000 00:00 0 
7f50d4021000-7f50d8000000 ---p 00000000 00:00 0 
7f50d8000000-7f50d8021000 rw-p 00000000 00:00 0 
7f50d8021000-7f50dc000000 ---p 00000000 00:00 0 
7f50dc000000-7f50dc001000 r--s 00005000 08:02 1050073                    /home/sam/.m2/repository/commons-jelly/commons-jelly-tags-fmt/1.0/commons-jelly-tags-fmt-1.0.jar
7f50dc001000-7f50dc005000 r--s 0002a000 08:02 1050059                    /home/sam/.m2/repository/commons-io/commons-io/2.4/commons-io-2.4.jar
7f50dc005000-7f50dc008000 r--s 00015000 08:02 934168                     /home/sam/.m2/repository/javax/servlet/javax.servlet-api/3.1.0/javax.servlet-api-3.1.0.jar
7f50dc008000-7f50dc009000 r--s 00004000 08:02 934165                     /home/sam/.m2/repository/org/apache/ant/ant-launcher/1.8.4/ant-launcher-1.8.4.jar
7f50dc009000-7f50dc00f000 r--s 00046000 08:02 1050057                    /home/sam/.m2/repository/jfree/jcommon/1.0.12/jcommon-1.0.12.jar
7f50dc00f000-7f50dc01e000 r--s 0012d000 08:02 1050055                    /home/sam/.m2/repository/jfree/jfreechart/1.0.9/jfreechart-1.0.9.jar
7f50dc01e000-7f50dc02c000 r--s 00075000 08:02 1050054                    /home/sam/.m2/repository/org/jvnet/hudson/xstream/1.4.7-jenkins-1/xstream-1.4.7-jenkins-1.jar
7f50dc02c000-7f50dc032000 r--s 00067000 08:02 1050051                    /home/sam/.m2/repository/antlr/antlr/2.7.6/antlr-2.7.6.jar
7f50dc032000-7f50dc033000 r--s 00001000 08:02 934030                     /home/sam/.m2/repository/org/jvnet/localizer/localizer/1.23/localizer-1.23.jar
7f50dc033000-7f50dc034000 r--s 00004000 08:02 545350                     /home/sam/.m2/repository/org/jenkins-ci/task-reactor/1.4/task-reactor-1.4.jar
7f50dc034000-7f50dc039000 r--s 00058000 08:02 1050041                    /home/sam/.m2/repository/org/kohsuke/asm5/5.0.1/asm5-5.0.1.jar
7f50dc039000-7f50dc03b000 r--s 00008000 08:02 545351                     /home/sam/.m2/repository/org/jenkins-ci/bytecode-compatibility-transformer/1.8/bytecode-compatibility-transformer-1.8.jar
7f50dc03b000-7f50dc03c000 r--s 00003000 08:02 1851903                    /home/sam/.m2/repository/org/jenkins-ci/annotation-indexer/1.11/annotation-indexer-1.11.jar
7f50dc03c000-7f50dc03f000 r--s 00013000 08:02 1050049                    /home/sam/.m2/repository/args4j/args4j/2.0.31/args4j-2.0.31.jar
7f50dc03f000-7f50dc045000 r--s 00045000 08:02 1050045                    /home/sam/.m2/repository/commons-httpclient/commons-httpclient/3.1/commons-httpclient-3.1.jar
7f50dc045000-7f50dc048000 r--s 00013000 08:02 1050030                    /home/sam/.m2/repository/net/sf/ezmorph/ezmorph/1.0.6/ezmorph-1.0.6.jar
7f50dc048000-7f50dc04a000 r--s 0000e000 08:02 794059                     /home/sam/.m2/repository/commons-logging/commons-logging/1.1.3/commons-logging-1.1.3.jar
7f50dc04a000-7f50dc04d000 r--s 00020000 08:02 934161                     /home/sam/.m2/repository/org/kohsuke/stapler/json-lib/2.4-jenkins-2/json-lib-2.4-jenkins-2.jar
7f50dc04d000-7f50dc04e000 r--s 00000000 08:02 794053                     /home/sam/.m2/repository/com/infradna/tool/bridge-method-annotation/1.13/bridge-method-annotation-1.13.jar
7f50dc04e000-7f50dc051000 r--s 0002d000 08:02 1050042                    /home/sam/.m2/repository/org/kohsuke/stapler/stapler-adjunct-timeline/1.4/stapler-adjunct-timeline-1.4-tests.jar
7f50dc051000-7f50dc057000 r--s 0003e000 08:02 1050040                    /home/sam/.m2/repository/org/kohsuke/stapler/stapler-adjunct-codemirror/1.3/stapler-adjunct-codemirror-1.3.jar
7f50dc057000-7f50dc05b000 r--s 00025000 08:02 1050038                    /home/sam/.m2/repository/org/kohsuke/stapler/stapler-adjunct-timeline/1.4/stapler-adjunct-timeline-1.4.jar
7f50dc05b000-7f50dc05c000 r--s 00004000 08:02 1050036                    /home/sam/.m2/repository/org/kohsuke/stapler/stapler-adjunct-zeroclipboard/1.3.5-1/stapler-adjunct-zeroclipboard-1.3.5-1.jar
7f50dc05c000-7f50dc05e000 r--s 00000000 08:02 1050034                    /home/sam/.m2/repository/org/kohsuke/windows-package-checker/1.2/windows-package-checker-1.2.jar
7f50dc05e000-7f50dc060000 r--s 00003000 08:02 1050031                    /home/sam/.m2/repository/org/jvnet/tiger-types/2.2/tiger-types-2.2.jar
7f50dc060000-7f50dc063000 r--s 00010000 08:02 932709                     /home/sam/.m2/repository/commons-discovery/commons-discovery/0.4/commons-discovery-0.4.jar
7f50dc063000-7f50dc065000 r--s 00005000 08:02 1050029                    /home/sam/.m2/repository/javax/annotation/javax.annotation-api/1.2/javax.annotation-api-1.2.jar
7f50dc065000-7f50dc06d000 r--s 00055000 08:02 1050027                    /home/sam/.m2/repository/org/kohsuke/stapler/stapler/1.243/stapler-1.243.jar
7f50dc06d000-7f50dc072000 r--s 0003a000 08:02 545347                     /home/sam/.m2/repository/org/jenkins-ci/dom4j/dom4j/1.6.1-jenkins-4/dom4j-1.6.1-jenkins-4.jar
7f50dc072000-7f50dc076000 r--s 00026000 08:02 545345                     /home/sam/.m2/repository/org/jenkins-ci/commons-jelly/1.1-jenkins-20120928/commons-jelly-1.1-jenkins-20120928.jar
7f50dc076000-7f50dc079000 r--s 00013000 08:02 1050023                    /home/sam/.m2/repository/org/kohsuke/stapler/stapler-jelly/1.243/stapler-jelly-1.243.jar
7f50dc079000-7f50dc07b000 r--s 00007000 08:02 1050021                    /home/sam/.m2/repository/org/kohsuke/stapler/stapler-groovy/1.243/stapler-groovy-1.243.jar
7f50dc07b000-7f50dc080000 r--s 0003c000 08:02 545338                     /home/sam/.m2/repository/org/jenkins-ci/trilead-ssh2/build217-jenkins-8/trilead-ssh2-build217-jenkins-8.jar
7f50dc080000-7f50dc085000 r--s 00048000 08:02 794055                     /home/sam/.m2/repository/com/github/jnr/jnr-constants/0.8.5/jnr-constants-0.8.5.jar
7f50dc085000-7f50dc088000 r--s 00033000 08:02 794054                     /home/sam/.m2/repository/com/github/jnr/jnr-x86asm/1.0.2/jnr-x86asm-1.0.2.jar
7f50dc088000-7f50dc08b000 ---p 00000000 00:00 0 
7f50dc08b000-7f50dc189000 rw-p 00000000 00:00 0 
7f50dc189000-7f50dc18c000 ---p 00000000 00:00 0 
7f50dc18c000-7f50dc28a000 rw-p 00000000 00:00 0 
7f50dc28a000-7f50dc28d000 ---p 00000000 00:00 0 
7f50dc28d000-7f50dc38b000 rw-p 00000000 00:00 0 
7f50dc38b000-7f50dc38c000 ---p 00000000 00:00 0 
7f50dc38c000-7f50dd39b000 rw-p 00000000 00:00 0 
7f50dd39b000-7f50dd574000 r--s 03d1f000 08:02 1465989                    /usr/lib/jvm/java-8-oracle/jre/lib/rt.jar
7f50dd574000-7f50dfdca000 rw-p 00000000 00:00 0 
7f50dfdca000-7f50dfdcb000 ---p 00000000 00:00 0 
7f50dfdcb000-7f50dfecb000 rw-p 00000000 00:00 0 
7f50dfecb000-7f50dfecc000 ---p 00000000 00:00 0 
7f50dfecc000-7f50dffcc000 rw-p 00000000 00:00 0 
7f50dffcc000-7f50dffcd000 ---p 00000000 00:00 0 
7f50dffcd000-7f50e00e1000 rw-p 00000000 00:00 0 
7f50e00e1000-7f50e020d000 ---p 00000000 00:00 0 
7f50e020d000-7f50e0221000 rw-p 00000000 00:00 0 
7f50e0221000-7f50e034d000 ---p 00000000 00:00 0 
7f50e034d000-7f50e03cf000 rw-p 00000000 00:00 0 
7f50e03cf000-7f50e03ed000 ---p 00000000 00:00 0 
7f50e03ed000-7f50e0416000 rw-p 00000000 00:00 0 
7f50e0416000-7f50e07ae000 ---p 00000000 00:00 0 
7f50e07ae000-7f50e11ae000 rwxp 00000000 00:00 0 
7f50e11ae000-7f50ef7ae000 ---p 00000000 00:00 0 
7f50ef7ae000-7f50ef7c8000 r-xp 00000000 08:02 1466191                    /usr/lib/jvm/java-8-oracle/jre/lib/amd64/libzip.so
7f50ef7c8000-7f50ef9c8000 ---p 0001a000 08:02 1466191                    /usr/lib/jvm/java-8-oracle/jre/lib/amd64/libzip.so
7f50ef9c8000-7f50ef9c9000 rw-p 0001a000 08:02 1466191                    /usr/lib/jvm/java-8-oracle/jre/lib/amd64/libzip.so
7f50ef9c9000-7f50ef9d4000 r-xp 00000000 08:02 398626                     /lib/x86_64-linux-gnu/libnss_files-2.23.so
7f50ef9d4000-7f50efbd3000 ---p 0000b000 08:02 398626                     /lib/x86_64-linux-gnu/libnss_files-2.23.so
7f50efbd3000-7f50efbd4000 r--p 0000a000 08:02 398626                     /lib/x86_64-linux-gnu/libnss_files-2.23.so
7f50efbd4000-7f50efbd5000 rw-p 0000b000 08:02 398626                     /lib/x86_64-linux-gnu/libnss_files-2.23.so
7f50efbd5000-7f50efbdb000 rw-p 00000000 00:00 0 
7f50efbdb000-7f50efbe6000 r-xp 00000000 08:02 398636                     /lib/x86_64-linux-gnu/libnss_nis-2.23.so
7f50efbe6000-7f50efde5000 ---p 0000b000 08:02 398636                     /lib/x86_64-linux-gnu/libnss_nis-2.23.so
7f50efde5000-7f50efde6000 r--p 0000a000 08:02 398636                     /lib/x86_64-linux-gnu/libnss_nis-2.23.so
7f50efde6000-7f50efde7000 rw-p 0000b000 08:02 398636                     /lib/x86_64-linux-gnu/libnss_nis-2.23.so
7f50efde7000-7f50efdfd000 r-xp 00000000 08:02 398620                     /lib/x86_64-linux-gnu/libnsl-2.23.so
7f50efdfd000-7f50efffc000 ---p 00016000 08:02 398620                     /lib/x86_64-linux-gnu/libnsl-2.23.so
7f50efffc000-7f50efffd000 r--p 00015000 08:02 398620                     /lib/x86_64-linux-gnu/libnsl-2.23.so
7f50efffd000-7f50efffe000 rw-p 00016000 08:02 398620                     /lib/x86_64-linux-gnu/libnsl-2.23.so
7f50efffe000-7f50f0000000 rw-p 00000000 00:00 0 
7f50f0000000-7f50f12ab000 rw-p 00000000 00:00 0 
7f50f12ab000-7f50f4000000 ---p 00000000 00:00 0 
7f50f4000000-7f50f4001000 r--s 00001000 08:02 1050025                    /home/sam/.m2/repository/org/kohsuke/stapler/stapler-jrebel/1.243/stapler-jrebel-1.243.jar
7f50f4001000-7f50f4002000 r--s 00001000 08:02 1050019                    /home/sam/.m2/repository/org/kohsuke/trilead-putty-extension/1.2/trilead-putty-extension-1.2.jar
7f50f4002000-7f50f4004000 r--s 00008000 08:02 1050018                    /home/sam/.m2/repository/org/ow2/asm/asm-util/4.0/asm-util-4.0.jar
7f50f4004000-7f50f4006000 r--s 00004000 08:02 1050015                    /home/sam/.m2/repository/org/ow2/asm/asm-tree/4.0/asm-tree-4.0.jar
7f50f4006000-7f50f4007000 r--s 00004000 08:02 1050014                    /home/sam/.m2/repository/org/ow2/asm/asm-analysis/4.0/asm-analysis-4.0.jar
7f50f4007000-7f50f4017000 r--s 0008e000 08:02 671332                     /home/sam/.m2/repository/com/github/jnr/jnr-ffi/1.0.7/jnr-ffi-1.0.7.jar
7f50f4017000-7f50f4037000 r--s 0014c000 08:02 1050003                    /home/sam/.m2/repository/com/google/inject/guice/4.0-beta/guice-4.0-beta.jar
7f50f4037000-7f50f4038000 ---p 00000000 00:00 0 
7f50f4038000-7f50f4138000 rw-p 00000000 00:00 0 
7f50f4138000-7f50f4140000 r-xp 00000000 08:02 398622                     /lib/x86_64-linux-gnu/libnss_compat-2.23.so
7f50f4140000-7f50f433f000 ---p 00008000 08:02 398622                     /lib/x86_64-linux-gnu/libnss_compat-2.23.so
7f50f433f000-7f50f4340000 r--p 00007000 08:02 398622                     /lib/x86_64-linux-gnu/libnss_compat-2.23.so
7f50f4340000-7f50f4341000 rw-p 00008000 08:02 398622                     /lib/x86_64-linux-gnu/libnss_compat-2.23.so
7f50f4341000-7f50f436b000 r-xp 00000000 08:02 1466186                    /usr/lib/jvm/java-8-oracle/jre/lib/amd64/libjava.so
7f50f436b000-7f50f456b000 ---p 0002a000 08:02 1466186                    /usr/lib/jvm/java-8-oracle/jre/lib/amd64/libjava.so
7f50f456b000-7f50f456d000 rw-p 0002a000 08:02 1466186                    /usr/lib/jvm/java-8-oracle/jre/lib/amd64/libjava.so
7f50f456d000-7f50f457a000 r-xp 00000000 08:02 1466190                    /usr/lib/jvm/java-8-oracle/jre/lib/amd64/libverify.so
7f50f457a000-7f50f477a000 ---p 0000d000 08:02 1466190                    /usr/lib/jvm/java-8-oracle/jre/lib/amd64/libverify.so
7f50f477a000-7f50f477c000 rw-p 0000d000 08:02 1466190                    /usr/lib/jvm/java-8-oracle/jre/lib/amd64/libverify.so
7f50f477c000-7f50f4783000 r-xp 00000000 08:02 398681                     /lib/x86_64-linux-gnu/librt-2.23.so
7f50f4783000-7f50f4982000 ---p 00007000 08:02 398681                     /lib/x86_64-linux-gnu/librt-2.23.so
7f50f4982000-7f50f4983000 r--p 00006000 08:02 398681                     /lib/x86_64-linux-gnu/librt-2.23.so
7f50f4983000-7f50f4984000 rw-p 00007000 08:02 398681                     /lib/x86_64-linux-gnu/librt-2.23.so
7f50f4984000-7f50f4a8c000 r-xp 00000000 08:02 398597                     /lib/x86_64-linux-gnu/libm-2.23.so
7f50f4a8c000-7f50f4c8b000 ---p 00108000 08:02 398597                     /lib/x86_64-linux-gnu/libm-2.23.so
7f50f4c8b000-7f50f4c8c000 r--p 00107000 08:02 398597                     /lib/x86_64-linux-gnu/libm-2.23.so
7f50f4c8c000-7f50f4c8d000 rw-p 00108000 08:02 398597                     /lib/x86_64-linux-gnu/libm-2.23.so
7f50f4c8d000-7f50f594d000 r-xp 00000000 08:02 1466169                    /usr/lib/jvm/java-8-oracle/jre/lib/amd64/server/libjvm.so
7f50f594d000-7f50f5b4d000 ---p 00cc0000 08:02 1466169                    /usr/lib/jvm/java-8-oracle/jre/lib/amd64/server/libjvm.so
7f50f5b4d000-7f50f5c25000 rw-p 00cc0000 08:02 1466169                    /usr/lib/jvm/java-8-oracle/jre/lib/amd64/server/libjvm.so
7f50f5c25000-7f50f5c70000 rw-p 00000000 00:00 0 
7f50f5c70000-7f50f5e30000 r-xp 00000000 08:02 398527                     /lib/x86_64-linux-gnu/libc-2.23.so
7f50f5e30000-7f50f602f000 ---p 001c0000 08:02 398527                     /lib/x86_64-linux-gnu/libc-2.23.so
7f50f602f000-7f50f6033000 r--p 001bf000 08:02 398527                     /lib/x86_64-linux-gnu/libc-2.23.so
7f50f6033000-7f50f6035000 rw-p 001c3000 08:02 398527                     /lib/x86_64-linux-gnu/libc-2.23.so
7f50f6035000-7f50f6039000 rw-p 00000000 00:00 0 
7f50f6039000-7f50f603c000 r-xp 00000000 08:02 398551                     /lib/x86_64-linux-gnu/libdl-2.23.so
7f50f603c000-7f50f623b000 ---p 00003000 08:02 398551                     /lib/x86_64-linux-gnu/libdl-2.23.so
7f50f623b000-7f50f623c000 r--p 00002000 08:02 398551                     /lib/x86_64-linux-gnu/libdl-2.23.so
7f50f623c000-7f50f623d000 rw-p 00003000 08:02 398551                     /lib/x86_64-linux-gnu/libdl-2.23.so
7f50f623d000-7f50f6252000 r-xp 00000000 08:02 1466164                    /usr/lib/jvm/java-8-oracle/jre/lib/amd64/jli/libjli.so
7f50f6252000-7f50f6452000 ---p 00015000 08:02 1466164                    /usr/lib/jvm/java-8-oracle/jre/lib/amd64/jli/libjli.so
7f50f6452000-7f50f6453000 rw-p 00015000 08:02 1466164                    /usr/lib/jvm/java-8-oracle/jre/lib/amd64/jli/libjli.so
7f50f6453000-7f50f646b000 r-xp 00000000 08:02 398673                     /lib/x86_64-linux-gnu/libpthread-2.23.so
7f50f646b000-7f50f666a000 ---p 00018000 08:02 398673                     /lib/x86_64-linux-gnu/libpthread-2.23.so
7f50f666a000-7f50f666b000 r--p 00017000 08:02 398673                     /lib/x86_64-linux-gnu/libpthread-2.23.so
7f50f666b000-7f50f666c000 rw-p 00018000 08:02 398673                     /lib/x86_64-linux-gnu/libpthread-2.23.so
7f50f666c000-7f50f6670000 rw-p 00000000 00:00 0 
7f50f6670000-7f50f6696000 r-xp 00000000 08:02 398499                     /lib/x86_64-linux-gnu/ld-2.23.so
7f50f6696000-7f50f6698000 r--s 00008000 08:02 1050006                    /home/sam/.m2/repository/org/ow2/asm/asm-commons/4.0/asm-commons-4.0.jar
7f50f6698000-7f50f669a000 r--s 0000a000 08:02 934159                     /home/sam/.m2/repository/org/ow2/asm/asm/4.0/asm-4.0.jar
7f50f669a000-7f50f669c000 r--s 0005d000 08:02 794051                     /home/sam/.m2/repository/com/github/jnr/jffi/1.2.7/jffi-1.2.7-native.jar
7f50f669c000-7f50f66a0000 r--s 00020000 08:02 794049                     /home/sam/.m2/repository/com/github/jnr/jffi/1.2.7/jffi-1.2.7.jar
7f50f66a0000-7f50f66a4000 r--s 00023000 08:02 671330                     /home/sam/.m2/repository/com/github/jnr/jnr-posix/3.0.1/jnr-posix-3.0.1.jar
7f50f66a4000-7f50f66a7000 r--s 00014000 08:02 1050009                    /home/sam/.m2/repository/org/jruby/ext/posix/jna-posix/1.0.3-jenkins-1/jna-posix-1.0.3-jenkins-1.jar
7f50f66a7000-7f50f66a9000 r--s 00000000 08:02 1050007                    /home/sam/.m2/repository/aopalliance/aopalliance/1.0/aopalliance-1.0.jar
7f50f66a9000-7f50f66ac000 r--s 0001c000 08:02 1050001                    /home/sam/.m2/repository/org/jvnet/hudson/jtidy/4aug2000r7-dev-hudson-1/jtidy-4aug2000r7-dev-hudson-1.jar
7f50f66ac000-7f50f66b6000 r--s 00078000 08:02 946644                     /home/sam/.m2/repository/org/jenkins-ci/main/remoting/2.60/remoting-2.60.jar
7f50f66b6000-7f50f6773000 rw-p 00000000 00:00 0 
7f50f6773000-7f50f6776000 ---p 00000000 00:00 0 
7f50f6776000-7f50f6878000 rw-p 00000000 00:00 0 
7f50f6878000-7f50f6879000 r--s 00000000 08:02 1050005                    /home/sam/.m2/repository/javax/inject/javax.inject/1/javax.inject-1.jar
7f50f6879000-7f50f687a000 r--s 00000000 08:02 545341                     /home/sam/.m2/repository/org/jenkins-ci/core-annotation-processors/1.0/core-annotation-processors-1.0.jar
7f50f687a000-7f50f687c000 r--s 00000000 08:02 545340                     /home/sam/.m2/repository/org/jenkins-ci/crypto-util/1.1/crypto-util-1.1.jar
7f50f687c000-7f50f687d000 r--s 00002000 08:02 545337                     /home/sam/.m2/repository/org/jenkins-ci/version-number/1.1/version-number-1.1.jar
7f50f687d000-7f50f687e000 r--s 00009000 08:02 821477                     /home/sam/Desktop/jenkins/cli/target/cli-2.13-SNAPSHOT.jar
7f50f687e000-7f50f687f000 r--s 00003000 08:02 545188                     /home/sam/.m2/repository/org/jenkins-ci/constant-pool-scanner/1.2/constant-pool-scanner-1.2.jar
7f50f687f000-7f50f6881000 r--s 00003000 08:02 545336                     /home/sam/.m2/repository/org/jenkins-ci/plugins/icon-shim/icon-set/1.0.5/icon-set-1.0.5.jar
7f50f6881000-7f50f6886000 r--s 0002b000 08:02 1049212                    /home/sam/.m2/repository/org/apache/maven/surefire/surefire-api/2.19.1/surefire-api-2.19.1.jar
7f50f6886000-7f50f6888000 r--s 0000a000 08:02 1049166                    /home/sam/.m2/repository/org/apache/maven/surefire/surefire-booter/2.19.1/surefire-booter-2.19.1.jar
7f50f6888000-7f50f6889000 r--s 00003000 08:02 929637                     /home/sam/Desktop/jenkins/core/target/surefire/surefirebooter1604481916419403925.jar
7f50f6889000-7f50f6891000 rw-s 00000000 08:02 541757                     /tmp/hsperfdata_sam/5029
7f50f6891000-7f50f6892000 rw-p 00000000 00:00 0 
7f50f6892000-7f50f6893000 ---p 00000000 00:00 0 
7f50f6893000-7f50f6895000 rw-p 00000000 00:00 0 
7f50f6895000-7f50f6896000 r--p 00025000 08:02 398499                     /lib/x86_64-linux-gnu/ld-2.23.so
7f50f6896000-7f50f6897000 rw-p 00026000 08:02 398499                     /lib/x86_64-linux-gnu/ld-2.23.so
7f50f6897000-7f50f6898000 rw-p 00000000 00:00 0 
7ffe11991000-7ffe119b2000 rw-p 00000000 00:00 0                          [stack]
7ffe119c0000-7ffe119c2000 r--p 00000000 00:00 0                          [vvar]
7ffe119c2000-7ffe119c4000 r-xp 00000000 00:00 0                          [vdso]
ffffffffff600000-ffffffffff601000 r-xp 00000000 00:00 0                  [vsyscall]

VM Arguments:
jvm_args: -XX:MaxPermSize=128m -Xverify:none 
java_command: /home/sam/Desktop/jenkins/core/target/surefire/surefirebooter1604481916419403925.jar /home/sam/Desktop/jenkins/core/target/surefire/surefire5888527664492556051tmp /home/sam/Desktop/jenkins/core/target/surefire/surefire_12529075437361144273tmp
java_class_path (initial): /home/sam/Desktop/jenkins/core/target/surefire/surefirebooter1604481916419403925.jar
Launcher Type: SUN_STANDARD

Environment Variables:
JAVA_HOME=/usr/lib/jvm/java-8-oracle
PATH=/usr/local/sbin:/usr/local/bin:/usr/sbin:/usr/bin:/sbin:/bin:/usr/games:/usr/local/games:/snap/bin
SHELL=/bin/bash
DISPLAY=:0

Signal Handlers:
SIGSEGV: [libjvm.so+0xabca10], sa_mask[0]=11111111011111111101111111111110, sa_flags=SA_RESTART|SA_SIGINFO
SIGBUS: [libjvm.so+0xabca10], sa_mask[0]=11111111011111111101111111111110, sa_flags=SA_RESTART|SA_SIGINFO
SIGFPE: [libjvm.so+0x919a20], sa_mask[0]=11111111011111111101111111111110, sa_flags=SA_RESTART|SA_SIGINFO
SIGPIPE: [libjvm.so+0x919a20], sa_mask[0]=11111111011111111101111111111110, sa_flags=SA_RESTART|SA_SIGINFO
SIGXFSZ: [libjvm.so+0x919a20], sa_mask[0]=11111111011111111101111111111110, sa_flags=SA_RESTART|SA_SIGINFO
SIGILL: [libjvm.so+0x919a20], sa_mask[0]=11111111011111111101111111111110, sa_flags=SA_RESTART|SA_SIGINFO
SIGUSR1: SIG_DFL, sa_mask[0]=00000000000000000000000000000000, sa_flags=none
SIGUSR2: [libjvm.so+0x91b050], sa_mask[0]=00100000000000000000000000000000, sa_flags=SA_RESTART|SA_SIGINFO
SIGHUP: [libjvm.so+0x91c450], sa_mask[0]=11111111011111111101111111111110, sa_flags=SA_RESTART|SA_SIGINFO
SIGINT: [libjvm.so+0x91c450], sa_mask[0]=11111111011111111101111111111110, sa_flags=SA_RESTART|SA_SIGINFO
SIGTERM: [libjvm.so+0x91c450], sa_mask[0]=11111111011111111101111111111110, sa_flags=SA_RESTART|SA_SIGINFO
SIGQUIT: [libjvm.so+0x91c450], sa_mask[0]=11111111011111111101111111111110, sa_flags=SA_RESTART|SA_SIGINFO


---------------  S Y S T E M  ---------------

OS:DISTRIB_ID=Ubuntu
DISTRIB_RELEASE=16.04
DISTRIB_CODENAME=xenial
DISTRIB_DESCRIPTION="Ubuntu 16.04 LTS"

uname:Linux 4.4.0-28-generic #47-Ubuntu SMP Fri Jun 24 10:09:13 UTC 2016 x86_64
libc:glibc 2.23 NPTL 2.23 
rlimit: STACK 8192k, CORE 0k, NPROC 15184, NOFILE 65536, AS infinity
load average:15,20 6,82 4,12

/proc/meminfo:
MemTotal:        3925892 kB
MemFree:          102268 kB
MemAvailable:       9836 kB
Buffers:             244 kB
Cached:           380824 kB
SwapCached:            0 kB
Active:          3333804 kB
Inactive:         320856 kB
Active(anon):    3330916 kB
Inactive(anon):   312564 kB
Active(file):       2888 kB
Inactive(file):     8292 kB
Unevictable:          44 kB
Mlocked:              44 kB
SwapTotal:             0 kB
SwapFree:              0 kB
Dirty:                68 kB
Writeback:             0 kB
AnonPages:       3275100 kB
Mapped:           133664 kB
Shmem:            368424 kB
Slab:              79540 kB
SReclaimable:      42464 kB
SUnreclaim:        37076 kB
KernelStack:       10288 kB
PageTables:        44256 kB
NFS_Unstable:          0 kB
Bounce:                0 kB
WritebackTmp:          0 kB
CommitLimit:     1962944 kB
Committed_AS:    7886368 kB
VmallocTotal:   34359738367 kB
VmallocUsed:           0 kB
VmallocChunk:          0 kB
HardwareCorrupted:     0 kB
AnonHugePages:   1200128 kB
CmaTotal:              0 kB
CmaFree:               0 kB
HugePages_Total:       0
HugePages_Free:        0
HugePages_Rsvd:        0
HugePages_Surp:        0
Hugepagesize:       2048 kB
DirectMap4k:      129788 kB
DirectMap2M:     3944448 kB


CPU:total 4 (2 cores per cpu, 2 threads per core) family 6 model 58 stepping 9, cmov, cx8, fxsr, mmx, sse, sse2, sse3, ssse3, sse4.1, sse4.2, popcnt, avx, aes, clmul, erms, ht, tsc, tscinvbit, tscinv

/proc/cpuinfo:
processor	: 0
vendor_id	: GenuineIntel
cpu family	: 6
model		: 58
model name	: Intel(R) Core(TM) i5-3337U CPU @ 1.80GHz
stepping	: 9
microcode	: 0x1c
cpu MHz		: 1370.531
cache size	: 3072 KB
physical id	: 0
siblings	: 4
core id		: 0
cpu cores	: 2
apicid		: 0
initial apicid	: 0
fpu		: yes
fpu_exception	: yes
cpuid level	: 13
wp		: yes
flags		: fpu vme de pse tsc msr pae mce cx8 apic sep mtrr pge mca cmov pat pse36 clflush dts acpi mmx fxsr sse sse2 ss ht tm pbe syscall nx rdtscp lm constant_tsc arch_perfmon pebs bts rep_good nopl xtopology nonstop_tsc aperfmperf eagerfpu pni pclmulqdq dtes64 monitor ds_cpl vmx est tm2 ssse3 cx16 xtpr pdcm pcid sse4_1 sse4_2 x2apic popcnt tsc_deadline_timer aes xsave avx f16c rdrand lahf_lm epb tpr_shadow vnmi flexpriority ept vpid fsgsbase smep erms xsaveopt dtherm ida arat pln pts
bugs		:
bogomips	: 3591.91
clflush size	: 64
cache_alignment	: 64
address sizes	: 36 bits physical, 48 bits virtual
power management:

processor	: 1
vendor_id	: GenuineIntel
cpu family	: 6
model		: 58
model name	: Intel(R) Core(TM) i5-3337U CPU @ 1.80GHz
stepping	: 9
microcode	: 0x1c
cpu MHz		: 1096.875
cache size	: 3072 KB
physical id	: 0
siblings	: 4
core id		: 0
cpu cores	: 2
apicid		: 1
initial apicid	: 1
fpu		: yes
fpu_exception	: yes
cpuid level	: 13
wp		: yes
flags		: fpu vme de pse tsc msr pae mce cx8 apic sep mtrr pge mca cmov pat pse36 clflush dts acpi mmx fxsr sse sse2 ss ht tm pbe syscall nx rdtscp lm constant_tsc arch_perfmon pebs bts rep_good nopl xtopology nonstop_tsc aperfmperf eagerfpu pni pclmulqdq dtes64 monitor ds_cpl vmx est tm2 ssse3 cx16 xtpr pdcm pcid sse4_1 sse4_2 x2apic popcnt tsc_deadline_timer aes xsave avx f16c rdrand lahf_lm epb tpr_shadow vnmi flexpriority ept vpid fsgsbase smep erms xsaveopt dtherm ida arat pln pts
bugs		:
bogomips	: 3591.91
clflush size	: 64
cache_alignment	: 64
address sizes	: 36 bits physical, 48 bits virtual
power management:

processor	: 2
vendor_id	: GenuineIntel
cpu family	: 6
model		: 58
model name	: Intel(R) Core(TM) i5-3337U CPU @ 1.80GHz
stepping	: 9
microcode	: 0x1c
cpu MHz		: 922.992
cache size	: 3072 KB
physical id	: 0
siblings	: 4
core id		: 1
cpu cores	: 2
apicid		: 2
initial apicid	: 2
fpu		: yes
fpu_exception	: yes
cpuid level	: 13
wp		: yes
flags		: fpu vme de pse tsc msr pae mce cx8 apic sep mtrr pge mca cmov pat pse36 clflush dts acpi mmx fxsr sse sse2 ss ht tm pbe syscall nx rdtscp lm constant_tsc arch_perfmon pebs bts rep_good nopl xtopology nonstop_tsc aperfmperf eagerfpu pni pclmulqdq dtes64 monitor ds_cpl vmx est tm2 ssse3 cx16 xtpr pdcm pcid sse4_1 sse4_2 x2apic popcnt tsc_deadline_timer aes xsave avx f16c rdrand lahf_lm epb tpr_shadow vnmi flexpriority ept vpid fsgsbase smep erms xsaveopt dtherm ida arat pln pts
bugs		:
bogomips	: 3591.91
clflush size	: 64
cache_alignment	: 64
address sizes	: 36 bits physical, 48 bits virtual
power management:

processor	: 3
vendor_id	: GenuineIntel
cpu family	: 6
model		: 58
model name	: Intel(R) Core(TM) i5-3337U CPU @ 1.80GHz
stepping	: 9
microcode	: 0x1c
cpu MHz		: 1354.078
cache size	: 3072 KB
physical id	: 0
siblings	: 4
core id		: 1
cpu cores	: 2
apicid		: 3
initial apicid	: 3
fpu		: yes
fpu_exception	: yes
cpuid level	: 13
wp		: yes
flags		: fpu vme de pse tsc msr pae mce cx8 apic sep mtrr pge mca cmov pat pse36 clflush dts acpi mmx fxsr sse sse2 ss ht tm pbe syscall nx rdtscp lm constant_tsc arch_perfmon pebs bts rep_good nopl xtopology nonstop_tsc aperfmperf eagerfpu pni pclmulqdq dtes64 monitor ds_cpl vmx est tm2 ssse3 cx16 xtpr pdcm pcid sse4_1 sse4_2 x2apic popcnt tsc_deadline_timer aes xsave avx f16c rdrand lahf_lm epb tpr_shadow vnmi flexpriority ept vpid fsgsbase smep erms xsaveopt dtherm ida arat pln pts
bugs		:
bogomips	: 3591.91
clflush size	: 64
cache_alignment	: 64
address sizes	: 36 bits physical, 48 bits virtual
power management:



Memory: 4k page, physical 3925892k(102708k free), swap 0k(0k free)

vm_info: Java HotSpot(TM) 64-Bit Server VM (25.91-b14) for linux-amd64 JRE (1.8.0_91-b14), built on Apr  1 2016 00:57:21 by "java_re" with gcc 4.3.0 20080428 (Red Hat 4.3.0-8)

time: Sat Jul 16 18:16:32 2016
elapsed time: 68 seconds (0d 0h 1m 8s)

